

================================================================
== Vivado HLS Report for 'copy_local_beta'
================================================================
* Date:           Thu Jul 29 20:17:13 2021

* Version:        2018.2 (Build 2258646 on Thu Jun 14 20:25:20 MDT 2018)
* Project:        Yolo_demo
* Solution:       solution1
* Product family: zynq
* Target device:  xc7z020clg400-1


================================================================
== Performance Estimates
================================================================
+ Timing (ns): 
    * Summary: 
    +--------+-------+----------+------------+
    |  Clock | Target| Estimated| Uncertainty|
    +--------+-------+----------+------------+
    |ap_clk  |  10.00|     7.242|        1.25|
    +--------+-------+----------+------------+

+ Latency (clock cycles): 
    * Summary: 
    +-----+-----+-----+-----+---------+
    |  Latency  |  Interval | Pipeline|
    | min | max | min | max |   Type  |
    +-----+-----+-----+-----+---------+
    |    ?|    ?|    ?|    ?|   none  |
    +-----+-----+-----+-----+---------+

    + Detail: 
        * Instance: 
        N/A

        * Loop: 
        +----------+-----+-----+----------+-----------+-----------+------+----------+
        |          |  Latency  | Iteration|  Initiation Interval  | Trip |          |
        | Loop Name| min | max |  Latency |  achieved |   target  | Count| Pipelined|
        +----------+-----+-----+----------+-----------+-----------+------+----------+
        |- Loop 1  |    ?|    ?|         2|          1|          1|     ?|    yes   |
        +----------+-----+-----+----------+-----------+-----------+------+----------+

============================================================
+ Verbose Summary: Synthesis Manager
============================================================
InlineROM: 1
ExposeGlobal: 0
============================================================
+ Verbose Summary: CDFG Model
============================================================
IsTopModel: 0
ResetActiveHigh: 1
IsCombinational: 0
IsDatapathOnly: 0
HasWiredReturn: 1
HasMFsm: 0
HasVarLatency: 1
IsPipeline: 0
IsRtlPipelined: 0
IsInstanceOverlapped: 0
IsDontTouch: 0
HasImplIP: 0
IsGatedGlobalClock: 0

+ Individual pipeline summary: 
  * Pipeline-0: initiation interval (II) = 1, depth = 2


============================================================
+ Verbose Summary: Schedule
============================================================
* Number of FSM states : 4
* Pipeline : 1
  Pipeline-0 : II = 1, D = 2, States = { 2 3 }
* Dataflow Pipeline: 0

* FSM state transitions: 
1 --> 
	2  / true
2 --> 
	4  / (!tmp_s)
	3  / (tmp_s)
3 --> 
	2  / true
4 --> 

* FSM state operations: 

State 1 <SV = 0> <Delay = 1.76>
ST_1 : Operation 5 [1/1] (0.00ns)   --->   "%local_beta_buffer31_s = alloca i32"   --->   Operation 5 'alloca' 'local_beta_buffer31_s' <Predicate = true> <Delay = 0.00>
ST_1 : Operation 6 [1/1] (0.00ns)   --->   "%write_flag = alloca i1"   --->   Operation 6 'alloca' 'write_flag' <Predicate = true> <Delay = 0.00>
ST_1 : Operation 7 [1/1] (0.00ns)   --->   "%write_flag31 = alloca i1"   --->   Operation 7 'alloca' 'write_flag31' <Predicate = true> <Delay = 0.00>
ST_1 : Operation 8 [1/1] (0.00ns)   --->   "%local_beta_buffer30_s = alloca i32"   --->   Operation 8 'alloca' 'local_beta_buffer30_s' <Predicate = true> <Delay = 0.00>
ST_1 : Operation 9 [1/1] (0.00ns)   --->   "%local_beta_buffer_s = alloca i32"   --->   Operation 9 'alloca' 'local_beta_buffer_s' <Predicate = true> <Delay = 0.00>
ST_1 : Operation 10 [1/1] (0.00ns)   --->   "%write_flag30 = alloca i1"   --->   Operation 10 'alloca' 'write_flag30' <Predicate = true> <Delay = 0.00>
ST_1 : Operation 11 [1/1] (0.00ns)   --->   "%local_beta_buffer299 = alloca i32"   --->   Operation 11 'alloca' 'local_beta_buffer299' <Predicate = true> <Delay = 0.00>
ST_1 : Operation 12 [1/1] (0.00ns)   --->   "%write_flag4 = alloca i1"   --->   Operation 12 'alloca' 'write_flag4' <Predicate = true> <Delay = 0.00>
ST_1 : Operation 13 [1/1] (0.00ns)   --->   "%write_flag29 = alloca i1"   --->   Operation 13 'alloca' 'write_flag29' <Predicate = true> <Delay = 0.00>
ST_1 : Operation 14 [1/1] (0.00ns)   --->   "%local_beta_buffer28_s = alloca i32"   --->   Operation 14 'alloca' 'local_beta_buffer28_s' <Predicate = true> <Delay = 0.00>
ST_1 : Operation 15 [1/1] (0.00ns)   --->   "%local_beta_buffer16_s = alloca i32"   --->   Operation 15 'alloca' 'local_beta_buffer16_s' <Predicate = true> <Delay = 0.00>
ST_1 : Operation 16 [1/1] (0.00ns)   --->   "%write_flag28 = alloca i1"   --->   Operation 16 'alloca' 'write_flag28' <Predicate = true> <Delay = 0.00>
ST_1 : Operation 17 [1/1] (0.00ns)   --->   "%local_beta_buffer27_s = alloca i32"   --->   Operation 17 'alloca' 'local_beta_buffer27_s' <Predicate = true> <Delay = 0.00>
ST_1 : Operation 18 [1/1] (0.00ns)   --->   "%write_flag8 = alloca i1"   --->   Operation 18 'alloca' 'write_flag8' <Predicate = true> <Delay = 0.00>
ST_1 : Operation 19 [1/1] (0.00ns)   --->   "%write_flag27 = alloca i1"   --->   Operation 19 'alloca' 'write_flag27' <Predicate = true> <Delay = 0.00>
ST_1 : Operation 20 [1/1] (0.00ns)   --->   "%local_beta_buffer26_s = alloca i32"   --->   Operation 20 'alloca' 'local_beta_buffer26_s' <Predicate = true> <Delay = 0.00>
ST_1 : Operation 21 [1/1] (0.00ns)   --->   "%local_beta_buffer2_s = alloca i32"   --->   Operation 21 'alloca' 'local_beta_buffer2_s' <Predicate = true> <Delay = 0.00>
ST_1 : Operation 22 [1/1] (0.00ns)   --->   "%write_flag26 = alloca i1"   --->   Operation 22 'alloca' 'write_flag26' <Predicate = true> <Delay = 0.00>
ST_1 : Operation 23 [1/1] (0.00ns)   --->   "%local_beta_buffer25_s = alloca i32"   --->   Operation 23 'alloca' 'local_beta_buffer25_s' <Predicate = true> <Delay = 0.00>
ST_1 : Operation 24 [1/1] (0.00ns)   --->   "%write_flag11 = alloca i1"   --->   Operation 24 'alloca' 'write_flag11' <Predicate = true> <Delay = 0.00>
ST_1 : Operation 25 [1/1] (0.00ns)   --->   "%write_flag25 = alloca i1"   --->   Operation 25 'alloca' 'write_flag25' <Predicate = true> <Delay = 0.00>
ST_1 : Operation 26 [1/1] (0.00ns)   --->   "%local_beta_buffer24_s = alloca i32"   --->   Operation 26 'alloca' 'local_beta_buffer24_s' <Predicate = true> <Delay = 0.00>
ST_1 : Operation 27 [1/1] (0.00ns)   --->   "%local_beta_buffer3_s = alloca i32"   --->   Operation 27 'alloca' 'local_beta_buffer3_s' <Predicate = true> <Delay = 0.00>
ST_1 : Operation 28 [1/1] (0.00ns)   --->   "%write_flag24 = alloca i1"   --->   Operation 28 'alloca' 'write_flag24' <Predicate = true> <Delay = 0.00>
ST_1 : Operation 29 [1/1] (0.00ns)   --->   "%local_beta_buffer23_s = alloca i32"   --->   Operation 29 'alloca' 'local_beta_buffer23_s' <Predicate = true> <Delay = 0.00>
ST_1 : Operation 30 [1/1] (0.00ns)   --->   "%write_flag14 = alloca i1"   --->   Operation 30 'alloca' 'write_flag14' <Predicate = true> <Delay = 0.00>
ST_1 : Operation 31 [1/1] (0.00ns)   --->   "%write_flag23 = alloca i1"   --->   Operation 31 'alloca' 'write_flag23' <Predicate = true> <Delay = 0.00>
ST_1 : Operation 32 [1/1] (0.00ns)   --->   "%local_beta_buffer22_s = alloca i32"   --->   Operation 32 'alloca' 'local_beta_buffer22_s' <Predicate = true> <Delay = 0.00>
ST_1 : Operation 33 [1/1] (0.00ns)   --->   "%local_beta_buffer4_s = alloca i32"   --->   Operation 33 'alloca' 'local_beta_buffer4_s' <Predicate = true> <Delay = 0.00>
ST_1 : Operation 34 [1/1] (0.00ns)   --->   "%write_flag22 = alloca i1"   --->   Operation 34 'alloca' 'write_flag22' <Predicate = true> <Delay = 0.00>
ST_1 : Operation 35 [1/1] (0.00ns)   --->   "%local_beta_buffer21_s = alloca i32"   --->   Operation 35 'alloca' 'local_beta_buffer21_s' <Predicate = true> <Delay = 0.00>
ST_1 : Operation 36 [1/1] (0.00ns)   --->   "%write_flag17 = alloca i1"   --->   Operation 36 'alloca' 'write_flag17' <Predicate = true> <Delay = 0.00>
ST_1 : Operation 37 [1/1] (0.00ns)   --->   "%write_flag21 = alloca i1"   --->   Operation 37 'alloca' 'write_flag21' <Predicate = true> <Delay = 0.00>
ST_1 : Operation 38 [1/1] (0.00ns)   --->   "%local_beta_buffer20_s = alloca i32"   --->   Operation 38 'alloca' 'local_beta_buffer20_s' <Predicate = true> <Delay = 0.00>
ST_1 : Operation 39 [1/1] (0.00ns)   --->   "%local_beta_buffer5_s = alloca i32"   --->   Operation 39 'alloca' 'local_beta_buffer5_s' <Predicate = true> <Delay = 0.00>
ST_1 : Operation 40 [1/1] (0.00ns)   --->   "%write_flag20 = alloca i1"   --->   Operation 40 'alloca' 'write_flag20' <Predicate = true> <Delay = 0.00>
ST_1 : Operation 41 [1/1] (0.00ns)   --->   "%local_beta_buffer19_s = alloca i32"   --->   Operation 41 'alloca' 'local_beta_buffer19_s' <Predicate = true> <Delay = 0.00>
ST_1 : Operation 42 [1/1] (0.00ns)   --->   "%write_flag19 = alloca i1"   --->   Operation 42 'alloca' 'write_flag19' <Predicate = true> <Delay = 0.00>
ST_1 : Operation 43 [1/1] (0.00ns)   --->   "%write_flag18 = alloca i1"   --->   Operation 43 'alloca' 'write_flag18' <Predicate = true> <Delay = 0.00>
ST_1 : Operation 44 [1/1] (0.00ns)   --->   "%local_beta_buffer18_s = alloca i32"   --->   Operation 44 'alloca' 'local_beta_buffer18_s' <Predicate = true> <Delay = 0.00>
ST_1 : Operation 45 [1/1] (0.00ns)   --->   "%local_beta_buffer6_s = alloca i32"   --->   Operation 45 'alloca' 'local_beta_buffer6_s' <Predicate = true> <Delay = 0.00>
ST_1 : Operation 46 [1/1] (0.00ns)   --->   "%write_flag16 = alloca i1"   --->   Operation 46 'alloca' 'write_flag16' <Predicate = true> <Delay = 0.00>
ST_1 : Operation 47 [1/1] (0.00ns)   --->   "%local_beta_buffer17_s = alloca i32"   --->   Operation 47 'alloca' 'local_beta_buffer17_s' <Predicate = true> <Delay = 0.00>
ST_1 : Operation 48 [1/1] (0.00ns)   --->   "%write_flag15 = alloca i1"   --->   Operation 48 'alloca' 'write_flag15' <Predicate = true> <Delay = 0.00>
ST_1 : Operation 49 [1/1] (0.00ns)   --->   "%write_flag13 = alloca i1"   --->   Operation 49 'alloca' 'write_flag13' <Predicate = true> <Delay = 0.00>
ST_1 : Operation 50 [1/1] (0.00ns)   --->   "%local_beta_buffer165 = alloca i32"   --->   Operation 50 'alloca' 'local_beta_buffer165' <Predicate = true> <Delay = 0.00>
ST_1 : Operation 51 [1/1] (0.00ns)   --->   "%local_beta_buffer7_s = alloca i32"   --->   Operation 51 'alloca' 'local_beta_buffer7_s' <Predicate = true> <Delay = 0.00>
ST_1 : Operation 52 [1/1] (0.00ns)   --->   "%write_flag12 = alloca i1"   --->   Operation 52 'alloca' 'write_flag12' <Predicate = true> <Delay = 0.00>
ST_1 : Operation 53 [1/1] (0.00ns)   --->   "%local_beta_buffer155 = alloca i32"   --->   Operation 53 'alloca' 'local_beta_buffer155' <Predicate = true> <Delay = 0.00>
ST_1 : Operation 54 [1/1] (0.00ns)   --->   "%write_flag10 = alloca i1"   --->   Operation 54 'alloca' 'write_flag10' <Predicate = true> <Delay = 0.00>
ST_1 : Operation 55 [1/1] (0.00ns)   --->   "%write_flag9 = alloca i1"   --->   Operation 55 'alloca' 'write_flag9' <Predicate = true> <Delay = 0.00>
ST_1 : Operation 56 [1/1] (0.00ns)   --->   "%local_beta_buffer14_s = alloca i32"   --->   Operation 56 'alloca' 'local_beta_buffer14_s' <Predicate = true> <Delay = 0.00>
ST_1 : Operation 57 [1/1] (0.00ns)   --->   "%local_beta_buffer8_s = alloca i32"   --->   Operation 57 'alloca' 'local_beta_buffer8_s' <Predicate = true> <Delay = 0.00>
ST_1 : Operation 58 [1/1] (0.00ns)   --->   "%write_flag7 = alloca i1"   --->   Operation 58 'alloca' 'write_flag7' <Predicate = true> <Delay = 0.00>
ST_1 : Operation 59 [1/1] (0.00ns)   --->   "%local_beta_buffer13_s = alloca i32"   --->   Operation 59 'alloca' 'local_beta_buffer13_s' <Predicate = true> <Delay = 0.00>
ST_1 : Operation 60 [1/1] (0.00ns)   --->   "%write_flag6 = alloca i1"   --->   Operation 60 'alloca' 'write_flag6' <Predicate = true> <Delay = 0.00>
ST_1 : Operation 61 [1/1] (0.00ns)   --->   "%write_flag5 = alloca i1"   --->   Operation 61 'alloca' 'write_flag5' <Predicate = true> <Delay = 0.00>
ST_1 : Operation 62 [1/1] (0.00ns)   --->   "%local_beta_buffer12_s = alloca i32"   --->   Operation 62 'alloca' 'local_beta_buffer12_s' <Predicate = true> <Delay = 0.00>
ST_1 : Operation 63 [1/1] (0.00ns)   --->   "%local_beta_buffer9_s = alloca i32"   --->   Operation 63 'alloca' 'local_beta_buffer9_s' <Predicate = true> <Delay = 0.00>
ST_1 : Operation 64 [1/1] (0.00ns)   --->   "%write_flag3 = alloca i1"   --->   Operation 64 'alloca' 'write_flag3' <Predicate = true> <Delay = 0.00>
ST_1 : Operation 65 [1/1] (0.00ns)   --->   "%local_beta_buffer11_s = alloca i32"   --->   Operation 65 'alloca' 'local_beta_buffer11_s' <Predicate = true> <Delay = 0.00>
ST_1 : Operation 66 [1/1] (0.00ns)   --->   "%write_flag2 = alloca i1"   --->   Operation 66 'alloca' 'write_flag2' <Predicate = true> <Delay = 0.00>
ST_1 : Operation 67 [1/1] (0.00ns)   --->   "%write_flag1 = alloca i1"   --->   Operation 67 'alloca' 'write_flag1' <Predicate = true> <Delay = 0.00>
ST_1 : Operation 68 [1/1] (0.00ns)   --->   "%local_beta_buffer10_s = alloca i32"   --->   Operation 68 'alloca' 'local_beta_buffer10_s' <Predicate = true> <Delay = 0.00>
ST_1 : Operation 69 [1/1] (0.00ns)   --->   "%InterSubBeta_read = call i8 @_ssdm_op_Read.ap_auto.i8(i8 %InterSubBeta)"   --->   Operation 69 'read' 'InterSubBeta_read' <Predicate = true> <Delay = 0.00>
ST_1 : Operation 70 [1/1] (0.00ns)   --->   "%m_read = call i32 @_ssdm_op_Read.ap_auto.i32(i32 %m)"   --->   Operation 70 'read' 'm_read' <Predicate = true> <Delay = 0.00>
ST_1 : Operation 71 [1/1] (0.00ns)   --->   "%TM_MIN_read = call i32 @_ssdm_op_Read.ap_auto.i32(i32 %TM_MIN)"   --->   Operation 71 'read' 'TM_MIN_read' <Predicate = true> <Delay = 0.00>
ST_1 : Operation 72 [1/1] (0.00ns)   --->   "%local_beta_buffer_31_2 = call i32 @_ssdm_op_Read.ap_auto.i32(i32 %local_beta_buffer_31)"   --->   Operation 72 'read' 'local_beta_buffer_31_2' <Predicate = true> <Delay = 0.00>
ST_1 : Operation 73 [1/1] (0.00ns)   --->   "%local_beta_buffer_30_2 = call i32 @_ssdm_op_Read.ap_auto.i32(i32 %local_beta_buffer_30)"   --->   Operation 73 'read' 'local_beta_buffer_30_2' <Predicate = true> <Delay = 0.00>
ST_1 : Operation 74 [1/1] (0.00ns)   --->   "%local_beta_buffer_29_2 = call i32 @_ssdm_op_Read.ap_auto.i32(i32 %local_beta_buffer_29)"   --->   Operation 74 'read' 'local_beta_buffer_29_2' <Predicate = true> <Delay = 0.00>
ST_1 : Operation 75 [1/1] (0.00ns)   --->   "%local_beta_buffer_28_2 = call i32 @_ssdm_op_Read.ap_auto.i32(i32 %local_beta_buffer_28)"   --->   Operation 75 'read' 'local_beta_buffer_28_2' <Predicate = true> <Delay = 0.00>
ST_1 : Operation 76 [1/1] (0.00ns)   --->   "%local_beta_buffer_27_2 = call i32 @_ssdm_op_Read.ap_auto.i32(i32 %local_beta_buffer_27)"   --->   Operation 76 'read' 'local_beta_buffer_27_2' <Predicate = true> <Delay = 0.00>
ST_1 : Operation 77 [1/1] (0.00ns)   --->   "%local_beta_buffer_26_2 = call i32 @_ssdm_op_Read.ap_auto.i32(i32 %local_beta_buffer_26)"   --->   Operation 77 'read' 'local_beta_buffer_26_2' <Predicate = true> <Delay = 0.00>
ST_1 : Operation 78 [1/1] (0.00ns)   --->   "%local_beta_buffer_25_2 = call i32 @_ssdm_op_Read.ap_auto.i32(i32 %local_beta_buffer_25)"   --->   Operation 78 'read' 'local_beta_buffer_25_2' <Predicate = true> <Delay = 0.00>
ST_1 : Operation 79 [1/1] (0.00ns)   --->   "%local_beta_buffer_24_2 = call i32 @_ssdm_op_Read.ap_auto.i32(i32 %local_beta_buffer_24)"   --->   Operation 79 'read' 'local_beta_buffer_24_2' <Predicate = true> <Delay = 0.00>
ST_1 : Operation 80 [1/1] (0.00ns)   --->   "%local_beta_buffer_23_2 = call i32 @_ssdm_op_Read.ap_auto.i32(i32 %local_beta_buffer_23)"   --->   Operation 80 'read' 'local_beta_buffer_23_2' <Predicate = true> <Delay = 0.00>
ST_1 : Operation 81 [1/1] (0.00ns)   --->   "%local_beta_buffer_22_2 = call i32 @_ssdm_op_Read.ap_auto.i32(i32 %local_beta_buffer_22)"   --->   Operation 81 'read' 'local_beta_buffer_22_2' <Predicate = true> <Delay = 0.00>
ST_1 : Operation 82 [1/1] (0.00ns)   --->   "%local_beta_buffer_21_2 = call i32 @_ssdm_op_Read.ap_auto.i32(i32 %local_beta_buffer_21)"   --->   Operation 82 'read' 'local_beta_buffer_21_2' <Predicate = true> <Delay = 0.00>
ST_1 : Operation 83 [1/1] (0.00ns)   --->   "%local_beta_buffer_20_2 = call i32 @_ssdm_op_Read.ap_auto.i32(i32 %local_beta_buffer_20)"   --->   Operation 83 'read' 'local_beta_buffer_20_2' <Predicate = true> <Delay = 0.00>
ST_1 : Operation 84 [1/1] (0.00ns)   --->   "%local_beta_buffer_19_2 = call i32 @_ssdm_op_Read.ap_auto.i32(i32 %local_beta_buffer_19)"   --->   Operation 84 'read' 'local_beta_buffer_19_2' <Predicate = true> <Delay = 0.00>
ST_1 : Operation 85 [1/1] (0.00ns)   --->   "%local_beta_buffer_18_2 = call i32 @_ssdm_op_Read.ap_auto.i32(i32 %local_beta_buffer_18)"   --->   Operation 85 'read' 'local_beta_buffer_18_2' <Predicate = true> <Delay = 0.00>
ST_1 : Operation 86 [1/1] (0.00ns)   --->   "%local_beta_buffer_17_2 = call i32 @_ssdm_op_Read.ap_auto.i32(i32 %local_beta_buffer_17)"   --->   Operation 86 'read' 'local_beta_buffer_17_2' <Predicate = true> <Delay = 0.00>
ST_1 : Operation 87 [1/1] (0.00ns)   --->   "%local_beta_buffer_16_2 = call i32 @_ssdm_op_Read.ap_auto.i32(i32 %local_beta_buffer_16)"   --->   Operation 87 'read' 'local_beta_buffer_16_2' <Predicate = true> <Delay = 0.00>
ST_1 : Operation 88 [1/1] (0.00ns)   --->   "%local_beta_buffer_15_2 = call i32 @_ssdm_op_Read.ap_auto.i32(i32 %local_beta_buffer_15)"   --->   Operation 88 'read' 'local_beta_buffer_15_2' <Predicate = true> <Delay = 0.00>
ST_1 : Operation 89 [1/1] (0.00ns)   --->   "%local_beta_buffer_14_2 = call i32 @_ssdm_op_Read.ap_auto.i32(i32 %local_beta_buffer_14)"   --->   Operation 89 'read' 'local_beta_buffer_14_2' <Predicate = true> <Delay = 0.00>
ST_1 : Operation 90 [1/1] (0.00ns)   --->   "%local_beta_buffer_13_2 = call i32 @_ssdm_op_Read.ap_auto.i32(i32 %local_beta_buffer_13)"   --->   Operation 90 'read' 'local_beta_buffer_13_2' <Predicate = true> <Delay = 0.00>
ST_1 : Operation 91 [1/1] (0.00ns)   --->   "%local_beta_buffer_12_2 = call i32 @_ssdm_op_Read.ap_auto.i32(i32 %local_beta_buffer_12)"   --->   Operation 91 'read' 'local_beta_buffer_12_2' <Predicate = true> <Delay = 0.00>
ST_1 : Operation 92 [1/1] (0.00ns)   --->   "%local_beta_buffer_11_2 = call i32 @_ssdm_op_Read.ap_auto.i32(i32 %local_beta_buffer_11)"   --->   Operation 92 'read' 'local_beta_buffer_11_2' <Predicate = true> <Delay = 0.00>
ST_1 : Operation 93 [1/1] (0.00ns)   --->   "%local_beta_buffer_10_2 = call i32 @_ssdm_op_Read.ap_auto.i32(i32 %local_beta_buffer_10)"   --->   Operation 93 'read' 'local_beta_buffer_10_2' <Predicate = true> <Delay = 0.00>
ST_1 : Operation 94 [1/1] (0.00ns)   --->   "%local_beta_buffer_9_2 = call i32 @_ssdm_op_Read.ap_auto.i32(i32 %local_beta_buffer_9)"   --->   Operation 94 'read' 'local_beta_buffer_9_2' <Predicate = true> <Delay = 0.00>
ST_1 : Operation 95 [1/1] (0.00ns)   --->   "%local_beta_buffer_8_2 = call i32 @_ssdm_op_Read.ap_auto.i32(i32 %local_beta_buffer_8)"   --->   Operation 95 'read' 'local_beta_buffer_8_2' <Predicate = true> <Delay = 0.00>
ST_1 : Operation 96 [1/1] (0.00ns)   --->   "%local_beta_buffer_7_2 = call i32 @_ssdm_op_Read.ap_auto.i32(i32 %local_beta_buffer_7)"   --->   Operation 96 'read' 'local_beta_buffer_7_2' <Predicate = true> <Delay = 0.00>
ST_1 : Operation 97 [1/1] (0.00ns)   --->   "%local_beta_buffer_6_2 = call i32 @_ssdm_op_Read.ap_auto.i32(i32 %local_beta_buffer_6)"   --->   Operation 97 'read' 'local_beta_buffer_6_2' <Predicate = true> <Delay = 0.00>
ST_1 : Operation 98 [1/1] (0.00ns)   --->   "%local_beta_buffer_5_2 = call i32 @_ssdm_op_Read.ap_auto.i32(i32 %local_beta_buffer_5)"   --->   Operation 98 'read' 'local_beta_buffer_5_2' <Predicate = true> <Delay = 0.00>
ST_1 : Operation 99 [1/1] (0.00ns)   --->   "%local_beta_buffer_4_2 = call i32 @_ssdm_op_Read.ap_auto.i32(i32 %local_beta_buffer_4)"   --->   Operation 99 'read' 'local_beta_buffer_4_2' <Predicate = true> <Delay = 0.00>
ST_1 : Operation 100 [1/1] (0.00ns)   --->   "%local_beta_buffer_3_2 = call i32 @_ssdm_op_Read.ap_auto.i32(i32 %local_beta_buffer_3)"   --->   Operation 100 'read' 'local_beta_buffer_3_2' <Predicate = true> <Delay = 0.00>
ST_1 : Operation 101 [1/1] (0.00ns)   --->   "%local_beta_buffer_2_2 = call i32 @_ssdm_op_Read.ap_auto.i32(i32 %local_beta_buffer_2)"   --->   Operation 101 'read' 'local_beta_buffer_2_2' <Predicate = true> <Delay = 0.00>
ST_1 : Operation 102 [1/1] (0.00ns)   --->   "%local_beta_buffer_1_2 = call i32 @_ssdm_op_Read.ap_auto.i32(i32 %local_beta_buffer_1)"   --->   Operation 102 'read' 'local_beta_buffer_1_2' <Predicate = true> <Delay = 0.00>
ST_1 : Operation 103 [1/1] (0.00ns)   --->   "%local_beta_buffer_0_2 = call i32 @_ssdm_op_Read.ap_auto.i32(i32 %local_beta_buffer_0)"   --->   Operation 103 'read' 'local_beta_buffer_0_2' <Predicate = true> <Delay = 0.00>
ST_1 : Operation 104 [1/1] (0.00ns)   --->   "%InterSubBeta_4b_V = trunc i8 %InterSubBeta_read to i4" [cnn.cpp:561]   --->   Operation 104 'trunc' 'InterSubBeta_4b_V' <Predicate = true> <Delay = 0.00>
ST_1 : Operation 105 [1/1] (0.00ns)   --->   "%tmp_cast = zext i4 %InterSubBeta_4b_V to i31" [cnn.cpp:564]   --->   Operation 105 'zext' 'tmp_cast' <Predicate = true> <Delay = 0.00>
ST_1 : Operation 106 [1/1] (1.76ns)   --->   "store i1 false, i1* %write_flag1"   --->   Operation 106 'store' <Predicate = true> <Delay = 1.76>
ST_1 : Operation 107 [1/1] (1.76ns)   --->   "store i1 false, i1* %write_flag2"   --->   Operation 107 'store' <Predicate = true> <Delay = 1.76>
ST_1 : Operation 108 [1/1] (1.76ns)   --->   "store i1 false, i1* %write_flag3"   --->   Operation 108 'store' <Predicate = true> <Delay = 1.76>
ST_1 : Operation 109 [1/1] (1.76ns)   --->   "store i1 false, i1* %write_flag5"   --->   Operation 109 'store' <Predicate = true> <Delay = 1.76>
ST_1 : Operation 110 [1/1] (1.76ns)   --->   "store i1 false, i1* %write_flag6"   --->   Operation 110 'store' <Predicate = true> <Delay = 1.76>
ST_1 : Operation 111 [1/1] (1.76ns)   --->   "store i1 false, i1* %write_flag7"   --->   Operation 111 'store' <Predicate = true> <Delay = 1.76>
ST_1 : Operation 112 [1/1] (1.76ns)   --->   "store i1 false, i1* %write_flag9"   --->   Operation 112 'store' <Predicate = true> <Delay = 1.76>
ST_1 : Operation 113 [1/1] (1.76ns)   --->   "store i1 false, i1* %write_flag10"   --->   Operation 113 'store' <Predicate = true> <Delay = 1.76>
ST_1 : Operation 114 [1/1] (1.76ns)   --->   "store i1 false, i1* %write_flag12"   --->   Operation 114 'store' <Predicate = true> <Delay = 1.76>
ST_1 : Operation 115 [1/1] (1.76ns)   --->   "store i1 false, i1* %write_flag13"   --->   Operation 115 'store' <Predicate = true> <Delay = 1.76>
ST_1 : Operation 116 [1/1] (1.76ns)   --->   "store i1 false, i1* %write_flag15"   --->   Operation 116 'store' <Predicate = true> <Delay = 1.76>
ST_1 : Operation 117 [1/1] (1.76ns)   --->   "store i1 false, i1* %write_flag16"   --->   Operation 117 'store' <Predicate = true> <Delay = 1.76>
ST_1 : Operation 118 [1/1] (1.76ns)   --->   "store i1 false, i1* %write_flag18"   --->   Operation 118 'store' <Predicate = true> <Delay = 1.76>
ST_1 : Operation 119 [1/1] (1.76ns)   --->   "store i1 false, i1* %write_flag19"   --->   Operation 119 'store' <Predicate = true> <Delay = 1.76>
ST_1 : Operation 120 [1/1] (1.76ns)   --->   "store i1 false, i1* %write_flag20"   --->   Operation 120 'store' <Predicate = true> <Delay = 1.76>
ST_1 : Operation 121 [1/1] (1.76ns)   --->   "store i1 false, i1* %write_flag21"   --->   Operation 121 'store' <Predicate = true> <Delay = 1.76>
ST_1 : Operation 122 [1/1] (1.76ns)   --->   "store i1 false, i1* %write_flag17"   --->   Operation 122 'store' <Predicate = true> <Delay = 1.76>
ST_1 : Operation 123 [1/1] (1.76ns)   --->   "store i1 false, i1* %write_flag22"   --->   Operation 123 'store' <Predicate = true> <Delay = 1.76>
ST_1 : Operation 124 [1/1] (1.76ns)   --->   "store i1 false, i1* %write_flag23"   --->   Operation 124 'store' <Predicate = true> <Delay = 1.76>
ST_1 : Operation 125 [1/1] (1.76ns)   --->   "store i1 false, i1* %write_flag14"   --->   Operation 125 'store' <Predicate = true> <Delay = 1.76>
ST_1 : Operation 126 [1/1] (1.76ns)   --->   "store i1 false, i1* %write_flag24"   --->   Operation 126 'store' <Predicate = true> <Delay = 1.76>
ST_1 : Operation 127 [1/1] (1.76ns)   --->   "store i1 false, i1* %write_flag25"   --->   Operation 127 'store' <Predicate = true> <Delay = 1.76>
ST_1 : Operation 128 [1/1] (1.76ns)   --->   "store i1 false, i1* %write_flag11"   --->   Operation 128 'store' <Predicate = true> <Delay = 1.76>
ST_1 : Operation 129 [1/1] (1.76ns)   --->   "store i1 false, i1* %write_flag26"   --->   Operation 129 'store' <Predicate = true> <Delay = 1.76>
ST_1 : Operation 130 [1/1] (1.76ns)   --->   "store i1 false, i1* %write_flag27"   --->   Operation 130 'store' <Predicate = true> <Delay = 1.76>
ST_1 : Operation 131 [1/1] (1.76ns)   --->   "store i1 false, i1* %write_flag8"   --->   Operation 131 'store' <Predicate = true> <Delay = 1.76>
ST_1 : Operation 132 [1/1] (1.76ns)   --->   "store i1 false, i1* %write_flag28"   --->   Operation 132 'store' <Predicate = true> <Delay = 1.76>
ST_1 : Operation 133 [1/1] (1.76ns)   --->   "store i1 false, i1* %write_flag29"   --->   Operation 133 'store' <Predicate = true> <Delay = 1.76>
ST_1 : Operation 134 [1/1] (1.76ns)   --->   "store i1 false, i1* %write_flag4"   --->   Operation 134 'store' <Predicate = true> <Delay = 1.76>
ST_1 : Operation 135 [1/1] (1.76ns)   --->   "store i1 false, i1* %write_flag30"   --->   Operation 135 'store' <Predicate = true> <Delay = 1.76>
ST_1 : Operation 136 [1/1] (1.76ns)   --->   "store i1 false, i1* %write_flag31"   --->   Operation 136 'store' <Predicate = true> <Delay = 1.76>
ST_1 : Operation 137 [1/1] (1.76ns)   --->   "store i1 false, i1* %write_flag"   --->   Operation 137 'store' <Predicate = true> <Delay = 1.76>
ST_1 : Operation 138 [1/1] (1.76ns)   --->   "br label %1" [cnn.cpp:564]   --->   Operation 138 'br' <Predicate = true> <Delay = 1.76>

State 2 <SV = 1> <Delay = 3.25>
ST_2 : Operation 139 [1/1] (0.00ns)   --->   "%offset = phi i32 [ %m_read, %0 ], [ %offset_1, %branch0 ]"   --->   Operation 139 'phi' 'offset' <Predicate = true> <Delay = 0.00>
ST_2 : Operation 140 [1/1] (0.00ns)   --->   "%tm = phi i31 [ 0, %0 ], [ %tm_2, %branch0 ]"   --->   Operation 140 'phi' 'tm' <Predicate = true> <Delay = 0.00>
ST_2 : Operation 141 [1/1] (0.00ns)   --->   "%tm_cast = zext i31 %tm to i32" [cnn.cpp:564]   --->   Operation 141 'zext' 'tm_cast' <Predicate = true> <Delay = 0.00>
ST_2 : Operation 142 [1/1] (2.47ns)   --->   "%tmp_s = icmp slt i32 %tm_cast, %TM_MIN_read" [cnn.cpp:564]   --->   Operation 142 'icmp' 'tmp_s' <Predicate = true> <Delay = 2.47> <Core = "Cmp">   --->   Core 25 'Cmp' <Latency = 0> <II = 1> <Delay = 2.47> <FuncUnit> <Opcode : 'icmp'> <InPorts = 2> <OutPorts = 1>
ST_2 : Operation 143 [1/1] (2.52ns)   --->   "%tm_2 = add i31 %tm, 1" [cnn.cpp:564]   --->   Operation 143 'add' 'tm_2' <Predicate = true> <Delay = 2.52> <Core = "AddSub">   --->   Core 14 'AddSub' <Latency = 0> <II = 1> <Delay = 2.55> <FuncUnit> <Opcode : 'add' 'sub'> <InPorts = 2> <OutPorts = 1>
ST_2 : Operation 144 [1/1] (0.00ns)   --->   "br i1 %tmp_s, label %2, label %3" [cnn.cpp:564]   --->   Operation 144 'br' <Predicate = true> <Delay = 0.00>
ST_2 : Operation 145 [1/1] (0.00ns)   --->   "%tmp_28 = call i32 (...)* @_ssdm_op_SpecRegionBegin([12 x i8]* @p_str6)" [cnn.cpp:565]   --->   Operation 145 'specregionbegin' 'tmp_28' <Predicate = (tmp_s)> <Delay = 0.00>
ST_2 : Operation 146 [1/1] (0.00ns)   --->   "%tmp_59 = sext i32 %offset to i64" [cnn.cpp:567]   --->   Operation 146 'sext' 'tmp_59' <Predicate = (tmp_s)> <Delay = 0.00>
ST_2 : Operation 147 [1/1] (0.00ns)   --->   "%beta_buffer_addr = getelementptr [1024 x i16]* %beta_buffer, i64 0, i64 %tmp_59" [cnn.cpp:567]   --->   Operation 147 'getelementptr' 'beta_buffer_addr' <Predicate = (tmp_s)> <Delay = 0.00>
ST_2 : Operation 148 [2/2] (3.25ns)   --->   "%beta_buffer_load = load i16* %beta_buffer_addr, align 2" [cnn.cpp:567]   --->   Operation 148 'load' 'beta_buffer_load' <Predicate = (tmp_s)> <Delay = 3.25> <Core = "RAM">   --->   Core 37 'RAM' <Latency = 1> <II = 1> <Delay = 3.25> <Storage> <Opcode : 'load' 'store'> <Ports = 2> <Width = 16> <Depth = 1024> <RAM>
ST_2 : Operation 149 [1/1] (0.00ns)   --->   "%tmp = trunc i31 %tm to i5" [cnn.cpp:564]   --->   Operation 149 'trunc' 'tmp' <Predicate = (tmp_s)> <Delay = 0.00>
ST_2 : Operation 150 [1/1] (1.48ns)   --->   "switch i5 %tmp, label %branch31 [
    i5 0, label %.branch0_crit_edge
    i5 1, label %branch1
    i5 2, label %branch2
    i5 3, label %branch3
    i5 4, label %branch4
    i5 5, label %branch5
    i5 6, label %branch6
    i5 7, label %branch7
    i5 8, label %branch8
    i5 9, label %branch9
    i5 10, label %branch10
    i5 11, label %branch11
    i5 12, label %branch12
    i5 13, label %branch13
    i5 14, label %branch14
    i5 15, label %branch15
    i5 -16, label %branch16
    i5 -15, label %branch17
    i5 -14, label %branch18
    i5 -13, label %branch19
    i5 -12, label %branch20
    i5 -11, label %branch21
    i5 -10, label %branch22
    i5 -9, label %branch23
    i5 -8, label %branch24
    i5 -7, label %branch25
    i5 -6, label %branch26
    i5 -5, label %branch27
    i5 -4, label %branch28
    i5 -3, label %branch29
    i5 -2, label %branch30
  ]" [cnn.cpp:567]   --->   Operation 150 'switch' <Predicate = (tmp_s)> <Delay = 1.48>
ST_2 : Operation 151 [1/1] (2.55ns)   --->   "%offset_1 = add nsw i32 %offset, 1" [cnn.cpp:568]   --->   Operation 151 'add' 'offset_1' <Predicate = (tmp_s)> <Delay = 2.55> <Core = "AddSub">   --->   Core 14 'AddSub' <Latency = 0> <II = 1> <Delay = 2.55> <FuncUnit> <Opcode : 'add' 'sub'> <InPorts = 2> <OutPorts = 1>
ST_2 : Operation 152 [1/1] (0.00ns)   --->   "%empty = call i32 (...)* @_ssdm_op_SpecRegionEnd([12 x i8]* @p_str6, i32 %tmp_28)" [cnn.cpp:569]   --->   Operation 152 'specregionend' 'empty' <Predicate = (tmp_s)> <Delay = 0.00>
ST_2 : Operation 153 [1/1] (0.00ns)   --->   "br label %1" [cnn.cpp:564]   --->   Operation 153 'br' <Predicate = (tmp_s)> <Delay = 0.00>

State 3 <SV = 2> <Delay = 7.24>
ST_3 : Operation 154 [1/1] (0.00ns)   --->   "call void (...)* @_ssdm_op_SpecPipeline(i32 -1, i32 1, i32 1, i32 0, [1 x i8]* @p_str1) nounwind" [cnn.cpp:566]   --->   Operation 154 'specpipeline' <Predicate = true> <Delay = 0.00>
ST_3 : Operation 155 [1/2] (3.25ns)   --->   "%beta_buffer_load = load i16* %beta_buffer_addr, align 2" [cnn.cpp:567]   --->   Operation 155 'load' 'beta_buffer_load' <Predicate = true> <Delay = 3.25> <Core = "RAM">   --->   Core 37 'RAM' <Latency = 1> <II = 1> <Delay = 3.25> <Storage> <Opcode : 'load' 'store'> <Ports = 2> <Width = 16> <Depth = 1024> <RAM>
ST_3 : Operation 156 [1/1] (0.00ns)   --->   "%tmp_92_cast = sext i16 %beta_buffer_load to i31" [cnn.cpp:567]   --->   Operation 156 'sext' 'tmp_92_cast' <Predicate = true> <Delay = 0.00>
ST_3 : Operation 157 [1/1] (3.98ns)   --->   "%local_beta_buffer = shl i31 %tmp_92_cast, %tmp_cast" [cnn.cpp:567]   --->   Operation 157 'shl' 'local_beta_buffer' <Predicate = true> <Delay = 3.98> <Core = "Shift">   --->   Core 28 'Shift' <Latency = 0> <II = 1> <Delay = 3.98> <FuncUnit> <Opcode : 'shl' 'lshr' 'ashr'> <InPorts = 2> <OutPorts = 1>
ST_3 : Operation 158 [1/1] (0.00ns)   --->   "%local_beta_buffer_ca = sext i31 %local_beta_buffer to i32" [cnn.cpp:567]   --->   Operation 158 'sext' 'local_beta_buffer_ca' <Predicate = true> <Delay = 0.00>
ST_3 : Operation 159 [1/1] (1.76ns)   --->   "store i1 true, i1* %write_flag30"   --->   Operation 159 'store' <Predicate = (tmp == 30)> <Delay = 1.76>
ST_3 : Operation 160 [1/1] (0.00ns)   --->   "store i32 %local_beta_buffer_ca, i32* %local_beta_buffer30_s" [cnn.cpp:567]   --->   Operation 160 'store' <Predicate = (tmp == 30)> <Delay = 0.00>
ST_3 : Operation 161 [1/1] (0.00ns)   --->   "br label %branch0" [cnn.cpp:567]   --->   Operation 161 'br' <Predicate = (tmp == 30)> <Delay = 0.00>
ST_3 : Operation 162 [1/1] (1.76ns)   --->   "store i1 true, i1* %write_flag29"   --->   Operation 162 'store' <Predicate = (tmp == 29)> <Delay = 1.76>
ST_3 : Operation 163 [1/1] (0.00ns)   --->   "store i32 %local_beta_buffer_ca, i32* %local_beta_buffer299" [cnn.cpp:567]   --->   Operation 163 'store' <Predicate = (tmp == 29)> <Delay = 0.00>
ST_3 : Operation 164 [1/1] (0.00ns)   --->   "br label %branch0" [cnn.cpp:567]   --->   Operation 164 'br' <Predicate = (tmp == 29)> <Delay = 0.00>
ST_3 : Operation 165 [1/1] (1.76ns)   --->   "store i1 true, i1* %write_flag28"   --->   Operation 165 'store' <Predicate = (tmp == 28)> <Delay = 1.76>
ST_3 : Operation 166 [1/1] (0.00ns)   --->   "store i32 %local_beta_buffer_ca, i32* %local_beta_buffer28_s" [cnn.cpp:567]   --->   Operation 166 'store' <Predicate = (tmp == 28)> <Delay = 0.00>
ST_3 : Operation 167 [1/1] (0.00ns)   --->   "br label %branch0" [cnn.cpp:567]   --->   Operation 167 'br' <Predicate = (tmp == 28)> <Delay = 0.00>
ST_3 : Operation 168 [1/1] (1.76ns)   --->   "store i1 true, i1* %write_flag27"   --->   Operation 168 'store' <Predicate = (tmp == 27)> <Delay = 1.76>
ST_3 : Operation 169 [1/1] (0.00ns)   --->   "store i32 %local_beta_buffer_ca, i32* %local_beta_buffer27_s" [cnn.cpp:567]   --->   Operation 169 'store' <Predicate = (tmp == 27)> <Delay = 0.00>
ST_3 : Operation 170 [1/1] (0.00ns)   --->   "br label %branch0" [cnn.cpp:567]   --->   Operation 170 'br' <Predicate = (tmp == 27)> <Delay = 0.00>
ST_3 : Operation 171 [1/1] (1.76ns)   --->   "store i1 true, i1* %write_flag26"   --->   Operation 171 'store' <Predicate = (tmp == 26)> <Delay = 1.76>
ST_3 : Operation 172 [1/1] (0.00ns)   --->   "store i32 %local_beta_buffer_ca, i32* %local_beta_buffer26_s" [cnn.cpp:567]   --->   Operation 172 'store' <Predicate = (tmp == 26)> <Delay = 0.00>
ST_3 : Operation 173 [1/1] (0.00ns)   --->   "br label %branch0" [cnn.cpp:567]   --->   Operation 173 'br' <Predicate = (tmp == 26)> <Delay = 0.00>
ST_3 : Operation 174 [1/1] (1.76ns)   --->   "store i1 true, i1* %write_flag25"   --->   Operation 174 'store' <Predicate = (tmp == 25)> <Delay = 1.76>
ST_3 : Operation 175 [1/1] (0.00ns)   --->   "store i32 %local_beta_buffer_ca, i32* %local_beta_buffer25_s" [cnn.cpp:567]   --->   Operation 175 'store' <Predicate = (tmp == 25)> <Delay = 0.00>
ST_3 : Operation 176 [1/1] (0.00ns)   --->   "br label %branch0" [cnn.cpp:567]   --->   Operation 176 'br' <Predicate = (tmp == 25)> <Delay = 0.00>
ST_3 : Operation 177 [1/1] (1.76ns)   --->   "store i1 true, i1* %write_flag24"   --->   Operation 177 'store' <Predicate = (tmp == 24)> <Delay = 1.76>
ST_3 : Operation 178 [1/1] (0.00ns)   --->   "store i32 %local_beta_buffer_ca, i32* %local_beta_buffer24_s" [cnn.cpp:567]   --->   Operation 178 'store' <Predicate = (tmp == 24)> <Delay = 0.00>
ST_3 : Operation 179 [1/1] (0.00ns)   --->   "br label %branch0" [cnn.cpp:567]   --->   Operation 179 'br' <Predicate = (tmp == 24)> <Delay = 0.00>
ST_3 : Operation 180 [1/1] (1.76ns)   --->   "store i1 true, i1* %write_flag23"   --->   Operation 180 'store' <Predicate = (tmp == 23)> <Delay = 1.76>
ST_3 : Operation 181 [1/1] (0.00ns)   --->   "store i32 %local_beta_buffer_ca, i32* %local_beta_buffer23_s" [cnn.cpp:567]   --->   Operation 181 'store' <Predicate = (tmp == 23)> <Delay = 0.00>
ST_3 : Operation 182 [1/1] (0.00ns)   --->   "br label %branch0" [cnn.cpp:567]   --->   Operation 182 'br' <Predicate = (tmp == 23)> <Delay = 0.00>
ST_3 : Operation 183 [1/1] (1.76ns)   --->   "store i1 true, i1* %write_flag22"   --->   Operation 183 'store' <Predicate = (tmp == 22)> <Delay = 1.76>
ST_3 : Operation 184 [1/1] (0.00ns)   --->   "store i32 %local_beta_buffer_ca, i32* %local_beta_buffer22_s" [cnn.cpp:567]   --->   Operation 184 'store' <Predicate = (tmp == 22)> <Delay = 0.00>
ST_3 : Operation 185 [1/1] (0.00ns)   --->   "br label %branch0" [cnn.cpp:567]   --->   Operation 185 'br' <Predicate = (tmp == 22)> <Delay = 0.00>
ST_3 : Operation 186 [1/1] (1.76ns)   --->   "store i1 true, i1* %write_flag21"   --->   Operation 186 'store' <Predicate = (tmp == 21)> <Delay = 1.76>
ST_3 : Operation 187 [1/1] (0.00ns)   --->   "store i32 %local_beta_buffer_ca, i32* %local_beta_buffer21_s" [cnn.cpp:567]   --->   Operation 187 'store' <Predicate = (tmp == 21)> <Delay = 0.00>
ST_3 : Operation 188 [1/1] (0.00ns)   --->   "br label %branch0" [cnn.cpp:567]   --->   Operation 188 'br' <Predicate = (tmp == 21)> <Delay = 0.00>
ST_3 : Operation 189 [1/1] (1.76ns)   --->   "store i1 true, i1* %write_flag20"   --->   Operation 189 'store' <Predicate = (tmp == 20)> <Delay = 1.76>
ST_3 : Operation 190 [1/1] (0.00ns)   --->   "store i32 %local_beta_buffer_ca, i32* %local_beta_buffer20_s" [cnn.cpp:567]   --->   Operation 190 'store' <Predicate = (tmp == 20)> <Delay = 0.00>
ST_3 : Operation 191 [1/1] (0.00ns)   --->   "br label %branch0" [cnn.cpp:567]   --->   Operation 191 'br' <Predicate = (tmp == 20)> <Delay = 0.00>
ST_3 : Operation 192 [1/1] (1.76ns)   --->   "store i1 true, i1* %write_flag18"   --->   Operation 192 'store' <Predicate = (tmp == 19)> <Delay = 1.76>
ST_3 : Operation 193 [1/1] (0.00ns)   --->   "store i32 %local_beta_buffer_ca, i32* %local_beta_buffer19_s" [cnn.cpp:567]   --->   Operation 193 'store' <Predicate = (tmp == 19)> <Delay = 0.00>
ST_3 : Operation 194 [1/1] (0.00ns)   --->   "br label %branch0" [cnn.cpp:567]   --->   Operation 194 'br' <Predicate = (tmp == 19)> <Delay = 0.00>
ST_3 : Operation 195 [1/1] (1.76ns)   --->   "store i1 true, i1* %write_flag16"   --->   Operation 195 'store' <Predicate = (tmp == 18)> <Delay = 1.76>
ST_3 : Operation 196 [1/1] (0.00ns)   --->   "store i32 %local_beta_buffer_ca, i32* %local_beta_buffer18_s" [cnn.cpp:567]   --->   Operation 196 'store' <Predicate = (tmp == 18)> <Delay = 0.00>
ST_3 : Operation 197 [1/1] (0.00ns)   --->   "br label %branch0" [cnn.cpp:567]   --->   Operation 197 'br' <Predicate = (tmp == 18)> <Delay = 0.00>
ST_3 : Operation 198 [1/1] (1.76ns)   --->   "store i1 true, i1* %write_flag13"   --->   Operation 198 'store' <Predicate = (tmp == 17)> <Delay = 1.76>
ST_3 : Operation 199 [1/1] (0.00ns)   --->   "store i32 %local_beta_buffer_ca, i32* %local_beta_buffer17_s" [cnn.cpp:567]   --->   Operation 199 'store' <Predicate = (tmp == 17)> <Delay = 0.00>
ST_3 : Operation 200 [1/1] (0.00ns)   --->   "br label %branch0" [cnn.cpp:567]   --->   Operation 200 'br' <Predicate = (tmp == 17)> <Delay = 0.00>
ST_3 : Operation 201 [1/1] (1.76ns)   --->   "store i1 true, i1* %write_flag12"   --->   Operation 201 'store' <Predicate = (tmp == 16)> <Delay = 1.76>
ST_3 : Operation 202 [1/1] (0.00ns)   --->   "store i32 %local_beta_buffer_ca, i32* %local_beta_buffer165" [cnn.cpp:567]   --->   Operation 202 'store' <Predicate = (tmp == 16)> <Delay = 0.00>
ST_3 : Operation 203 [1/1] (0.00ns)   --->   "br label %branch0" [cnn.cpp:567]   --->   Operation 203 'br' <Predicate = (tmp == 16)> <Delay = 0.00>
ST_3 : Operation 204 [1/1] (1.76ns)   --->   "store i1 true, i1* %write_flag9"   --->   Operation 204 'store' <Predicate = (tmp == 15)> <Delay = 1.76>
ST_3 : Operation 205 [1/1] (0.00ns)   --->   "store i32 %local_beta_buffer_ca, i32* %local_beta_buffer155" [cnn.cpp:567]   --->   Operation 205 'store' <Predicate = (tmp == 15)> <Delay = 0.00>
ST_3 : Operation 206 [1/1] (0.00ns)   --->   "br label %branch0" [cnn.cpp:567]   --->   Operation 206 'br' <Predicate = (tmp == 15)> <Delay = 0.00>
ST_3 : Operation 207 [1/1] (1.76ns)   --->   "store i1 true, i1* %write_flag7"   --->   Operation 207 'store' <Predicate = (tmp == 14)> <Delay = 1.76>
ST_3 : Operation 208 [1/1] (0.00ns)   --->   "store i32 %local_beta_buffer_ca, i32* %local_beta_buffer14_s" [cnn.cpp:567]   --->   Operation 208 'store' <Predicate = (tmp == 14)> <Delay = 0.00>
ST_3 : Operation 209 [1/1] (0.00ns)   --->   "br label %branch0" [cnn.cpp:567]   --->   Operation 209 'br' <Predicate = (tmp == 14)> <Delay = 0.00>
ST_3 : Operation 210 [1/1] (1.76ns)   --->   "store i1 true, i1* %write_flag5"   --->   Operation 210 'store' <Predicate = (tmp == 13)> <Delay = 1.76>
ST_3 : Operation 211 [1/1] (0.00ns)   --->   "store i32 %local_beta_buffer_ca, i32* %local_beta_buffer13_s" [cnn.cpp:567]   --->   Operation 211 'store' <Predicate = (tmp == 13)> <Delay = 0.00>
ST_3 : Operation 212 [1/1] (0.00ns)   --->   "br label %branch0" [cnn.cpp:567]   --->   Operation 212 'br' <Predicate = (tmp == 13)> <Delay = 0.00>
ST_3 : Operation 213 [1/1] (1.76ns)   --->   "store i1 true, i1* %write_flag3"   --->   Operation 213 'store' <Predicate = (tmp == 12)> <Delay = 1.76>
ST_3 : Operation 214 [1/1] (0.00ns)   --->   "store i32 %local_beta_buffer_ca, i32* %local_beta_buffer12_s" [cnn.cpp:567]   --->   Operation 214 'store' <Predicate = (tmp == 12)> <Delay = 0.00>
ST_3 : Operation 215 [1/1] (0.00ns)   --->   "br label %branch0" [cnn.cpp:567]   --->   Operation 215 'br' <Predicate = (tmp == 12)> <Delay = 0.00>
ST_3 : Operation 216 [1/1] (1.76ns)   --->   "store i1 true, i1* %write_flag1"   --->   Operation 216 'store' <Predicate = (tmp == 11)> <Delay = 1.76>
ST_3 : Operation 217 [1/1] (0.00ns)   --->   "store i32 %local_beta_buffer_ca, i32* %local_beta_buffer11_s" [cnn.cpp:567]   --->   Operation 217 'store' <Predicate = (tmp == 11)> <Delay = 0.00>
ST_3 : Operation 218 [1/1] (0.00ns)   --->   "br label %branch0" [cnn.cpp:567]   --->   Operation 218 'br' <Predicate = (tmp == 11)> <Delay = 0.00>
ST_3 : Operation 219 [1/1] (0.00ns)   --->   "store i32 %local_beta_buffer_ca, i32* %local_beta_buffer10_s" [cnn.cpp:567]   --->   Operation 219 'store' <Predicate = (tmp == 10)> <Delay = 0.00>
ST_3 : Operation 220 [1/1] (1.76ns)   --->   "store i1 true, i1* %write_flag2"   --->   Operation 220 'store' <Predicate = (tmp == 10)> <Delay = 1.76>
ST_3 : Operation 221 [1/1] (0.00ns)   --->   "br label %branch0" [cnn.cpp:567]   --->   Operation 221 'br' <Predicate = (tmp == 10)> <Delay = 0.00>
ST_3 : Operation 222 [1/1] (0.00ns)   --->   "store i32 %local_beta_buffer_ca, i32* %local_beta_buffer9_s" [cnn.cpp:567]   --->   Operation 222 'store' <Predicate = (tmp == 9)> <Delay = 0.00>
ST_3 : Operation 223 [1/1] (1.76ns)   --->   "store i1 true, i1* %write_flag6"   --->   Operation 223 'store' <Predicate = (tmp == 9)> <Delay = 1.76>
ST_3 : Operation 224 [1/1] (0.00ns)   --->   "br label %branch0" [cnn.cpp:567]   --->   Operation 224 'br' <Predicate = (tmp == 9)> <Delay = 0.00>
ST_3 : Operation 225 [1/1] (0.00ns)   --->   "store i32 %local_beta_buffer_ca, i32* %local_beta_buffer8_s" [cnn.cpp:567]   --->   Operation 225 'store' <Predicate = (tmp == 8)> <Delay = 0.00>
ST_3 : Operation 226 [1/1] (1.76ns)   --->   "store i1 true, i1* %write_flag10"   --->   Operation 226 'store' <Predicate = (tmp == 8)> <Delay = 1.76>
ST_3 : Operation 227 [1/1] (0.00ns)   --->   "br label %branch0" [cnn.cpp:567]   --->   Operation 227 'br' <Predicate = (tmp == 8)> <Delay = 0.00>
ST_3 : Operation 228 [1/1] (0.00ns)   --->   "store i32 %local_beta_buffer_ca, i32* %local_beta_buffer7_s" [cnn.cpp:567]   --->   Operation 228 'store' <Predicate = (tmp == 7)> <Delay = 0.00>
ST_3 : Operation 229 [1/1] (1.76ns)   --->   "store i1 true, i1* %write_flag15"   --->   Operation 229 'store' <Predicate = (tmp == 7)> <Delay = 1.76>
ST_3 : Operation 230 [1/1] (0.00ns)   --->   "br label %branch0" [cnn.cpp:567]   --->   Operation 230 'br' <Predicate = (tmp == 7)> <Delay = 0.00>
ST_3 : Operation 231 [1/1] (0.00ns)   --->   "store i32 %local_beta_buffer_ca, i32* %local_beta_buffer6_s" [cnn.cpp:567]   --->   Operation 231 'store' <Predicate = (tmp == 6)> <Delay = 0.00>
ST_3 : Operation 232 [1/1] (1.76ns)   --->   "store i1 true, i1* %write_flag19"   --->   Operation 232 'store' <Predicate = (tmp == 6)> <Delay = 1.76>
ST_3 : Operation 233 [1/1] (0.00ns)   --->   "br label %branch0" [cnn.cpp:567]   --->   Operation 233 'br' <Predicate = (tmp == 6)> <Delay = 0.00>
ST_3 : Operation 234 [1/1] (0.00ns)   --->   "store i32 %local_beta_buffer_ca, i32* %local_beta_buffer5_s" [cnn.cpp:567]   --->   Operation 234 'store' <Predicate = (tmp == 5)> <Delay = 0.00>
ST_3 : Operation 235 [1/1] (1.76ns)   --->   "store i1 true, i1* %write_flag17"   --->   Operation 235 'store' <Predicate = (tmp == 5)> <Delay = 1.76>
ST_3 : Operation 236 [1/1] (0.00ns)   --->   "br label %branch0" [cnn.cpp:567]   --->   Operation 236 'br' <Predicate = (tmp == 5)> <Delay = 0.00>
ST_3 : Operation 237 [1/1] (0.00ns)   --->   "store i32 %local_beta_buffer_ca, i32* %local_beta_buffer4_s" [cnn.cpp:567]   --->   Operation 237 'store' <Predicate = (tmp == 4)> <Delay = 0.00>
ST_3 : Operation 238 [1/1] (1.76ns)   --->   "store i1 true, i1* %write_flag14"   --->   Operation 238 'store' <Predicate = (tmp == 4)> <Delay = 1.76>
ST_3 : Operation 239 [1/1] (0.00ns)   --->   "br label %branch0" [cnn.cpp:567]   --->   Operation 239 'br' <Predicate = (tmp == 4)> <Delay = 0.00>
ST_3 : Operation 240 [1/1] (0.00ns)   --->   "store i32 %local_beta_buffer_ca, i32* %local_beta_buffer3_s" [cnn.cpp:567]   --->   Operation 240 'store' <Predicate = (tmp == 3)> <Delay = 0.00>
ST_3 : Operation 241 [1/1] (1.76ns)   --->   "store i1 true, i1* %write_flag11"   --->   Operation 241 'store' <Predicate = (tmp == 3)> <Delay = 1.76>
ST_3 : Operation 242 [1/1] (0.00ns)   --->   "br label %branch0" [cnn.cpp:567]   --->   Operation 242 'br' <Predicate = (tmp == 3)> <Delay = 0.00>
ST_3 : Operation 243 [1/1] (0.00ns)   --->   "store i32 %local_beta_buffer_ca, i32* %local_beta_buffer2_s" [cnn.cpp:567]   --->   Operation 243 'store' <Predicate = (tmp == 2)> <Delay = 0.00>
ST_3 : Operation 244 [1/1] (1.76ns)   --->   "store i1 true, i1* %write_flag8"   --->   Operation 244 'store' <Predicate = (tmp == 2)> <Delay = 1.76>
ST_3 : Operation 245 [1/1] (0.00ns)   --->   "br label %branch0" [cnn.cpp:567]   --->   Operation 245 'br' <Predicate = (tmp == 2)> <Delay = 0.00>
ST_3 : Operation 246 [1/1] (0.00ns)   --->   "store i32 %local_beta_buffer_ca, i32* %local_beta_buffer16_s" [cnn.cpp:567]   --->   Operation 246 'store' <Predicate = (tmp == 1)> <Delay = 0.00>
ST_3 : Operation 247 [1/1] (1.76ns)   --->   "store i1 true, i1* %write_flag4"   --->   Operation 247 'store' <Predicate = (tmp == 1)> <Delay = 1.76>
ST_3 : Operation 248 [1/1] (0.00ns)   --->   "br label %branch0" [cnn.cpp:567]   --->   Operation 248 'br' <Predicate = (tmp == 1)> <Delay = 0.00>
ST_3 : Operation 249 [1/1] (0.00ns)   --->   "store i32 %local_beta_buffer_ca, i32* %local_beta_buffer_s" [cnn.cpp:567]   --->   Operation 249 'store' <Predicate = (tmp == 0)> <Delay = 0.00>
ST_3 : Operation 250 [1/1] (1.76ns)   --->   "store i1 true, i1* %write_flag"   --->   Operation 250 'store' <Predicate = (tmp == 0)> <Delay = 1.76>
ST_3 : Operation 251 [1/1] (0.00ns)   --->   "br label %branch0" [cnn.cpp:567]   --->   Operation 251 'br' <Predicate = (tmp == 0)> <Delay = 0.00>
ST_3 : Operation 252 [1/1] (1.76ns)   --->   "store i1 true, i1* %write_flag31"   --->   Operation 252 'store' <Predicate = (tmp == 31)> <Delay = 1.76>
ST_3 : Operation 253 [1/1] (0.00ns)   --->   "store i32 %local_beta_buffer_ca, i32* %local_beta_buffer31_s" [cnn.cpp:567]   --->   Operation 253 'store' <Predicate = (tmp == 31)> <Delay = 0.00>
ST_3 : Operation 254 [1/1] (0.00ns)   --->   "br label %branch0" [cnn.cpp:567]   --->   Operation 254 'br' <Predicate = (tmp == 31)> <Delay = 0.00>

State 4 <SV = 2> <Delay = 0.69>
ST_4 : Operation 255 [1/1] (0.00ns)   --->   "%local_beta_buffer31_1 = load i32* %local_beta_buffer31_s" [cnn.cpp:570]   --->   Operation 255 'load' 'local_beta_buffer31_1' <Predicate = true> <Delay = 0.00>
ST_4 : Operation 256 [1/1] (0.00ns)   --->   "%write_flag_load = load i1* %write_flag" [cnn.cpp:570]   --->   Operation 256 'load' 'write_flag_load' <Predicate = true> <Delay = 0.00>
ST_4 : Operation 257 [1/1] (0.00ns)   --->   "%write_flag31_load = load i1* %write_flag31" [cnn.cpp:570]   --->   Operation 257 'load' 'write_flag31_load' <Predicate = true> <Delay = 0.00>
ST_4 : Operation 258 [1/1] (0.00ns)   --->   "%local_beta_buffer30_1 = load i32* %local_beta_buffer30_s" [cnn.cpp:570]   --->   Operation 258 'load' 'local_beta_buffer30_1' <Predicate = true> <Delay = 0.00>
ST_4 : Operation 259 [1/1] (0.00ns)   --->   "%local_beta_buffer_l = load i32* %local_beta_buffer_s" [cnn.cpp:570]   --->   Operation 259 'load' 'local_beta_buffer_l' <Predicate = true> <Delay = 0.00>
ST_4 : Operation 260 [1/1] (0.00ns)   --->   "%write_flag30_load = load i1* %write_flag30" [cnn.cpp:570]   --->   Operation 260 'load' 'write_flag30_load' <Predicate = true> <Delay = 0.00>
ST_4 : Operation 261 [1/1] (0.00ns)   --->   "%local_beta_buffer299_1 = load i32* %local_beta_buffer299" [cnn.cpp:570]   --->   Operation 261 'load' 'local_beta_buffer299_1' <Predicate = true> <Delay = 0.00>
ST_4 : Operation 262 [1/1] (0.00ns)   --->   "%write_flag4_load = load i1* %write_flag4" [cnn.cpp:570]   --->   Operation 262 'load' 'write_flag4_load' <Predicate = true> <Delay = 0.00>
ST_4 : Operation 263 [1/1] (0.00ns)   --->   "%write_flag29_load = load i1* %write_flag29" [cnn.cpp:570]   --->   Operation 263 'load' 'write_flag29_load' <Predicate = true> <Delay = 0.00>
ST_4 : Operation 264 [1/1] (0.00ns)   --->   "%local_beta_buffer28_1 = load i32* %local_beta_buffer28_s" [cnn.cpp:570]   --->   Operation 264 'load' 'local_beta_buffer28_1' <Predicate = true> <Delay = 0.00>
ST_4 : Operation 265 [1/1] (0.00ns)   --->   "%local_beta_buffer16_1 = load i32* %local_beta_buffer16_s" [cnn.cpp:570]   --->   Operation 265 'load' 'local_beta_buffer16_1' <Predicate = true> <Delay = 0.00>
ST_4 : Operation 266 [1/1] (0.00ns)   --->   "%write_flag28_load = load i1* %write_flag28" [cnn.cpp:570]   --->   Operation 266 'load' 'write_flag28_load' <Predicate = true> <Delay = 0.00>
ST_4 : Operation 267 [1/1] (0.00ns)   --->   "%local_beta_buffer27_1 = load i32* %local_beta_buffer27_s" [cnn.cpp:570]   --->   Operation 267 'load' 'local_beta_buffer27_1' <Predicate = true> <Delay = 0.00>
ST_4 : Operation 268 [1/1] (0.00ns)   --->   "%write_flag8_load = load i1* %write_flag8" [cnn.cpp:570]   --->   Operation 268 'load' 'write_flag8_load' <Predicate = true> <Delay = 0.00>
ST_4 : Operation 269 [1/1] (0.00ns)   --->   "%write_flag27_load = load i1* %write_flag27" [cnn.cpp:570]   --->   Operation 269 'load' 'write_flag27_load' <Predicate = true> <Delay = 0.00>
ST_4 : Operation 270 [1/1] (0.00ns)   --->   "%local_beta_buffer26_1 = load i32* %local_beta_buffer26_s" [cnn.cpp:570]   --->   Operation 270 'load' 'local_beta_buffer26_1' <Predicate = true> <Delay = 0.00>
ST_4 : Operation 271 [1/1] (0.00ns)   --->   "%local_beta_buffer2_s_28 = load i32* %local_beta_buffer2_s" [cnn.cpp:570]   --->   Operation 271 'load' 'local_beta_buffer2_s_28' <Predicate = true> <Delay = 0.00>
ST_4 : Operation 272 [1/1] (0.00ns)   --->   "%write_flag26_load = load i1* %write_flag26" [cnn.cpp:570]   --->   Operation 272 'load' 'write_flag26_load' <Predicate = true> <Delay = 0.00>
ST_4 : Operation 273 [1/1] (0.00ns)   --->   "%local_beta_buffer25_1 = load i32* %local_beta_buffer25_s" [cnn.cpp:570]   --->   Operation 273 'load' 'local_beta_buffer25_1' <Predicate = true> <Delay = 0.00>
ST_4 : Operation 274 [1/1] (0.00ns)   --->   "%write_flag11_load = load i1* %write_flag11" [cnn.cpp:570]   --->   Operation 274 'load' 'write_flag11_load' <Predicate = true> <Delay = 0.00>
ST_4 : Operation 275 [1/1] (0.00ns)   --->   "%write_flag25_load = load i1* %write_flag25" [cnn.cpp:570]   --->   Operation 275 'load' 'write_flag25_load' <Predicate = true> <Delay = 0.00>
ST_4 : Operation 276 [1/1] (0.00ns)   --->   "%local_beta_buffer24_1 = load i32* %local_beta_buffer24_s" [cnn.cpp:570]   --->   Operation 276 'load' 'local_beta_buffer24_1' <Predicate = true> <Delay = 0.00>
ST_4 : Operation 277 [1/1] (0.00ns)   --->   "%local_beta_buffer3_s_29 = load i32* %local_beta_buffer3_s" [cnn.cpp:570]   --->   Operation 277 'load' 'local_beta_buffer3_s_29' <Predicate = true> <Delay = 0.00>
ST_4 : Operation 278 [1/1] (0.00ns)   --->   "%write_flag24_load = load i1* %write_flag24" [cnn.cpp:570]   --->   Operation 278 'load' 'write_flag24_load' <Predicate = true> <Delay = 0.00>
ST_4 : Operation 279 [1/1] (0.00ns)   --->   "%local_beta_buffer23_1 = load i32* %local_beta_buffer23_s" [cnn.cpp:570]   --->   Operation 279 'load' 'local_beta_buffer23_1' <Predicate = true> <Delay = 0.00>
ST_4 : Operation 280 [1/1] (0.00ns)   --->   "%write_flag14_load = load i1* %write_flag14" [cnn.cpp:570]   --->   Operation 280 'load' 'write_flag14_load' <Predicate = true> <Delay = 0.00>
ST_4 : Operation 281 [1/1] (0.00ns)   --->   "%write_flag23_load = load i1* %write_flag23" [cnn.cpp:570]   --->   Operation 281 'load' 'write_flag23_load' <Predicate = true> <Delay = 0.00>
ST_4 : Operation 282 [1/1] (0.00ns)   --->   "%local_beta_buffer22_1 = load i32* %local_beta_buffer22_s" [cnn.cpp:570]   --->   Operation 282 'load' 'local_beta_buffer22_1' <Predicate = true> <Delay = 0.00>
ST_4 : Operation 283 [1/1] (0.00ns)   --->   "%local_beta_buffer4_s_30 = load i32* %local_beta_buffer4_s" [cnn.cpp:570]   --->   Operation 283 'load' 'local_beta_buffer4_s_30' <Predicate = true> <Delay = 0.00>
ST_4 : Operation 284 [1/1] (0.00ns)   --->   "%write_flag22_load = load i1* %write_flag22" [cnn.cpp:570]   --->   Operation 284 'load' 'write_flag22_load' <Predicate = true> <Delay = 0.00>
ST_4 : Operation 285 [1/1] (0.00ns)   --->   "%local_beta_buffer21_1 = load i32* %local_beta_buffer21_s" [cnn.cpp:570]   --->   Operation 285 'load' 'local_beta_buffer21_1' <Predicate = true> <Delay = 0.00>
ST_4 : Operation 286 [1/1] (0.00ns)   --->   "%write_flag17_load = load i1* %write_flag17" [cnn.cpp:570]   --->   Operation 286 'load' 'write_flag17_load' <Predicate = true> <Delay = 0.00>
ST_4 : Operation 287 [1/1] (0.00ns)   --->   "%write_flag21_load = load i1* %write_flag21" [cnn.cpp:570]   --->   Operation 287 'load' 'write_flag21_load' <Predicate = true> <Delay = 0.00>
ST_4 : Operation 288 [1/1] (0.00ns)   --->   "%local_beta_buffer20_1 = load i32* %local_beta_buffer20_s" [cnn.cpp:570]   --->   Operation 288 'load' 'local_beta_buffer20_1' <Predicate = true> <Delay = 0.00>
ST_4 : Operation 289 [1/1] (0.00ns)   --->   "%local_beta_buffer5_s_31 = load i32* %local_beta_buffer5_s" [cnn.cpp:570]   --->   Operation 289 'load' 'local_beta_buffer5_s_31' <Predicate = true> <Delay = 0.00>
ST_4 : Operation 290 [1/1] (0.00ns)   --->   "%write_flag20_load = load i1* %write_flag20" [cnn.cpp:570]   --->   Operation 290 'load' 'write_flag20_load' <Predicate = true> <Delay = 0.00>
ST_4 : Operation 291 [1/1] (0.00ns)   --->   "%local_beta_buffer19_1 = load i32* %local_beta_buffer19_s" [cnn.cpp:570]   --->   Operation 291 'load' 'local_beta_buffer19_1' <Predicate = true> <Delay = 0.00>
ST_4 : Operation 292 [1/1] (0.00ns)   --->   "%write_flag19_load = load i1* %write_flag19" [cnn.cpp:570]   --->   Operation 292 'load' 'write_flag19_load' <Predicate = true> <Delay = 0.00>
ST_4 : Operation 293 [1/1] (0.00ns)   --->   "%write_flag18_load = load i1* %write_flag18" [cnn.cpp:570]   --->   Operation 293 'load' 'write_flag18_load' <Predicate = true> <Delay = 0.00>
ST_4 : Operation 294 [1/1] (0.00ns)   --->   "%local_beta_buffer18_1 = load i32* %local_beta_buffer18_s" [cnn.cpp:570]   --->   Operation 294 'load' 'local_beta_buffer18_1' <Predicate = true> <Delay = 0.00>
ST_4 : Operation 295 [1/1] (0.00ns)   --->   "%local_beta_buffer6_s_32 = load i32* %local_beta_buffer6_s" [cnn.cpp:570]   --->   Operation 295 'load' 'local_beta_buffer6_s_32' <Predicate = true> <Delay = 0.00>
ST_4 : Operation 296 [1/1] (0.00ns)   --->   "%write_flag16_load = load i1* %write_flag16" [cnn.cpp:570]   --->   Operation 296 'load' 'write_flag16_load' <Predicate = true> <Delay = 0.00>
ST_4 : Operation 297 [1/1] (0.00ns)   --->   "%local_beta_buffer17_1 = load i32* %local_beta_buffer17_s" [cnn.cpp:570]   --->   Operation 297 'load' 'local_beta_buffer17_1' <Predicate = true> <Delay = 0.00>
ST_4 : Operation 298 [1/1] (0.00ns)   --->   "%write_flag15_load = load i1* %write_flag15" [cnn.cpp:570]   --->   Operation 298 'load' 'write_flag15_load' <Predicate = true> <Delay = 0.00>
ST_4 : Operation 299 [1/1] (0.00ns)   --->   "%write_flag13_load = load i1* %write_flag13" [cnn.cpp:570]   --->   Operation 299 'load' 'write_flag13_load' <Predicate = true> <Delay = 0.00>
ST_4 : Operation 300 [1/1] (0.00ns)   --->   "%local_beta_buffer165_1 = load i32* %local_beta_buffer165" [cnn.cpp:570]   --->   Operation 300 'load' 'local_beta_buffer165_1' <Predicate = true> <Delay = 0.00>
ST_4 : Operation 301 [1/1] (0.00ns)   --->   "%local_beta_buffer7_s_33 = load i32* %local_beta_buffer7_s" [cnn.cpp:570]   --->   Operation 301 'load' 'local_beta_buffer7_s_33' <Predicate = true> <Delay = 0.00>
ST_4 : Operation 302 [1/1] (0.00ns)   --->   "%write_flag12_load = load i1* %write_flag12" [cnn.cpp:570]   --->   Operation 302 'load' 'write_flag12_load' <Predicate = true> <Delay = 0.00>
ST_4 : Operation 303 [1/1] (0.00ns)   --->   "%local_beta_buffer155_1 = load i32* %local_beta_buffer155" [cnn.cpp:570]   --->   Operation 303 'load' 'local_beta_buffer155_1' <Predicate = true> <Delay = 0.00>
ST_4 : Operation 304 [1/1] (0.00ns)   --->   "%write_flag10_load = load i1* %write_flag10" [cnn.cpp:570]   --->   Operation 304 'load' 'write_flag10_load' <Predicate = true> <Delay = 0.00>
ST_4 : Operation 305 [1/1] (0.00ns)   --->   "%write_flag9_load = load i1* %write_flag9" [cnn.cpp:570]   --->   Operation 305 'load' 'write_flag9_load' <Predicate = true> <Delay = 0.00>
ST_4 : Operation 306 [1/1] (0.00ns)   --->   "%local_beta_buffer14_1 = load i32* %local_beta_buffer14_s" [cnn.cpp:570]   --->   Operation 306 'load' 'local_beta_buffer14_1' <Predicate = true> <Delay = 0.00>
ST_4 : Operation 307 [1/1] (0.00ns)   --->   "%local_beta_buffer8_s_34 = load i32* %local_beta_buffer8_s" [cnn.cpp:570]   --->   Operation 307 'load' 'local_beta_buffer8_s_34' <Predicate = true> <Delay = 0.00>
ST_4 : Operation 308 [1/1] (0.00ns)   --->   "%write_flag7_load = load i1* %write_flag7" [cnn.cpp:570]   --->   Operation 308 'load' 'write_flag7_load' <Predicate = true> <Delay = 0.00>
ST_4 : Operation 309 [1/1] (0.00ns)   --->   "%local_beta_buffer13_1 = load i32* %local_beta_buffer13_s" [cnn.cpp:570]   --->   Operation 309 'load' 'local_beta_buffer13_1' <Predicate = true> <Delay = 0.00>
ST_4 : Operation 310 [1/1] (0.00ns)   --->   "%write_flag6_load = load i1* %write_flag6" [cnn.cpp:570]   --->   Operation 310 'load' 'write_flag6_load' <Predicate = true> <Delay = 0.00>
ST_4 : Operation 311 [1/1] (0.00ns)   --->   "%write_flag5_load = load i1* %write_flag5" [cnn.cpp:570]   --->   Operation 311 'load' 'write_flag5_load' <Predicate = true> <Delay = 0.00>
ST_4 : Operation 312 [1/1] (0.00ns)   --->   "%local_beta_buffer12_1 = load i32* %local_beta_buffer12_s" [cnn.cpp:570]   --->   Operation 312 'load' 'local_beta_buffer12_1' <Predicate = true> <Delay = 0.00>
ST_4 : Operation 313 [1/1] (0.00ns)   --->   "%local_beta_buffer9_s_35 = load i32* %local_beta_buffer9_s" [cnn.cpp:570]   --->   Operation 313 'load' 'local_beta_buffer9_s_35' <Predicate = true> <Delay = 0.00>
ST_4 : Operation 314 [1/1] (0.00ns)   --->   "%write_flag3_load = load i1* %write_flag3" [cnn.cpp:570]   --->   Operation 314 'load' 'write_flag3_load' <Predicate = true> <Delay = 0.00>
ST_4 : Operation 315 [1/1] (0.00ns)   --->   "%local_beta_buffer11_1 = load i32* %local_beta_buffer11_s" [cnn.cpp:570]   --->   Operation 315 'load' 'local_beta_buffer11_1' <Predicate = true> <Delay = 0.00>
ST_4 : Operation 316 [1/1] (0.00ns)   --->   "%write_flag2_load = load i1* %write_flag2" [cnn.cpp:570]   --->   Operation 316 'load' 'write_flag2_load' <Predicate = true> <Delay = 0.00>
ST_4 : Operation 317 [1/1] (0.00ns)   --->   "%write_flag1_load = load i1* %write_flag1" [cnn.cpp:570]   --->   Operation 317 'load' 'write_flag1_load' <Predicate = true> <Delay = 0.00>
ST_4 : Operation 318 [1/1] (0.00ns)   --->   "%local_beta_buffer10_1 = load i32* %local_beta_buffer10_s" [cnn.cpp:570]   --->   Operation 318 'load' 'local_beta_buffer10_1' <Predicate = true> <Delay = 0.00>
ST_4 : Operation 319 [1/1] (0.69ns)   --->   "%local_beta_buffer_0_1 = select i1 %write_flag_load, i32 %local_beta_buffer_l, i32 %local_beta_buffer_0_2" [cnn.cpp:570]   --->   Operation 319 'select' 'local_beta_buffer_0_1' <Predicate = true> <Delay = 0.69> <Core = "Sel">   --->   Core 26 'Sel' <Latency = 0> <II = 1> <Delay = 0.69> <FuncUnit> <Opcode : 'select'> <InPorts = 3> <OutPorts = 1>
ST_4 : Operation 320 [1/1] (0.69ns)   --->   "%local_beta_buffer_1_1 = select i1 %write_flag4_load, i32 %local_beta_buffer16_1, i32 %local_beta_buffer_1_2" [cnn.cpp:570]   --->   Operation 320 'select' 'local_beta_buffer_1_1' <Predicate = true> <Delay = 0.69> <Core = "Sel">   --->   Core 26 'Sel' <Latency = 0> <II = 1> <Delay = 0.69> <FuncUnit> <Opcode : 'select'> <InPorts = 3> <OutPorts = 1>
ST_4 : Operation 321 [1/1] (0.69ns)   --->   "%local_beta_buffer_2_1 = select i1 %write_flag8_load, i32 %local_beta_buffer2_s_28, i32 %local_beta_buffer_2_2" [cnn.cpp:570]   --->   Operation 321 'select' 'local_beta_buffer_2_1' <Predicate = true> <Delay = 0.69> <Core = "Sel">   --->   Core 26 'Sel' <Latency = 0> <II = 1> <Delay = 0.69> <FuncUnit> <Opcode : 'select'> <InPorts = 3> <OutPorts = 1>
ST_4 : Operation 322 [1/1] (0.69ns)   --->   "%local_beta_buffer_3_1 = select i1 %write_flag11_load, i32 %local_beta_buffer3_s_29, i32 %local_beta_buffer_3_2" [cnn.cpp:570]   --->   Operation 322 'select' 'local_beta_buffer_3_1' <Predicate = true> <Delay = 0.69> <Core = "Sel">   --->   Core 26 'Sel' <Latency = 0> <II = 1> <Delay = 0.69> <FuncUnit> <Opcode : 'select'> <InPorts = 3> <OutPorts = 1>
ST_4 : Operation 323 [1/1] (0.69ns)   --->   "%local_beta_buffer_4_1 = select i1 %write_flag14_load, i32 %local_beta_buffer4_s_30, i32 %local_beta_buffer_4_2" [cnn.cpp:570]   --->   Operation 323 'select' 'local_beta_buffer_4_1' <Predicate = true> <Delay = 0.69> <Core = "Sel">   --->   Core 26 'Sel' <Latency = 0> <II = 1> <Delay = 0.69> <FuncUnit> <Opcode : 'select'> <InPorts = 3> <OutPorts = 1>
ST_4 : Operation 324 [1/1] (0.69ns)   --->   "%local_beta_buffer_5_1 = select i1 %write_flag17_load, i32 %local_beta_buffer5_s_31, i32 %local_beta_buffer_5_2" [cnn.cpp:570]   --->   Operation 324 'select' 'local_beta_buffer_5_1' <Predicate = true> <Delay = 0.69> <Core = "Sel">   --->   Core 26 'Sel' <Latency = 0> <II = 1> <Delay = 0.69> <FuncUnit> <Opcode : 'select'> <InPorts = 3> <OutPorts = 1>
ST_4 : Operation 325 [1/1] (0.69ns)   --->   "%local_beta_buffer_6_1 = select i1 %write_flag19_load, i32 %local_beta_buffer6_s_32, i32 %local_beta_buffer_6_2" [cnn.cpp:570]   --->   Operation 325 'select' 'local_beta_buffer_6_1' <Predicate = true> <Delay = 0.69> <Core = "Sel">   --->   Core 26 'Sel' <Latency = 0> <II = 1> <Delay = 0.69> <FuncUnit> <Opcode : 'select'> <InPorts = 3> <OutPorts = 1>
ST_4 : Operation 326 [1/1] (0.69ns)   --->   "%local_beta_buffer_7_1 = select i1 %write_flag15_load, i32 %local_beta_buffer7_s_33, i32 %local_beta_buffer_7_2" [cnn.cpp:570]   --->   Operation 326 'select' 'local_beta_buffer_7_1' <Predicate = true> <Delay = 0.69> <Core = "Sel">   --->   Core 26 'Sel' <Latency = 0> <II = 1> <Delay = 0.69> <FuncUnit> <Opcode : 'select'> <InPorts = 3> <OutPorts = 1>
ST_4 : Operation 327 [1/1] (0.69ns)   --->   "%local_beta_buffer_8_1 = select i1 %write_flag10_load, i32 %local_beta_buffer8_s_34, i32 %local_beta_buffer_8_2" [cnn.cpp:570]   --->   Operation 327 'select' 'local_beta_buffer_8_1' <Predicate = true> <Delay = 0.69> <Core = "Sel">   --->   Core 26 'Sel' <Latency = 0> <II = 1> <Delay = 0.69> <FuncUnit> <Opcode : 'select'> <InPorts = 3> <OutPorts = 1>
ST_4 : Operation 328 [1/1] (0.69ns)   --->   "%local_beta_buffer_9_1 = select i1 %write_flag6_load, i32 %local_beta_buffer9_s_35, i32 %local_beta_buffer_9_2" [cnn.cpp:570]   --->   Operation 328 'select' 'local_beta_buffer_9_1' <Predicate = true> <Delay = 0.69> <Core = "Sel">   --->   Core 26 'Sel' <Latency = 0> <II = 1> <Delay = 0.69> <FuncUnit> <Opcode : 'select'> <InPorts = 3> <OutPorts = 1>
ST_4 : Operation 329 [1/1] (0.69ns)   --->   "%local_beta_buffer_10_1 = select i1 %write_flag2_load, i32 %local_beta_buffer10_1, i32 %local_beta_buffer_10_2" [cnn.cpp:570]   --->   Operation 329 'select' 'local_beta_buffer_10_1' <Predicate = true> <Delay = 0.69> <Core = "Sel">   --->   Core 26 'Sel' <Latency = 0> <II = 1> <Delay = 0.69> <FuncUnit> <Opcode : 'select'> <InPorts = 3> <OutPorts = 1>
ST_4 : Operation 330 [1/1] (0.69ns)   --->   "%local_beta_buffer_11_1 = select i1 %write_flag1_load, i32 %local_beta_buffer11_1, i32 %local_beta_buffer_11_2" [cnn.cpp:570]   --->   Operation 330 'select' 'local_beta_buffer_11_1' <Predicate = true> <Delay = 0.69> <Core = "Sel">   --->   Core 26 'Sel' <Latency = 0> <II = 1> <Delay = 0.69> <FuncUnit> <Opcode : 'select'> <InPorts = 3> <OutPorts = 1>
ST_4 : Operation 331 [1/1] (0.69ns)   --->   "%local_beta_buffer_12_1 = select i1 %write_flag3_load, i32 %local_beta_buffer12_1, i32 %local_beta_buffer_12_2" [cnn.cpp:570]   --->   Operation 331 'select' 'local_beta_buffer_12_1' <Predicate = true> <Delay = 0.69> <Core = "Sel">   --->   Core 26 'Sel' <Latency = 0> <II = 1> <Delay = 0.69> <FuncUnit> <Opcode : 'select'> <InPorts = 3> <OutPorts = 1>
ST_4 : Operation 332 [1/1] (0.69ns)   --->   "%local_beta_buffer_13_1 = select i1 %write_flag5_load, i32 %local_beta_buffer13_1, i32 %local_beta_buffer_13_2" [cnn.cpp:570]   --->   Operation 332 'select' 'local_beta_buffer_13_1' <Predicate = true> <Delay = 0.69> <Core = "Sel">   --->   Core 26 'Sel' <Latency = 0> <II = 1> <Delay = 0.69> <FuncUnit> <Opcode : 'select'> <InPorts = 3> <OutPorts = 1>
ST_4 : Operation 333 [1/1] (0.69ns)   --->   "%local_beta_buffer_14_1 = select i1 %write_flag7_load, i32 %local_beta_buffer14_1, i32 %local_beta_buffer_14_2" [cnn.cpp:570]   --->   Operation 333 'select' 'local_beta_buffer_14_1' <Predicate = true> <Delay = 0.69> <Core = "Sel">   --->   Core 26 'Sel' <Latency = 0> <II = 1> <Delay = 0.69> <FuncUnit> <Opcode : 'select'> <InPorts = 3> <OutPorts = 1>
ST_4 : Operation 334 [1/1] (0.69ns)   --->   "%local_beta_buffer_15_1 = select i1 %write_flag9_load, i32 %local_beta_buffer155_1, i32 %local_beta_buffer_15_2" [cnn.cpp:570]   --->   Operation 334 'select' 'local_beta_buffer_15_1' <Predicate = true> <Delay = 0.69> <Core = "Sel">   --->   Core 26 'Sel' <Latency = 0> <II = 1> <Delay = 0.69> <FuncUnit> <Opcode : 'select'> <InPorts = 3> <OutPorts = 1>
ST_4 : Operation 335 [1/1] (0.69ns)   --->   "%local_beta_buffer_16_1 = select i1 %write_flag12_load, i32 %local_beta_buffer165_1, i32 %local_beta_buffer_16_2" [cnn.cpp:570]   --->   Operation 335 'select' 'local_beta_buffer_16_1' <Predicate = true> <Delay = 0.69> <Core = "Sel">   --->   Core 26 'Sel' <Latency = 0> <II = 1> <Delay = 0.69> <FuncUnit> <Opcode : 'select'> <InPorts = 3> <OutPorts = 1>
ST_4 : Operation 336 [1/1] (0.69ns)   --->   "%local_beta_buffer_17_1 = select i1 %write_flag13_load, i32 %local_beta_buffer17_1, i32 %local_beta_buffer_17_2" [cnn.cpp:570]   --->   Operation 336 'select' 'local_beta_buffer_17_1' <Predicate = true> <Delay = 0.69> <Core = "Sel">   --->   Core 26 'Sel' <Latency = 0> <II = 1> <Delay = 0.69> <FuncUnit> <Opcode : 'select'> <InPorts = 3> <OutPorts = 1>
ST_4 : Operation 337 [1/1] (0.69ns)   --->   "%local_beta_buffer_18_1 = select i1 %write_flag16_load, i32 %local_beta_buffer18_1, i32 %local_beta_buffer_18_2" [cnn.cpp:570]   --->   Operation 337 'select' 'local_beta_buffer_18_1' <Predicate = true> <Delay = 0.69> <Core = "Sel">   --->   Core 26 'Sel' <Latency = 0> <II = 1> <Delay = 0.69> <FuncUnit> <Opcode : 'select'> <InPorts = 3> <OutPorts = 1>
ST_4 : Operation 338 [1/1] (0.69ns)   --->   "%local_beta_buffer_19_1 = select i1 %write_flag18_load, i32 %local_beta_buffer19_1, i32 %local_beta_buffer_19_2" [cnn.cpp:570]   --->   Operation 338 'select' 'local_beta_buffer_19_1' <Predicate = true> <Delay = 0.69> <Core = "Sel">   --->   Core 26 'Sel' <Latency = 0> <II = 1> <Delay = 0.69> <FuncUnit> <Opcode : 'select'> <InPorts = 3> <OutPorts = 1>
ST_4 : Operation 339 [1/1] (0.69ns)   --->   "%local_beta_buffer_20_1 = select i1 %write_flag20_load, i32 %local_beta_buffer20_1, i32 %local_beta_buffer_20_2" [cnn.cpp:570]   --->   Operation 339 'select' 'local_beta_buffer_20_1' <Predicate = true> <Delay = 0.69> <Core = "Sel">   --->   Core 26 'Sel' <Latency = 0> <II = 1> <Delay = 0.69> <FuncUnit> <Opcode : 'select'> <InPorts = 3> <OutPorts = 1>
ST_4 : Operation 340 [1/1] (0.69ns)   --->   "%local_beta_buffer_21_1 = select i1 %write_flag21_load, i32 %local_beta_buffer21_1, i32 %local_beta_buffer_21_2" [cnn.cpp:570]   --->   Operation 340 'select' 'local_beta_buffer_21_1' <Predicate = true> <Delay = 0.69> <Core = "Sel">   --->   Core 26 'Sel' <Latency = 0> <II = 1> <Delay = 0.69> <FuncUnit> <Opcode : 'select'> <InPorts = 3> <OutPorts = 1>
ST_4 : Operation 341 [1/1] (0.69ns)   --->   "%local_beta_buffer_22_1 = select i1 %write_flag22_load, i32 %local_beta_buffer22_1, i32 %local_beta_buffer_22_2" [cnn.cpp:570]   --->   Operation 341 'select' 'local_beta_buffer_22_1' <Predicate = true> <Delay = 0.69> <Core = "Sel">   --->   Core 26 'Sel' <Latency = 0> <II = 1> <Delay = 0.69> <FuncUnit> <Opcode : 'select'> <InPorts = 3> <OutPorts = 1>
ST_4 : Operation 342 [1/1] (0.69ns)   --->   "%local_beta_buffer_23_1 = select i1 %write_flag23_load, i32 %local_beta_buffer23_1, i32 %local_beta_buffer_23_2" [cnn.cpp:570]   --->   Operation 342 'select' 'local_beta_buffer_23_1' <Predicate = true> <Delay = 0.69> <Core = "Sel">   --->   Core 26 'Sel' <Latency = 0> <II = 1> <Delay = 0.69> <FuncUnit> <Opcode : 'select'> <InPorts = 3> <OutPorts = 1>
ST_4 : Operation 343 [1/1] (0.69ns)   --->   "%local_beta_buffer_24_1 = select i1 %write_flag24_load, i32 %local_beta_buffer24_1, i32 %local_beta_buffer_24_2" [cnn.cpp:570]   --->   Operation 343 'select' 'local_beta_buffer_24_1' <Predicate = true> <Delay = 0.69> <Core = "Sel">   --->   Core 26 'Sel' <Latency = 0> <II = 1> <Delay = 0.69> <FuncUnit> <Opcode : 'select'> <InPorts = 3> <OutPorts = 1>
ST_4 : Operation 344 [1/1] (0.69ns)   --->   "%local_beta_buffer_25_1 = select i1 %write_flag25_load, i32 %local_beta_buffer25_1, i32 %local_beta_buffer_25_2" [cnn.cpp:570]   --->   Operation 344 'select' 'local_beta_buffer_25_1' <Predicate = true> <Delay = 0.69> <Core = "Sel">   --->   Core 26 'Sel' <Latency = 0> <II = 1> <Delay = 0.69> <FuncUnit> <Opcode : 'select'> <InPorts = 3> <OutPorts = 1>
ST_4 : Operation 345 [1/1] (0.69ns)   --->   "%local_beta_buffer_26_1 = select i1 %write_flag26_load, i32 %local_beta_buffer26_1, i32 %local_beta_buffer_26_2" [cnn.cpp:570]   --->   Operation 345 'select' 'local_beta_buffer_26_1' <Predicate = true> <Delay = 0.69> <Core = "Sel">   --->   Core 26 'Sel' <Latency = 0> <II = 1> <Delay = 0.69> <FuncUnit> <Opcode : 'select'> <InPorts = 3> <OutPorts = 1>
ST_4 : Operation 346 [1/1] (0.69ns)   --->   "%local_beta_buffer_27_1 = select i1 %write_flag27_load, i32 %local_beta_buffer27_1, i32 %local_beta_buffer_27_2" [cnn.cpp:570]   --->   Operation 346 'select' 'local_beta_buffer_27_1' <Predicate = true> <Delay = 0.69> <Core = "Sel">   --->   Core 26 'Sel' <Latency = 0> <II = 1> <Delay = 0.69> <FuncUnit> <Opcode : 'select'> <InPorts = 3> <OutPorts = 1>
ST_4 : Operation 347 [1/1] (0.69ns)   --->   "%local_beta_buffer_28_1 = select i1 %write_flag28_load, i32 %local_beta_buffer28_1, i32 %local_beta_buffer_28_2" [cnn.cpp:570]   --->   Operation 347 'select' 'local_beta_buffer_28_1' <Predicate = true> <Delay = 0.69> <Core = "Sel">   --->   Core 26 'Sel' <Latency = 0> <II = 1> <Delay = 0.69> <FuncUnit> <Opcode : 'select'> <InPorts = 3> <OutPorts = 1>
ST_4 : Operation 348 [1/1] (0.69ns)   --->   "%local_beta_buffer_29_1 = select i1 %write_flag29_load, i32 %local_beta_buffer299_1, i32 %local_beta_buffer_29_2" [cnn.cpp:570]   --->   Operation 348 'select' 'local_beta_buffer_29_1' <Predicate = true> <Delay = 0.69> <Core = "Sel">   --->   Core 26 'Sel' <Latency = 0> <II = 1> <Delay = 0.69> <FuncUnit> <Opcode : 'select'> <InPorts = 3> <OutPorts = 1>
ST_4 : Operation 349 [1/1] (0.69ns)   --->   "%local_beta_buffer_30_1 = select i1 %write_flag30_load, i32 %local_beta_buffer30_1, i32 %local_beta_buffer_30_2" [cnn.cpp:570]   --->   Operation 349 'select' 'local_beta_buffer_30_1' <Predicate = true> <Delay = 0.69> <Core = "Sel">   --->   Core 26 'Sel' <Latency = 0> <II = 1> <Delay = 0.69> <FuncUnit> <Opcode : 'select'> <InPorts = 3> <OutPorts = 1>
ST_4 : Operation 350 [1/1] (0.69ns)   --->   "%local_beta_buffer_31_1 = select i1 %write_flag31_load, i32 %local_beta_buffer31_1, i32 %local_beta_buffer_31_2" [cnn.cpp:570]   --->   Operation 350 'select' 'local_beta_buffer_31_1' <Predicate = true> <Delay = 0.69> <Core = "Sel">   --->   Core 26 'Sel' <Latency = 0> <II = 1> <Delay = 0.69> <FuncUnit> <Opcode : 'select'> <InPorts = 3> <OutPorts = 1>
ST_4 : Operation 351 [1/1] (0.00ns)   --->   "%mrv = insertvalue { i32, i32, i32, i32, i32, i32, i32, i32, i32, i32, i32, i32, i32, i32, i32, i32, i32, i32, i32, i32, i32, i32, i32, i32, i32, i32, i32, i32, i32, i32, i32, i32 } undef, i32 %local_beta_buffer_0_1, 0" [cnn.cpp:570]   --->   Operation 351 'insertvalue' 'mrv' <Predicate = true> <Delay = 0.00>
ST_4 : Operation 352 [1/1] (0.00ns)   --->   "%mrv_1 = insertvalue { i32, i32, i32, i32, i32, i32, i32, i32, i32, i32, i32, i32, i32, i32, i32, i32, i32, i32, i32, i32, i32, i32, i32, i32, i32, i32, i32, i32, i32, i32, i32, i32 } %mrv, i32 %local_beta_buffer_1_1, 1" [cnn.cpp:570]   --->   Operation 352 'insertvalue' 'mrv_1' <Predicate = true> <Delay = 0.00>
ST_4 : Operation 353 [1/1] (0.00ns)   --->   "%mrv_2 = insertvalue { i32, i32, i32, i32, i32, i32, i32, i32, i32, i32, i32, i32, i32, i32, i32, i32, i32, i32, i32, i32, i32, i32, i32, i32, i32, i32, i32, i32, i32, i32, i32, i32 } %mrv_1, i32 %local_beta_buffer_2_1, 2" [cnn.cpp:570]   --->   Operation 353 'insertvalue' 'mrv_2' <Predicate = true> <Delay = 0.00>
ST_4 : Operation 354 [1/1] (0.00ns)   --->   "%mrv_3 = insertvalue { i32, i32, i32, i32, i32, i32, i32, i32, i32, i32, i32, i32, i32, i32, i32, i32, i32, i32, i32, i32, i32, i32, i32, i32, i32, i32, i32, i32, i32, i32, i32, i32 } %mrv_2, i32 %local_beta_buffer_3_1, 3" [cnn.cpp:570]   --->   Operation 354 'insertvalue' 'mrv_3' <Predicate = true> <Delay = 0.00>
ST_4 : Operation 355 [1/1] (0.00ns)   --->   "%mrv_4 = insertvalue { i32, i32, i32, i32, i32, i32, i32, i32, i32, i32, i32, i32, i32, i32, i32, i32, i32, i32, i32, i32, i32, i32, i32, i32, i32, i32, i32, i32, i32, i32, i32, i32 } %mrv_3, i32 %local_beta_buffer_4_1, 4" [cnn.cpp:570]   --->   Operation 355 'insertvalue' 'mrv_4' <Predicate = true> <Delay = 0.00>
ST_4 : Operation 356 [1/1] (0.00ns)   --->   "%mrv_5 = insertvalue { i32, i32, i32, i32, i32, i32, i32, i32, i32, i32, i32, i32, i32, i32, i32, i32, i32, i32, i32, i32, i32, i32, i32, i32, i32, i32, i32, i32, i32, i32, i32, i32 } %mrv_4, i32 %local_beta_buffer_5_1, 5" [cnn.cpp:570]   --->   Operation 356 'insertvalue' 'mrv_5' <Predicate = true> <Delay = 0.00>
ST_4 : Operation 357 [1/1] (0.00ns)   --->   "%mrv_6 = insertvalue { i32, i32, i32, i32, i32, i32, i32, i32, i32, i32, i32, i32, i32, i32, i32, i32, i32, i32, i32, i32, i32, i32, i32, i32, i32, i32, i32, i32, i32, i32, i32, i32 } %mrv_5, i32 %local_beta_buffer_6_1, 6" [cnn.cpp:570]   --->   Operation 357 'insertvalue' 'mrv_6' <Predicate = true> <Delay = 0.00>
ST_4 : Operation 358 [1/1] (0.00ns)   --->   "%mrv_7 = insertvalue { i32, i32, i32, i32, i32, i32, i32, i32, i32, i32, i32, i32, i32, i32, i32, i32, i32, i32, i32, i32, i32, i32, i32, i32, i32, i32, i32, i32, i32, i32, i32, i32 } %mrv_6, i32 %local_beta_buffer_7_1, 7" [cnn.cpp:570]   --->   Operation 358 'insertvalue' 'mrv_7' <Predicate = true> <Delay = 0.00>
ST_4 : Operation 359 [1/1] (0.00ns)   --->   "%mrv_8 = insertvalue { i32, i32, i32, i32, i32, i32, i32, i32, i32, i32, i32, i32, i32, i32, i32, i32, i32, i32, i32, i32, i32, i32, i32, i32, i32, i32, i32, i32, i32, i32, i32, i32 } %mrv_7, i32 %local_beta_buffer_8_1, 8" [cnn.cpp:570]   --->   Operation 359 'insertvalue' 'mrv_8' <Predicate = true> <Delay = 0.00>
ST_4 : Operation 360 [1/1] (0.00ns)   --->   "%mrv_9 = insertvalue { i32, i32, i32, i32, i32, i32, i32, i32, i32, i32, i32, i32, i32, i32, i32, i32, i32, i32, i32, i32, i32, i32, i32, i32, i32, i32, i32, i32, i32, i32, i32, i32 } %mrv_8, i32 %local_beta_buffer_9_1, 9" [cnn.cpp:570]   --->   Operation 360 'insertvalue' 'mrv_9' <Predicate = true> <Delay = 0.00>
ST_4 : Operation 361 [1/1] (0.00ns)   --->   "%mrv_s = insertvalue { i32, i32, i32, i32, i32, i32, i32, i32, i32, i32, i32, i32, i32, i32, i32, i32, i32, i32, i32, i32, i32, i32, i32, i32, i32, i32, i32, i32, i32, i32, i32, i32 } %mrv_9, i32 %local_beta_buffer_10_1, 10" [cnn.cpp:570]   --->   Operation 361 'insertvalue' 'mrv_s' <Predicate = true> <Delay = 0.00>
ST_4 : Operation 362 [1/1] (0.00ns)   --->   "%mrv_10 = insertvalue { i32, i32, i32, i32, i32, i32, i32, i32, i32, i32, i32, i32, i32, i32, i32, i32, i32, i32, i32, i32, i32, i32, i32, i32, i32, i32, i32, i32, i32, i32, i32, i32 } %mrv_s, i32 %local_beta_buffer_11_1, 11" [cnn.cpp:570]   --->   Operation 362 'insertvalue' 'mrv_10' <Predicate = true> <Delay = 0.00>
ST_4 : Operation 363 [1/1] (0.00ns)   --->   "%mrv_11 = insertvalue { i32, i32, i32, i32, i32, i32, i32, i32, i32, i32, i32, i32, i32, i32, i32, i32, i32, i32, i32, i32, i32, i32, i32, i32, i32, i32, i32, i32, i32, i32, i32, i32 } %mrv_10, i32 %local_beta_buffer_12_1, 12" [cnn.cpp:570]   --->   Operation 363 'insertvalue' 'mrv_11' <Predicate = true> <Delay = 0.00>
ST_4 : Operation 364 [1/1] (0.00ns)   --->   "%mrv_12 = insertvalue { i32, i32, i32, i32, i32, i32, i32, i32, i32, i32, i32, i32, i32, i32, i32, i32, i32, i32, i32, i32, i32, i32, i32, i32, i32, i32, i32, i32, i32, i32, i32, i32 } %mrv_11, i32 %local_beta_buffer_13_1, 13" [cnn.cpp:570]   --->   Operation 364 'insertvalue' 'mrv_12' <Predicate = true> <Delay = 0.00>
ST_4 : Operation 365 [1/1] (0.00ns)   --->   "%mrv_13 = insertvalue { i32, i32, i32, i32, i32, i32, i32, i32, i32, i32, i32, i32, i32, i32, i32, i32, i32, i32, i32, i32, i32, i32, i32, i32, i32, i32, i32, i32, i32, i32, i32, i32 } %mrv_12, i32 %local_beta_buffer_14_1, 14" [cnn.cpp:570]   --->   Operation 365 'insertvalue' 'mrv_13' <Predicate = true> <Delay = 0.00>
ST_4 : Operation 366 [1/1] (0.00ns)   --->   "%mrv_14 = insertvalue { i32, i32, i32, i32, i32, i32, i32, i32, i32, i32, i32, i32, i32, i32, i32, i32, i32, i32, i32, i32, i32, i32, i32, i32, i32, i32, i32, i32, i32, i32, i32, i32 } %mrv_13, i32 %local_beta_buffer_15_1, 15" [cnn.cpp:570]   --->   Operation 366 'insertvalue' 'mrv_14' <Predicate = true> <Delay = 0.00>
ST_4 : Operation 367 [1/1] (0.00ns)   --->   "%mrv_15 = insertvalue { i32, i32, i32, i32, i32, i32, i32, i32, i32, i32, i32, i32, i32, i32, i32, i32, i32, i32, i32, i32, i32, i32, i32, i32, i32, i32, i32, i32, i32, i32, i32, i32 } %mrv_14, i32 %local_beta_buffer_16_1, 16" [cnn.cpp:570]   --->   Operation 367 'insertvalue' 'mrv_15' <Predicate = true> <Delay = 0.00>
ST_4 : Operation 368 [1/1] (0.00ns)   --->   "%mrv_16 = insertvalue { i32, i32, i32, i32, i32, i32, i32, i32, i32, i32, i32, i32, i32, i32, i32, i32, i32, i32, i32, i32, i32, i32, i32, i32, i32, i32, i32, i32, i32, i32, i32, i32 } %mrv_15, i32 %local_beta_buffer_17_1, 17" [cnn.cpp:570]   --->   Operation 368 'insertvalue' 'mrv_16' <Predicate = true> <Delay = 0.00>
ST_4 : Operation 369 [1/1] (0.00ns)   --->   "%mrv_17 = insertvalue { i32, i32, i32, i32, i32, i32, i32, i32, i32, i32, i32, i32, i32, i32, i32, i32, i32, i32, i32, i32, i32, i32, i32, i32, i32, i32, i32, i32, i32, i32, i32, i32 } %mrv_16, i32 %local_beta_buffer_18_1, 18" [cnn.cpp:570]   --->   Operation 369 'insertvalue' 'mrv_17' <Predicate = true> <Delay = 0.00>
ST_4 : Operation 370 [1/1] (0.00ns)   --->   "%mrv_18 = insertvalue { i32, i32, i32, i32, i32, i32, i32, i32, i32, i32, i32, i32, i32, i32, i32, i32, i32, i32, i32, i32, i32, i32, i32, i32, i32, i32, i32, i32, i32, i32, i32, i32 } %mrv_17, i32 %local_beta_buffer_19_1, 19" [cnn.cpp:570]   --->   Operation 370 'insertvalue' 'mrv_18' <Predicate = true> <Delay = 0.00>
ST_4 : Operation 371 [1/1] (0.00ns)   --->   "%mrv_19 = insertvalue { i32, i32, i32, i32, i32, i32, i32, i32, i32, i32, i32, i32, i32, i32, i32, i32, i32, i32, i32, i32, i32, i32, i32, i32, i32, i32, i32, i32, i32, i32, i32, i32 } %mrv_18, i32 %local_beta_buffer_20_1, 20" [cnn.cpp:570]   --->   Operation 371 'insertvalue' 'mrv_19' <Predicate = true> <Delay = 0.00>
ST_4 : Operation 372 [1/1] (0.00ns)   --->   "%mrv_20 = insertvalue { i32, i32, i32, i32, i32, i32, i32, i32, i32, i32, i32, i32, i32, i32, i32, i32, i32, i32, i32, i32, i32, i32, i32, i32, i32, i32, i32, i32, i32, i32, i32, i32 } %mrv_19, i32 %local_beta_buffer_21_1, 21" [cnn.cpp:570]   --->   Operation 372 'insertvalue' 'mrv_20' <Predicate = true> <Delay = 0.00>
ST_4 : Operation 373 [1/1] (0.00ns)   --->   "%mrv_21 = insertvalue { i32, i32, i32, i32, i32, i32, i32, i32, i32, i32, i32, i32, i32, i32, i32, i32, i32, i32, i32, i32, i32, i32, i32, i32, i32, i32, i32, i32, i32, i32, i32, i32 } %mrv_20, i32 %local_beta_buffer_22_1, 22" [cnn.cpp:570]   --->   Operation 373 'insertvalue' 'mrv_21' <Predicate = true> <Delay = 0.00>
ST_4 : Operation 374 [1/1] (0.00ns)   --->   "%mrv_22 = insertvalue { i32, i32, i32, i32, i32, i32, i32, i32, i32, i32, i32, i32, i32, i32, i32, i32, i32, i32, i32, i32, i32, i32, i32, i32, i32, i32, i32, i32, i32, i32, i32, i32 } %mrv_21, i32 %local_beta_buffer_23_1, 23" [cnn.cpp:570]   --->   Operation 374 'insertvalue' 'mrv_22' <Predicate = true> <Delay = 0.00>
ST_4 : Operation 375 [1/1] (0.00ns)   --->   "%mrv_23 = insertvalue { i32, i32, i32, i32, i32, i32, i32, i32, i32, i32, i32, i32, i32, i32, i32, i32, i32, i32, i32, i32, i32, i32, i32, i32, i32, i32, i32, i32, i32, i32, i32, i32 } %mrv_22, i32 %local_beta_buffer_24_1, 24" [cnn.cpp:570]   --->   Operation 375 'insertvalue' 'mrv_23' <Predicate = true> <Delay = 0.00>
ST_4 : Operation 376 [1/1] (0.00ns)   --->   "%mrv_24 = insertvalue { i32, i32, i32, i32, i32, i32, i32, i32, i32, i32, i32, i32, i32, i32, i32, i32, i32, i32, i32, i32, i32, i32, i32, i32, i32, i32, i32, i32, i32, i32, i32, i32 } %mrv_23, i32 %local_beta_buffer_25_1, 25" [cnn.cpp:570]   --->   Operation 376 'insertvalue' 'mrv_24' <Predicate = true> <Delay = 0.00>
ST_4 : Operation 377 [1/1] (0.00ns)   --->   "%mrv_25 = insertvalue { i32, i32, i32, i32, i32, i32, i32, i32, i32, i32, i32, i32, i32, i32, i32, i32, i32, i32, i32, i32, i32, i32, i32, i32, i32, i32, i32, i32, i32, i32, i32, i32 } %mrv_24, i32 %local_beta_buffer_26_1, 26" [cnn.cpp:570]   --->   Operation 377 'insertvalue' 'mrv_25' <Predicate = true> <Delay = 0.00>
ST_4 : Operation 378 [1/1] (0.00ns)   --->   "%mrv_26 = insertvalue { i32, i32, i32, i32, i32, i32, i32, i32, i32, i32, i32, i32, i32, i32, i32, i32, i32, i32, i32, i32, i32, i32, i32, i32, i32, i32, i32, i32, i32, i32, i32, i32 } %mrv_25, i32 %local_beta_buffer_27_1, 27" [cnn.cpp:570]   --->   Operation 378 'insertvalue' 'mrv_26' <Predicate = true> <Delay = 0.00>
ST_4 : Operation 379 [1/1] (0.00ns)   --->   "%mrv_27 = insertvalue { i32, i32, i32, i32, i32, i32, i32, i32, i32, i32, i32, i32, i32, i32, i32, i32, i32, i32, i32, i32, i32, i32, i32, i32, i32, i32, i32, i32, i32, i32, i32, i32 } %mrv_26, i32 %local_beta_buffer_28_1, 28" [cnn.cpp:570]   --->   Operation 379 'insertvalue' 'mrv_27' <Predicate = true> <Delay = 0.00>
ST_4 : Operation 380 [1/1] (0.00ns)   --->   "%mrv_28 = insertvalue { i32, i32, i32, i32, i32, i32, i32, i32, i32, i32, i32, i32, i32, i32, i32, i32, i32, i32, i32, i32, i32, i32, i32, i32, i32, i32, i32, i32, i32, i32, i32, i32 } %mrv_27, i32 %local_beta_buffer_29_1, 29" [cnn.cpp:570]   --->   Operation 380 'insertvalue' 'mrv_28' <Predicate = true> <Delay = 0.00>
ST_4 : Operation 381 [1/1] (0.00ns)   --->   "%mrv_29 = insertvalue { i32, i32, i32, i32, i32, i32, i32, i32, i32, i32, i32, i32, i32, i32, i32, i32, i32, i32, i32, i32, i32, i32, i32, i32, i32, i32, i32, i32, i32, i32, i32, i32 } %mrv_28, i32 %local_beta_buffer_30_1, 30" [cnn.cpp:570]   --->   Operation 381 'insertvalue' 'mrv_29' <Predicate = true> <Delay = 0.00>
ST_4 : Operation 382 [1/1] (0.00ns)   --->   "%mrv_30 = insertvalue { i32, i32, i32, i32, i32, i32, i32, i32, i32, i32, i32, i32, i32, i32, i32, i32, i32, i32, i32, i32, i32, i32, i32, i32, i32, i32, i32, i32, i32, i32, i32, i32 } %mrv_29, i32 %local_beta_buffer_31_1, 31" [cnn.cpp:570]   --->   Operation 382 'insertvalue' 'mrv_30' <Predicate = true> <Delay = 0.00>
ST_4 : Operation 383 [1/1] (0.00ns)   --->   "ret { i32, i32, i32, i32, i32, i32, i32, i32, i32, i32, i32, i32, i32, i32, i32, i32, i32, i32, i32, i32, i32, i32, i32, i32, i32, i32, i32, i32, i32, i32, i32, i32 } %mrv_30" [cnn.cpp:570]   --->   Operation 383 'ret' <Predicate = true> <Delay = 0.00>


============================================================
+ Verbose Summary: Timing violations
============================================================
Target clock period: 10ns, clock uncertainty: 1.25ns.

 <State 1>: 1.77ns
The critical path consists of the following:
	'alloca' operation ('write_flag') [38]  (0 ns)
	'store' operation of constant 0 on local variable 'write_flag' [169]  (1.77 ns)

 <State 2>: 3.25ns
The critical path consists of the following:
	'phi' operation ('offset') with incoming values : ('m') ('offset', cnn.cpp:568) [172]  (0 ns)
	'getelementptr' operation ('beta_buffer_addr', cnn.cpp:567) [182]  (0 ns)
	'load' operation ('beta_buffer_load', cnn.cpp:567) on array 'beta_buffer' [183]  (3.25 ns)

 <State 3>: 7.24ns
The critical path consists of the following:
	'load' operation ('beta_buffer_load', cnn.cpp:567) on array 'beta_buffer' [183]  (3.25 ns)
	'shl' operation ('local_beta_buffer', cnn.cpp:567) [185]  (3.99 ns)
	'store' operation (cnn.cpp:567) of variable 'local_beta_buffer_ca', cnn.cpp:567 on local variable 'local_beta_buffer25_s' [211]  (0 ns)

 <State 4>: 0.698ns
The critical path consists of the following:
	'load' operation ('local_beta_buffer31_1', cnn.cpp:570) on local variable 'local_beta_buffer31_s' [322]  (0 ns)
	'select' operation ('local_beta_buffer[31]', cnn.cpp:570) [417]  (0.698 ns)


============================================================
+ Verbose Summary: Binding
============================================================
N/A
* FSMD analyzer results:
  - Output states:
 - Input state : 
  - Chain level:
	State 1
	State 2
	State 3
	State 4


============================================================
+ Verbose Summary: Datapath Resource usage 
============================================================
N/A
