

================================================================
== Vivado HLS Report for 'weight_mmcpy_everyKx'
================================================================
* Date:           Thu Jul 29 20:17:30 2021

* Version:        2018.2 (Build 2258646 on Thu Jun 14 20:25:20 MDT 2018)
* Project:        Yolo_demo
* Solution:       solution1
* Product family: zynq
* Target device:  xc7z020clg400-1


================================================================
== Performance Estimates
================================================================
+ Timing (ns): 
    * Summary: 
    +--------+-------+----------+------------+
    |  Clock | Target| Estimated| Uncertainty|
    +--------+-------+----------+------------+
    |ap_clk  |  10.00|     8.750|        1.25|
    +--------+-------+----------+------------+

+ Latency (clock cycles): 
    * Summary: 
    +-----+-----+-----+-----+---------+
    |  Latency  |  Interval | Pipeline|
    | min | max | min | max |   Type  |
    +-----+-----+-----+-----+---------+
    |    1|  266|    1|  266|   none  |
    +-----+-----+-----+-----+---------+

    + Detail: 
        * Instance: 
        N/A

        * Loop: 
        +------------------------------------------+-----+-----+----------+-----------+-----------+---------+----------+
        |                                          |  Latency  | Iteration|  Initiation Interval  |   Trip  |          |
        |                 Loop Name                | min | max |  Latency |  achieved |   target  |  Count  | Pipelined|
        +------------------------------------------+-----+-----+----------+-----------+-----------+---------+----------+
        |- memcpy.weight_memcpy_buffer.gep.Weight  |    0|  256|         3|          1|          1| 0 ~ 255 |    yes   |
        +------------------------------------------+-----+-----+----------+-----------+-----------+---------+----------+



================================================================
== Utilization Estimates
================================================================
* Summary: 
+-----------------+---------+-------+--------+-------+
|       Name      | BRAM_18K| DSP48E|   FF   |  LUT  |
+-----------------+---------+-------+--------+-------+
|DSP              |        -|      -|       -|      -|
|Expression       |        -|      -|       0|    145|
|FIFO             |        -|      -|       -|      -|
|Instance         |        -|      -|       -|      -|
|Memory           |        -|      -|       -|      -|
|Multiplexer      |        -|      -|       -|    152|
|Register         |        -|      -|     191|      -|
+-----------------+---------+-------+--------+-------+
|Total            |        0|      0|     191|    297|
+-----------------+---------+-------+--------+-------+
|Available        |      280|    220|  106400|  53200|
+-----------------+---------+-------+--------+-------+
|Utilization (%)  |        0|      0|   ~0   |   ~0  |
+-----------------+---------+-------+--------+-------+

+ Detail: 
    * Instance: 
    N/A

    * DSP48: 
    N/A

    * Memory: 
    N/A

    * FIFO: 
    N/A

    * Expression: 
    +-----------------------------------+----------+-------+---+----+------------+------------+
    |           Variable Name           | Operation| DSP48E| FF| LUT| Bitwidth P0| Bitwidth P1|
    +-----------------------------------+----------+-------+---+----+------------+------------+
    |indvar_next_fu_233_p2              |     +    |      0|  0|  15|           8|           1|
    |sum_fu_212_p2                      |     +    |      0|  0|  40|          33|          33|
    |tmp_1_fu_244_p2                    |     +    |      0|  0|  39|          32|          32|
    |ap_block_pp0_stage0_11001          |    and   |      0|  0|   2|           1|           1|
    |ap_block_state10_pp0_stage0_iter1  |    and   |      0|  0|   2|           1|           1|
    |exitcond_fu_228_p2                 |   icmp   |      0|  0|  11|           8|           8|
    |p_Woffset_load_fu_196_p3           |  select  |      0|  0|  32|           1|           1|
    |ap_enable_pp0                      |    xor   |      0|  0|   2|           1|           2|
    |ap_enable_reg_pp0_iter1            |    xor   |      0|  0|   2|           2|           1|
    +-----------------------------------+----------+-------+---+----+------------+------------+
    |Total                              |          |      0|  0| 145|          87|          80|
    +-----------------------------------+----------+-------+---+----+------------+------------+

    * Multiplexer: 
    +-------------------------------------+----+-----------+-----+-----------+
    |                 Name                | LUT| Input Size| Bits| Total Bits|
    +-------------------------------------+----+-----------+-----+-----------+
    |Weight_blk_n_AR                      |   9|          2|    1|          2|
    |Weight_blk_n_R                       |   9|          2|    1|          2|
    |ap_NS_fsm                            |  53|         12|    1|         12|
    |ap_enable_reg_pp0_iter1              |   9|          2|    1|          2|
    |ap_enable_reg_pp0_iter2              |   9|          2|    1|          2|
    |ap_phi_mux_indvar_phi_fu_158_p4      |   9|          2|    8|         16|
    |ap_return_0                          |   9|          2|    3|          6|
    |ap_return_1                          |   9|          2|    3|          6|
    |ap_sig_ioackin_m_axi_Weight_ARREADY  |   9|          2|    1|          2|
    |indvar_reg_154                       |   9|          2|    8|         16|
    |next_t3_0_V_write_a_reg_175          |   9|          2|    3|          6|
    |next_t4_0_V_write_a_reg_166          |   9|          2|    3|          6|
    +-------------------------------------+----+-----------+-----+-----------+
    |Total                                | 152|         34|   34|         78|
    +-------------------------------------+----+-----------+-----+-----------+

    * Register: 
    +-------------------------------------+----+----+-----+-----------+
    |                 Name                | FF | LUT| Bits| Const Bits|
    +-------------------------------------+----+----+-----+-----------+
    |ReadLength_cast1_reg_289             |   8|   0|   32|         24|
    |Weight_addr_read_reg_320             |  32|   0|   32|          0|
    |Weight_addr_reg_305                  |  32|   0|   32|          0|
    |Woffset                              |  32|   0|   32|          0|
    |ap_CS_fsm                            |  11|   0|   11|          0|
    |ap_enable_reg_pp0_iter0              |   1|   0|    1|          0|
    |ap_enable_reg_pp0_iter1              |   1|   0|    1|          0|
    |ap_enable_reg_pp0_iter2              |   1|   0|    1|          0|
    |ap_reg_ioackin_m_axi_Weight_ARREADY  |   1|   0|    1|          0|
    |ap_return_0_preg                     |   3|   0|    3|          0|
    |ap_return_1_preg                     |   3|   0|    3|          0|
    |exitcond_reg_311                     |   1|   0|    1|          0|
    |exitcond_reg_311_pp0_iter1_reg       |   1|   0|    1|          0|
    |indvar_next_reg_315                  |   8|   0|    8|          0|
    |indvar_reg_154                       |   8|   0|    8|          0|
    |indvar_reg_154_pp0_iter1_reg         |   8|   0|    8|          0|
    |next_t3_0_V_write_a_reg_175          |   3|   0|    3|          0|
    |next_t4_0_V_write_a_reg_166          |   3|   0|    3|          0|
    |p_Woffset_load_reg_300               |  32|   0|   32|          0|
    |t3_V_cast_reg_295                    |   2|   0|    3|          1|
    +-------------------------------------+----+----+-----+-----------+
    |Total                                | 191|   0|  216|         25|
    +-------------------------------------+----+----+-----+-----------+



================================================================
== Interface
================================================================
* Summary: 
+-------------------------------+-----+-----+------------+----------------------+--------------+
|           RTL Ports           | Dir | Bits|  Protocol  |     Source Object    |    C Type    |
+-------------------------------+-----+-----+------------+----------------------+--------------+
|ap_clk                         |  in |    1| ap_ctrl_hs | weight_mmcpy_everyKx | return value |
|ap_rst                         |  in |    1| ap_ctrl_hs | weight_mmcpy_everyKx | return value |
|ap_start                       |  in |    1| ap_ctrl_hs | weight_mmcpy_everyKx | return value |
|ap_done                        | out |    1| ap_ctrl_hs | weight_mmcpy_everyKx | return value |
|ap_idle                        | out |    1| ap_ctrl_hs | weight_mmcpy_everyKx | return value |
|ap_ready                       | out |    1| ap_ctrl_hs | weight_mmcpy_everyKx | return value |
|ap_return_0                    | out |    3| ap_ctrl_hs | weight_mmcpy_everyKx | return value |
|ap_return_1                    | out |    3| ap_ctrl_hs | weight_mmcpy_everyKx | return value |
|m_axi_Weight_AWVALID           | out |    1|    m_axi   |        Weight        |    pointer   |
|m_axi_Weight_AWREADY           |  in |    1|    m_axi   |        Weight        |    pointer   |
|m_axi_Weight_AWADDR            | out |   32|    m_axi   |        Weight        |    pointer   |
|m_axi_Weight_AWID              | out |    1|    m_axi   |        Weight        |    pointer   |
|m_axi_Weight_AWLEN             | out |   32|    m_axi   |        Weight        |    pointer   |
|m_axi_Weight_AWSIZE            | out |    3|    m_axi   |        Weight        |    pointer   |
|m_axi_Weight_AWBURST           | out |    2|    m_axi   |        Weight        |    pointer   |
|m_axi_Weight_AWLOCK            | out |    2|    m_axi   |        Weight        |    pointer   |
|m_axi_Weight_AWCACHE           | out |    4|    m_axi   |        Weight        |    pointer   |
|m_axi_Weight_AWPROT            | out |    3|    m_axi   |        Weight        |    pointer   |
|m_axi_Weight_AWQOS             | out |    4|    m_axi   |        Weight        |    pointer   |
|m_axi_Weight_AWREGION          | out |    4|    m_axi   |        Weight        |    pointer   |
|m_axi_Weight_AWUSER            | out |    1|    m_axi   |        Weight        |    pointer   |
|m_axi_Weight_WVALID            | out |    1|    m_axi   |        Weight        |    pointer   |
|m_axi_Weight_WREADY            |  in |    1|    m_axi   |        Weight        |    pointer   |
|m_axi_Weight_WDATA             | out |   32|    m_axi   |        Weight        |    pointer   |
|m_axi_Weight_WSTRB             | out |    4|    m_axi   |        Weight        |    pointer   |
|m_axi_Weight_WLAST             | out |    1|    m_axi   |        Weight        |    pointer   |
|m_axi_Weight_WID               | out |    1|    m_axi   |        Weight        |    pointer   |
|m_axi_Weight_WUSER             | out |    1|    m_axi   |        Weight        |    pointer   |
|m_axi_Weight_ARVALID           | out |    1|    m_axi   |        Weight        |    pointer   |
|m_axi_Weight_ARREADY           |  in |    1|    m_axi   |        Weight        |    pointer   |
|m_axi_Weight_ARADDR            | out |   32|    m_axi   |        Weight        |    pointer   |
|m_axi_Weight_ARID              | out |    1|    m_axi   |        Weight        |    pointer   |
|m_axi_Weight_ARLEN             | out |   32|    m_axi   |        Weight        |    pointer   |
|m_axi_Weight_ARSIZE            | out |    3|    m_axi   |        Weight        |    pointer   |
|m_axi_Weight_ARBURST           | out |    2|    m_axi   |        Weight        |    pointer   |
|m_axi_Weight_ARLOCK            | out |    2|    m_axi   |        Weight        |    pointer   |
|m_axi_Weight_ARCACHE           | out |    4|    m_axi   |        Weight        |    pointer   |
|m_axi_Weight_ARPROT            | out |    3|    m_axi   |        Weight        |    pointer   |
|m_axi_Weight_ARQOS             | out |    4|    m_axi   |        Weight        |    pointer   |
|m_axi_Weight_ARREGION          | out |    4|    m_axi   |        Weight        |    pointer   |
|m_axi_Weight_ARUSER            | out |    1|    m_axi   |        Weight        |    pointer   |
|m_axi_Weight_RVALID            |  in |    1|    m_axi   |        Weight        |    pointer   |
|m_axi_Weight_RREADY            | out |    1|    m_axi   |        Weight        |    pointer   |
|m_axi_Weight_RDATA             |  in |   32|    m_axi   |        Weight        |    pointer   |
|m_axi_Weight_RLAST             |  in |    1|    m_axi   |        Weight        |    pointer   |
|m_axi_Weight_RID               |  in |    1|    m_axi   |        Weight        |    pointer   |
|m_axi_Weight_RUSER             |  in |    1|    m_axi   |        Weight        |    pointer   |
|m_axi_Weight_RRESP             |  in |    2|    m_axi   |        Weight        |    pointer   |
|m_axi_Weight_BVALID            |  in |    1|    m_axi   |        Weight        |    pointer   |
|m_axi_Weight_BREADY            | out |    1|    m_axi   |        Weight        |    pointer   |
|m_axi_Weight_BRESP             |  in |    2|    m_axi   |        Weight        |    pointer   |
|m_axi_Weight_BID               |  in |    1|    m_axi   |        Weight        |    pointer   |
|m_axi_Weight_BUSER             |  in |    1|    m_axi   |        Weight        |    pointer   |
|Weight_offset                  |  in |   30|   ap_none  |     Weight_offset    |    scalar    |
|weight_memcpy_buffer_address0  | out |    6|  ap_memory | weight_memcpy_buffer |     array    |
|weight_memcpy_buffer_ce0       | out |    1|  ap_memory | weight_memcpy_buffer |     array    |
|weight_memcpy_buffer_we0       | out |    1|  ap_memory | weight_memcpy_buffer |     array    |
|weight_memcpy_buffer_d0        | out |   32|  ap_memory | weight_memcpy_buffer |     array    |
|t3_V                           |  in |    2|   ap_none  |         t3_V         |    scalar    |
|t4_V                           |  in |    3|   ap_none  |         t4_V         |    scalar    |
|next_t3_0_V_read               |  in |    3|   ap_none  |   next_t3_0_V_read   |    scalar    |
|next_t4_0_V_read               |  in |    3|   ap_none  |   next_t4_0_V_read   |    scalar    |
|ReadLength                     |  in |    8|   ap_none  |      ReadLength      |    scalar    |
|init_enable                    |  in |    1|   ap_none  |      init_enable     |    scalar    |
|enable                         |  in |    1|   ap_none  |        enable        |    scalar    |
+-------------------------------+-----+-----+------------+----------------------+--------------+

