

================================================================
== Vivado HLS Report for 'weight_load_reorg'
================================================================
* Date:           Thu Jul 29 20:17:31 2021

* Version:        2018.2 (Build 2258646 on Thu Jun 14 20:25:20 MDT 2018)
* Project:        Yolo_demo
* Solution:       solution1
* Product family: zynq
* Target device:  xc7z020clg400-1


================================================================
== Performance Estimates
================================================================
+ Timing (ns): 
    * Summary: 
    +--------+-------+----------+------------+
    |  Clock | Target| Estimated| Uncertainty|
    +--------+-------+----------+------------+
    |ap_clk  |  10.00|     8.750|        1.25|
    +--------+-------+----------+------------+

+ Latency (clock cycles): 
    * Summary: 
    +-----+-----+-----+-----+---------+
    |  Latency  |  Interval | Pipeline|
    | min | max | min | max |   Type  |
    +-----+-----+-----+-----+---------+
    |    ?|    ?|    ?|    ?|   none  |
    +-----+-----+-----+-----+---------+

    + Detail: 
        * Instance: 
        +---------------------------------+----------------------+-----+-----+-----+-----+---------+
        |                                 |                      |  Latency  |  Interval | Pipeline|
        |             Instance            |        Module        | min | max | min | max |   Type  |
        +---------------------------------+----------------------+-----+-----+-----+-----+---------+
        |grp_load_weight2buf_ever_fu_433  |load_weight2buf_ever  |    1|  130|    1|  130|   none  |
        |grp_weight_mmcpy_everyKx_fu_701  |weight_mmcpy_everyKx  |    1|  266|    1|  266|   none  |
        +---------------------------------+----------------------+-----+-----+-----+-----+---------+

        * Loop: 
        +-------------+-----+-----+----------+-----------+-----------+-------+----------+
        |             |  Latency  | Iteration|  Initiation Interval  |  Trip |          |
        |  Loop Name  | min | max |  Latency |  achieved |   target  | Count | Pipelined|
        +-------------+-----+-----+----------+-----------+-----------+-------+----------+
        |- Loop 1     |    ?|    ?|   5 ~ ?  |          -|          -|      ?|    no    |
        | + Loop 1.1  |    3|    ?|  3 ~ 268 |          -|          -| 1 ~ ? |    no    |
        +-------------+-----+-----+----------+-----------+-----------+-------+----------+



================================================================
== Utilization Estimates
================================================================
* Summary: 
+-----------------+---------+-------+--------+-------+
|       Name      | BRAM_18K| DSP48E|   FF   |  LUT  |
+-----------------+---------+-------+--------+-------+
|DSP              |        -|      -|       -|      -|
|Expression       |        -|      0|       0|    146|
|FIFO             |        -|      -|       -|      -|
|Instance         |        -|      -|     785|    682|
|Memory           |        2|      -|       0|      0|
|Multiplexer      |        -|      -|       -|   2559|
|Register         |        -|      -|      73|      -|
+-----------------+---------+-------+--------+-------+
|Total            |        2|      0|     858|   3387|
+-----------------+---------+-------+--------+-------+
|Available        |      280|    220|  106400|  53200|
+-----------------+---------+-------+--------+-------+
|Utilization (%)  |    ~0   |      0|   ~0   |      6|
+-----------------+---------+-------+--------+-------+

+ Detail: 
    * Instance: 
    +---------------------------------+----------------------+---------+-------+-----+-----+
    |             Instance            |        Module        | BRAM_18K| DSP48E|  FF | LUT |
    +---------------------------------+----------------------+---------+-------+-----+-----+
    |grp_load_weight2buf_ever_fu_433  |load_weight2buf_ever  |        0|      0|  594|  385|
    |grp_weight_mmcpy_everyKx_fu_701  |weight_mmcpy_everyKx  |        0|      0|  191|  297|
    +---------------------------------+----------------------+---------+-------+-----+-----+
    |Total                            |                      |        0|      0|  785|  682|
    +---------------------------------+----------------------+---------+-------+-----+-----+

    * DSP48: 
    N/A

    * Memory: 
    +--------------------------+----------------------+---------+---+----+------+-----+------+-------------+
    |          Memory          |        Module        | BRAM_18K| FF| LUT| Words| Bits| Banks| W*Bits*Banks|
    +--------------------------+----------------------+---------+---+----+------+-----+------+-------------+
    |weight_memcpy_buffer_U    |weight_load_reorgmb6  |        1|  0|   0|    64|   32|     1|         2048|
    |weight_memcpy_buffer_1_U  |weight_load_reorgmb6  |        1|  0|   0|    64|   32|     1|         2048|
    +--------------------------+----------------------+---------+---+----+------+-----+------+-------------+
    |Total                     |                      |        2|  0|   0|   128|   64|     2|         4096|
    +--------------------------+----------------------+---------+---+----+------+-----+------+-------------+

    * FIFO: 
    N/A

    * Expression: 
    +---------------------------------+----------+-------+---+----+------------+------------+
    |          Variable Name          | Operation| DSP48E| FF| LUT| Bitwidth P0| Bitwidth P1|
    +---------------------------------+----------+-------+---+----+------------+------------+
    |r_V_fu_777_p2                    |     *    |      0|  0|  26|           3|           6|
    |t3_V_fu_813_p2                   |     +    |      0|  0|  10|           2|           1|
    |t4_V_fu_835_p2                   |     +    |      0|  0|  12|           3|           1|
    |tmp_4_fu_787_p2                  |     +    |      0|  0|  12|           1|           3|
    |p_s_fu_855_p2                    |    and   |      0|  0|   2|           1|           1|
    |tmp2_fu_825_p2                   |    and   |      0|  0|   2|           1|           1|
    |tmp3_fu_850_p2                   |    and   |      0|  0|   2|           1|           1|
    |exitcond1_fu_808_p2              |   icmp   |      0|  0|   8|           2|           2|
    |exitcond_fu_830_p2               |   icmp   |      0|  0|   9|           3|           3|
    |grp_fu_722_p2                    |   icmp   |      0|  0|   9|           3|           1|
    |tmp_1_fu_861_p2                  |   icmp   |      0|  0|   9|           3|           3|
    |tmp_5_fu_819_p2                  |   icmp   |      0|  0|   8|           2|           1|
    |tmp_8_fu_844_p2                  |   icmp   |      0|  0|   9|           3|           1|
    |tmp_fu_757_p2                    |   icmp   |      0|  0|  13|          10|           1|
    |tmp_s_fu_763_p2                  |   icmp   |      0|  0|  13|          11|           1|
    |ap_block_state4_on_subcall_done  |    or    |      0|  0|   2|           1|           1|
    +---------------------------------+----------+-------+---+----+------------+------------+
    |Total                            |          |      0|  0| 146|          50|          28|
    +---------------------------------+----------+-------+---+----+------------+------------+

    * Multiplexer: 
    +---------------------------------------------------------+----+-----------+-----+-----------+
    |                           Name                          | LUT| Input Size| Bits| Total Bits|
    +---------------------------------------------------------+----+-----------+-----+-----------+
    |ap_NS_fsm                                                |  27|          5|    1|          5|
    |ap_phi_mux_pingpong_1_be_phi_fu_425_p4                   |  15|          3|    1|          3|
    |grp_load_weight2buf_ever_fu_433_enable                   |  15|          3|    1|          3|
    |grp_load_weight2buf_ever_fu_433_t3_V                     |  15|          3|    3|          9|
    |grp_load_weight2buf_ever_fu_433_t4_V                     |  15|          3|    3|          9|
    |grp_load_weight2buf_ever_fu_433_weight_memcpy_buffer_q0  |  15|          3|   32|         96|
    |grp_weight_mmcpy_everyKx_fu_701_next_t3_0_V_read         |  15|          3|    3|          9|
    |grp_weight_mmcpy_everyKx_fu_701_next_t4_0_V_read         |  15|          3|    3|          9|
    |m_axi_Weight_ARVALID                                     |   9|          2|    1|          2|
    |m_axi_Weight_RREADY                                      |   9|          2|    1|          2|
    |p_0_reg_398                                              |   9|          2|    2|          4|
    |p_1_reg_410                                              |   9|          2|    3|          6|
    |pingpong_fu_336                                          |   9|          2|    1|          2|
    |weight_buffer_0_0_ce0                                    |   9|          2|    1|          2|
    |weight_buffer_0_0_we0                                    |   9|          2|    1|          2|
    |weight_buffer_0_1_ce0                                    |   9|          2|    1|          2|
    |weight_buffer_0_1_we0                                    |   9|          2|    1|          2|
    |weight_buffer_0_2_ce0                                    |   9|          2|    1|          2|
    |weight_buffer_0_2_we0                                    |   9|          2|    1|          2|
    |weight_buffer_0_3_ce0                                    |   9|          2|    1|          2|
    |weight_buffer_0_3_we0                                    |   9|          2|    1|          2|
    |weight_buffer_10_0_ce0                                   |   9|          2|    1|          2|
    |weight_buffer_10_0_we0                                   |   9|          2|    1|          2|
    |weight_buffer_10_1_ce0                                   |   9|          2|    1|          2|
    |weight_buffer_10_1_we0                                   |   9|          2|    1|          2|
    |weight_buffer_10_2_ce0                                   |   9|          2|    1|          2|
    |weight_buffer_10_2_we0                                   |   9|          2|    1|          2|
    |weight_buffer_10_3_ce0                                   |   9|          2|    1|          2|
    |weight_buffer_10_3_we0                                   |   9|          2|    1|          2|
    |weight_buffer_11_0_ce0                                   |   9|          2|    1|          2|
    |weight_buffer_11_0_we0                                   |   9|          2|    1|          2|
    |weight_buffer_11_1_ce0                                   |   9|          2|    1|          2|
    |weight_buffer_11_1_we0                                   |   9|          2|    1|          2|
    |weight_buffer_11_2_ce0                                   |   9|          2|    1|          2|
    |weight_buffer_11_2_we0                                   |   9|          2|    1|          2|
    |weight_buffer_11_3_ce0                                   |   9|          2|    1|          2|
    |weight_buffer_11_3_we0                                   |   9|          2|    1|          2|
    |weight_buffer_12_0_ce0                                   |   9|          2|    1|          2|
    |weight_buffer_12_0_we0                                   |   9|          2|    1|          2|
    |weight_buffer_12_1_ce0                                   |   9|          2|    1|          2|
    |weight_buffer_12_1_we0                                   |   9|          2|    1|          2|
    |weight_buffer_12_2_ce0                                   |   9|          2|    1|          2|
    |weight_buffer_12_2_we0                                   |   9|          2|    1|          2|
    |weight_buffer_12_3_ce0                                   |   9|          2|    1|          2|
    |weight_buffer_12_3_we0                                   |   9|          2|    1|          2|
    |weight_buffer_13_0_ce0                                   |   9|          2|    1|          2|
    |weight_buffer_13_0_we0                                   |   9|          2|    1|          2|
    |weight_buffer_13_1_ce0                                   |   9|          2|    1|          2|
    |weight_buffer_13_1_we0                                   |   9|          2|    1|          2|
    |weight_buffer_13_2_ce0                                   |   9|          2|    1|          2|
    |weight_buffer_13_2_we0                                   |   9|          2|    1|          2|
    |weight_buffer_13_3_ce0                                   |   9|          2|    1|          2|
    |weight_buffer_13_3_we0                                   |   9|          2|    1|          2|
    |weight_buffer_14_0_ce0                                   |   9|          2|    1|          2|
    |weight_buffer_14_0_we0                                   |   9|          2|    1|          2|
    |weight_buffer_14_1_ce0                                   |   9|          2|    1|          2|
    |weight_buffer_14_1_we0                                   |   9|          2|    1|          2|
    |weight_buffer_14_2_ce0                                   |   9|          2|    1|          2|
    |weight_buffer_14_2_we0                                   |   9|          2|    1|          2|
    |weight_buffer_14_3_ce0                                   |   9|          2|    1|          2|
    |weight_buffer_14_3_we0                                   |   9|          2|    1|          2|
    |weight_buffer_15_0_ce0                                   |   9|          2|    1|          2|
    |weight_buffer_15_0_we0                                   |   9|          2|    1|          2|
    |weight_buffer_15_1_ce0                                   |   9|          2|    1|          2|
    |weight_buffer_15_1_we0                                   |   9|          2|    1|          2|
    |weight_buffer_15_2_ce0                                   |   9|          2|    1|          2|
    |weight_buffer_15_2_we0                                   |   9|          2|    1|          2|
    |weight_buffer_15_3_ce0                                   |   9|          2|    1|          2|
    |weight_buffer_15_3_we0                                   |   9|          2|    1|          2|
    |weight_buffer_16_0_ce0                                   |   9|          2|    1|          2|
    |weight_buffer_16_0_we0                                   |   9|          2|    1|          2|
    |weight_buffer_16_1_ce0                                   |   9|          2|    1|          2|
    |weight_buffer_16_1_we0                                   |   9|          2|    1|          2|
    |weight_buffer_16_2_ce0                                   |   9|          2|    1|          2|
    |weight_buffer_16_2_we0                                   |   9|          2|    1|          2|
    |weight_buffer_16_3_ce0                                   |   9|          2|    1|          2|
    |weight_buffer_16_3_we0                                   |   9|          2|    1|          2|
    |weight_buffer_17_0_ce0                                   |   9|          2|    1|          2|
    |weight_buffer_17_0_we0                                   |   9|          2|    1|          2|
    |weight_buffer_17_1_ce0                                   |   9|          2|    1|          2|
    |weight_buffer_17_1_we0                                   |   9|          2|    1|          2|
    |weight_buffer_17_2_ce0                                   |   9|          2|    1|          2|
    |weight_buffer_17_2_we0                                   |   9|          2|    1|          2|
    |weight_buffer_17_3_ce0                                   |   9|          2|    1|          2|
    |weight_buffer_17_3_we0                                   |   9|          2|    1|          2|
    |weight_buffer_18_0_ce0                                   |   9|          2|    1|          2|
    |weight_buffer_18_0_we0                                   |   9|          2|    1|          2|
    |weight_buffer_18_1_ce0                                   |   9|          2|    1|          2|
    |weight_buffer_18_1_we0                                   |   9|          2|    1|          2|
    |weight_buffer_18_2_ce0                                   |   9|          2|    1|          2|
    |weight_buffer_18_2_we0                                   |   9|          2|    1|          2|
    |weight_buffer_18_3_ce0                                   |   9|          2|    1|          2|
    |weight_buffer_18_3_we0                                   |   9|          2|    1|          2|
    |weight_buffer_19_0_ce0                                   |   9|          2|    1|          2|
    |weight_buffer_19_0_we0                                   |   9|          2|    1|          2|
    |weight_buffer_19_1_ce0                                   |   9|          2|    1|          2|
    |weight_buffer_19_1_we0                                   |   9|          2|    1|          2|
    |weight_buffer_19_2_ce0                                   |   9|          2|    1|          2|
    |weight_buffer_19_2_we0                                   |   9|          2|    1|          2|
    |weight_buffer_19_3_ce0                                   |   9|          2|    1|          2|
    |weight_buffer_19_3_we0                                   |   9|          2|    1|          2|
    |weight_buffer_1_0_ce0                                    |   9|          2|    1|          2|
    |weight_buffer_1_0_we0                                    |   9|          2|    1|          2|
    |weight_buffer_1_1_ce0                                    |   9|          2|    1|          2|
    |weight_buffer_1_1_we0                                    |   9|          2|    1|          2|
    |weight_buffer_1_2_ce0                                    |   9|          2|    1|          2|
    |weight_buffer_1_2_we0                                    |   9|          2|    1|          2|
    |weight_buffer_1_3_ce0                                    |   9|          2|    1|          2|
    |weight_buffer_1_3_we0                                    |   9|          2|    1|          2|
    |weight_buffer_20_0_ce0                                   |   9|          2|    1|          2|
    |weight_buffer_20_0_we0                                   |   9|          2|    1|          2|
    |weight_buffer_20_1_ce0                                   |   9|          2|    1|          2|
    |weight_buffer_20_1_we0                                   |   9|          2|    1|          2|
    |weight_buffer_20_2_ce0                                   |   9|          2|    1|          2|
    |weight_buffer_20_2_we0                                   |   9|          2|    1|          2|
    |weight_buffer_20_3_ce0                                   |   9|          2|    1|          2|
    |weight_buffer_20_3_we0                                   |   9|          2|    1|          2|
    |weight_buffer_21_0_ce0                                   |   9|          2|    1|          2|
    |weight_buffer_21_0_we0                                   |   9|          2|    1|          2|
    |weight_buffer_21_1_ce0                                   |   9|          2|    1|          2|
    |weight_buffer_21_1_we0                                   |   9|          2|    1|          2|
    |weight_buffer_21_2_ce0                                   |   9|          2|    1|          2|
    |weight_buffer_21_2_we0                                   |   9|          2|    1|          2|
    |weight_buffer_21_3_ce0                                   |   9|          2|    1|          2|
    |weight_buffer_21_3_we0                                   |   9|          2|    1|          2|
    |weight_buffer_22_0_ce0                                   |   9|          2|    1|          2|
    |weight_buffer_22_0_we0                                   |   9|          2|    1|          2|
    |weight_buffer_22_1_ce0                                   |   9|          2|    1|          2|
    |weight_buffer_22_1_we0                                   |   9|          2|    1|          2|
    |weight_buffer_22_2_ce0                                   |   9|          2|    1|          2|
    |weight_buffer_22_2_we0                                   |   9|          2|    1|          2|
    |weight_buffer_22_3_ce0                                   |   9|          2|    1|          2|
    |weight_buffer_22_3_we0                                   |   9|          2|    1|          2|
    |weight_buffer_23_0_ce0                                   |   9|          2|    1|          2|
    |weight_buffer_23_0_we0                                   |   9|          2|    1|          2|
    |weight_buffer_23_1_ce0                                   |   9|          2|    1|          2|
    |weight_buffer_23_1_we0                                   |   9|          2|    1|          2|
    |weight_buffer_23_2_ce0                                   |   9|          2|    1|          2|
    |weight_buffer_23_2_we0                                   |   9|          2|    1|          2|
    |weight_buffer_23_3_ce0                                   |   9|          2|    1|          2|
    |weight_buffer_23_3_we0                                   |   9|          2|    1|          2|
    |weight_buffer_24_0_ce0                                   |   9|          2|    1|          2|
    |weight_buffer_24_0_we0                                   |   9|          2|    1|          2|
    |weight_buffer_24_1_ce0                                   |   9|          2|    1|          2|
    |weight_buffer_24_1_we0                                   |   9|          2|    1|          2|
    |weight_buffer_24_2_ce0                                   |   9|          2|    1|          2|
    |weight_buffer_24_2_we0                                   |   9|          2|    1|          2|
    |weight_buffer_24_3_ce0                                   |   9|          2|    1|          2|
    |weight_buffer_24_3_we0                                   |   9|          2|    1|          2|
    |weight_buffer_25_0_ce0                                   |   9|          2|    1|          2|
    |weight_buffer_25_0_we0                                   |   9|          2|    1|          2|
    |weight_buffer_25_1_ce0                                   |   9|          2|    1|          2|
    |weight_buffer_25_1_we0                                   |   9|          2|    1|          2|
    |weight_buffer_25_2_ce0                                   |   9|          2|    1|          2|
    |weight_buffer_25_2_we0                                   |   9|          2|    1|          2|
    |weight_buffer_25_3_ce0                                   |   9|          2|    1|          2|
    |weight_buffer_25_3_we0                                   |   9|          2|    1|          2|
    |weight_buffer_26_0_ce0                                   |   9|          2|    1|          2|
    |weight_buffer_26_0_we0                                   |   9|          2|    1|          2|
    |weight_buffer_26_1_ce0                                   |   9|          2|    1|          2|
    |weight_buffer_26_1_we0                                   |   9|          2|    1|          2|
    |weight_buffer_26_2_ce0                                   |   9|          2|    1|          2|
    |weight_buffer_26_2_we0                                   |   9|          2|    1|          2|
    |weight_buffer_26_3_ce0                                   |   9|          2|    1|          2|
    |weight_buffer_26_3_we0                                   |   9|          2|    1|          2|
    |weight_buffer_27_0_ce0                                   |   9|          2|    1|          2|
    |weight_buffer_27_0_we0                                   |   9|          2|    1|          2|
    |weight_buffer_27_1_ce0                                   |   9|          2|    1|          2|
    |weight_buffer_27_1_we0                                   |   9|          2|    1|          2|
    |weight_buffer_27_2_ce0                                   |   9|          2|    1|          2|
    |weight_buffer_27_2_we0                                   |   9|          2|    1|          2|
    |weight_buffer_27_3_ce0                                   |   9|          2|    1|          2|
    |weight_buffer_27_3_we0                                   |   9|          2|    1|          2|
    |weight_buffer_28_0_ce0                                   |   9|          2|    1|          2|
    |weight_buffer_28_0_we0                                   |   9|          2|    1|          2|
    |weight_buffer_28_1_ce0                                   |   9|          2|    1|          2|
    |weight_buffer_28_1_we0                                   |   9|          2|    1|          2|
    |weight_buffer_28_2_ce0                                   |   9|          2|    1|          2|
    |weight_buffer_28_2_we0                                   |   9|          2|    1|          2|
    |weight_buffer_28_3_ce0                                   |   9|          2|    1|          2|
    |weight_buffer_28_3_we0                                   |   9|          2|    1|          2|
    |weight_buffer_29_0_ce0                                   |   9|          2|    1|          2|
    |weight_buffer_29_0_we0                                   |   9|          2|    1|          2|
    |weight_buffer_29_1_ce0                                   |   9|          2|    1|          2|
    |weight_buffer_29_1_we0                                   |   9|          2|    1|          2|
    |weight_buffer_29_2_ce0                                   |   9|          2|    1|          2|
    |weight_buffer_29_2_we0                                   |   9|          2|    1|          2|
    |weight_buffer_29_3_ce0                                   |   9|          2|    1|          2|
    |weight_buffer_29_3_we0                                   |   9|          2|    1|          2|
    |weight_buffer_2_0_ce0                                    |   9|          2|    1|          2|
    |weight_buffer_2_0_we0                                    |   9|          2|    1|          2|
    |weight_buffer_2_1_ce0                                    |   9|          2|    1|          2|
    |weight_buffer_2_1_we0                                    |   9|          2|    1|          2|
    |weight_buffer_2_2_ce0                                    |   9|          2|    1|          2|
    |weight_buffer_2_2_we0                                    |   9|          2|    1|          2|
    |weight_buffer_2_3_ce0                                    |   9|          2|    1|          2|
    |weight_buffer_2_3_we0                                    |   9|          2|    1|          2|
    |weight_buffer_30_0_ce0                                   |   9|          2|    1|          2|
    |weight_buffer_30_0_we0                                   |   9|          2|    1|          2|
    |weight_buffer_30_1_ce0                                   |   9|          2|    1|          2|
    |weight_buffer_30_1_we0                                   |   9|          2|    1|          2|
    |weight_buffer_30_2_ce0                                   |   9|          2|    1|          2|
    |weight_buffer_30_2_we0                                   |   9|          2|    1|          2|
    |weight_buffer_30_3_ce0                                   |   9|          2|    1|          2|
    |weight_buffer_30_3_we0                                   |   9|          2|    1|          2|
    |weight_buffer_31_0_ce0                                   |   9|          2|    1|          2|
    |weight_buffer_31_0_we0                                   |   9|          2|    1|          2|
    |weight_buffer_31_1_ce0                                   |   9|          2|    1|          2|
    |weight_buffer_31_1_we0                                   |   9|          2|    1|          2|
    |weight_buffer_31_2_ce0                                   |   9|          2|    1|          2|
    |weight_buffer_31_2_we0                                   |   9|          2|    1|          2|
    |weight_buffer_31_3_ce0                                   |   9|          2|    1|          2|
    |weight_buffer_31_3_we0                                   |   9|          2|    1|          2|
    |weight_buffer_3_0_ce0                                    |   9|          2|    1|          2|
    |weight_buffer_3_0_we0                                    |   9|          2|    1|          2|
    |weight_buffer_3_1_ce0                                    |   9|          2|    1|          2|
    |weight_buffer_3_1_we0                                    |   9|          2|    1|          2|
    |weight_buffer_3_2_ce0                                    |   9|          2|    1|          2|
    |weight_buffer_3_2_we0                                    |   9|          2|    1|          2|
    |weight_buffer_3_3_ce0                                    |   9|          2|    1|          2|
    |weight_buffer_3_3_we0                                    |   9|          2|    1|          2|
    |weight_buffer_4_0_ce0                                    |   9|          2|    1|          2|
    |weight_buffer_4_0_we0                                    |   9|          2|    1|          2|
    |weight_buffer_4_1_ce0                                    |   9|          2|    1|          2|
    |weight_buffer_4_1_we0                                    |   9|          2|    1|          2|
    |weight_buffer_4_2_ce0                                    |   9|          2|    1|          2|
    |weight_buffer_4_2_we0                                    |   9|          2|    1|          2|
    |weight_buffer_4_3_ce0                                    |   9|          2|    1|          2|
    |weight_buffer_4_3_we0                                    |   9|          2|    1|          2|
    |weight_buffer_5_0_ce0                                    |   9|          2|    1|          2|
    |weight_buffer_5_0_we0                                    |   9|          2|    1|          2|
    |weight_buffer_5_1_ce0                                    |   9|          2|    1|          2|
    |weight_buffer_5_1_we0                                    |   9|          2|    1|          2|
    |weight_buffer_5_2_ce0                                    |   9|          2|    1|          2|
    |weight_buffer_5_2_we0                                    |   9|          2|    1|          2|
    |weight_buffer_5_3_ce0                                    |   9|          2|    1|          2|
    |weight_buffer_5_3_we0                                    |   9|          2|    1|          2|
    |weight_buffer_6_0_ce0                                    |   9|          2|    1|          2|
    |weight_buffer_6_0_we0                                    |   9|          2|    1|          2|
    |weight_buffer_6_1_ce0                                    |   9|          2|    1|          2|
    |weight_buffer_6_1_we0                                    |   9|          2|    1|          2|
    |weight_buffer_6_2_ce0                                    |   9|          2|    1|          2|
    |weight_buffer_6_2_we0                                    |   9|          2|    1|          2|
    |weight_buffer_6_3_ce0                                    |   9|          2|    1|          2|
    |weight_buffer_6_3_we0                                    |   9|          2|    1|          2|
    |weight_buffer_7_0_ce0                                    |   9|          2|    1|          2|
    |weight_buffer_7_0_we0                                    |   9|          2|    1|          2|
    |weight_buffer_7_1_ce0                                    |   9|          2|    1|          2|
    |weight_buffer_7_1_we0                                    |   9|          2|    1|          2|
    |weight_buffer_7_2_ce0                                    |   9|          2|    1|          2|
    |weight_buffer_7_2_we0                                    |   9|          2|    1|          2|
    |weight_buffer_7_3_ce0                                    |   9|          2|    1|          2|
    |weight_buffer_7_3_we0                                    |   9|          2|    1|          2|
    |weight_buffer_8_0_ce0                                    |   9|          2|    1|          2|
    |weight_buffer_8_0_we0                                    |   9|          2|    1|          2|
    |weight_buffer_8_1_ce0                                    |   9|          2|    1|          2|
    |weight_buffer_8_1_we0                                    |   9|          2|    1|          2|
    |weight_buffer_8_2_ce0                                    |   9|          2|    1|          2|
    |weight_buffer_8_2_we0                                    |   9|          2|    1|          2|
    |weight_buffer_8_3_ce0                                    |   9|          2|    1|          2|
    |weight_buffer_8_3_we0                                    |   9|          2|    1|          2|
    |weight_buffer_9_0_ce0                                    |   9|          2|    1|          2|
    |weight_buffer_9_0_we0                                    |   9|          2|    1|          2|
    |weight_buffer_9_1_ce0                                    |   9|          2|    1|          2|
    |weight_buffer_9_1_we0                                    |   9|          2|    1|          2|
    |weight_buffer_9_2_ce0                                    |   9|          2|    1|          2|
    |weight_buffer_9_2_we0                                    |   9|          2|    1|          2|
    |weight_buffer_9_3_ce0                                    |   9|          2|    1|          2|
    |weight_buffer_9_3_we0                                    |   9|          2|    1|          2|
    |weight_memcpy_buffer_1_address0                          |  15|          3|    6|         18|
    |weight_memcpy_buffer_1_ce0                               |  15|          3|    1|          3|
    |weight_memcpy_buffer_1_we0                               |   9|          2|    1|          2|
    |weight_memcpy_buffer_address0                            |  15|          3|    6|         18|
    |weight_memcpy_buffer_ce0                                 |  15|          3|    1|          3|
    |weight_memcpy_buffer_we0                                 |   9|          2|    1|          2|
    +---------------------------------------------------------+----+-----------+-----+-----------+
    |Total                                                    |2559|        564|  327|        717|
    +---------------------------------------------------------+----+-----------+-----+-----------+

    * Register: 
    +----------------------------------------------+---+----+-----+-----------+
    |                     Name                     | FF| LUT| Bits| Const Bits|
    +----------------------------------------------+---+----+-----+-----------+
    |Kernel_size_2b_V_reg_952                      |  2|   0|    2|          0|
    |ReadLength_cast6_reg_987                      |  8|   0|    8|          0|
    |TM_MIN_6b_V_reg_957                           |  6|   0|    6|          0|
    |TN_MIN_3b_V_reg_962                           |  3|   0|    3|          0|
    |ap_CS_fsm                                     |  4|   0|    4|          0|
    |grp_load_weight2buf_ever_fu_433_ap_start_reg  |  1|   0|    1|          0|
    |grp_weight_mmcpy_everyKx_fu_701_ap_start_reg  |  1|   0|    1|          0|
    |next_t31_0_V_1_fu_348                         |  3|   0|    3|          0|
    |next_t31_0_V_1_load_reg_1039                  |  3|   0|    3|          0|
    |next_t3_0_V_1_fu_340                          |  3|   0|    3|          0|
    |next_t3_0_V_1_load_reg_1027                   |  3|   0|    3|          0|
    |next_t41_0_V_1_fu_352                         |  3|   0|    3|          0|
    |next_t41_0_V_1_load_reg_1045                  |  3|   0|    3|          0|
    |next_t4_0_V_1_fu_344                          |  3|   0|    3|          0|
    |next_t4_0_V_1_load_reg_1033                   |  3|   0|    3|          0|
    |p_0_reg_398                                   |  2|   0|    2|          0|
    |p_1_reg_410                                   |  3|   0|    3|          0|
    |p_s_reg_1017                                  |  1|   0|    1|          0|
    |pingpong_fu_336                               |  1|   0|    1|          0|
    |pingpong_load_reg_1013                        |  1|   0|    1|          0|
    |t3_V_reg_995                                  |  2|   0|    2|          0|
    |t4_V_reg_1008                                 |  3|   0|    3|          0|
    |tmp2_reg_1000                                 |  1|   0|    1|          0|
    |tmp_1_reg_1022                                |  1|   0|    1|          0|
    |tmp_2_cast4_reg_977                           |  2|   0|    3|          1|
    |tmp_2_reg_1056                                |  1|   0|    1|          0|
    |tmp_3_reg_1051                                |  1|   0|    1|          0|
    |tmp_4_reg_982                                 |  3|   0|    3|          0|
    |tmp_reg_967                                   |  1|   0|    1|          0|
    |tmp_s_reg_972                                 |  1|   0|    1|          0|
    +----------------------------------------------+---+----+-----+-----------+
    |Total                                         | 73|   0|   74|          1|
    +----------------------------------------------+---+----+-----+-----------+



================================================================
== Interface
================================================================
* Summary: 
+-----------------------------+-----+-----+------------+--------------------+--------------+
|          RTL Ports          | Dir | Bits|  Protocol  |    Source Object   |    C Type    |
+-----------------------------+-----+-----+------------+--------------------+--------------+
|ap_clk                       |  in |    1| ap_ctrl_hs |  weight_load_reorg | return value |
|ap_rst                       |  in |    1| ap_ctrl_hs |  weight_load_reorg | return value |
|ap_start                     |  in |    1| ap_ctrl_hs |  weight_load_reorg | return value |
|ap_done                      | out |    1| ap_ctrl_hs |  weight_load_reorg | return value |
|ap_idle                      | out |    1| ap_ctrl_hs |  weight_load_reorg | return value |
|ap_ready                     | out |    1| ap_ctrl_hs |  weight_load_reorg | return value |
|m_axi_Weight_AWVALID         | out |    1|    m_axi   |       Weight       |    pointer   |
|m_axi_Weight_AWREADY         |  in |    1|    m_axi   |       Weight       |    pointer   |
|m_axi_Weight_AWADDR          | out |   32|    m_axi   |       Weight       |    pointer   |
|m_axi_Weight_AWID            | out |    1|    m_axi   |       Weight       |    pointer   |
|m_axi_Weight_AWLEN           | out |   32|    m_axi   |       Weight       |    pointer   |
|m_axi_Weight_AWSIZE          | out |    3|    m_axi   |       Weight       |    pointer   |
|m_axi_Weight_AWBURST         | out |    2|    m_axi   |       Weight       |    pointer   |
|m_axi_Weight_AWLOCK          | out |    2|    m_axi   |       Weight       |    pointer   |
|m_axi_Weight_AWCACHE         | out |    4|    m_axi   |       Weight       |    pointer   |
|m_axi_Weight_AWPROT          | out |    3|    m_axi   |       Weight       |    pointer   |
|m_axi_Weight_AWQOS           | out |    4|    m_axi   |       Weight       |    pointer   |
|m_axi_Weight_AWREGION        | out |    4|    m_axi   |       Weight       |    pointer   |
|m_axi_Weight_AWUSER          | out |    1|    m_axi   |       Weight       |    pointer   |
|m_axi_Weight_WVALID          | out |    1|    m_axi   |       Weight       |    pointer   |
|m_axi_Weight_WREADY          |  in |    1|    m_axi   |       Weight       |    pointer   |
|m_axi_Weight_WDATA           | out |   32|    m_axi   |       Weight       |    pointer   |
|m_axi_Weight_WSTRB           | out |    4|    m_axi   |       Weight       |    pointer   |
|m_axi_Weight_WLAST           | out |    1|    m_axi   |       Weight       |    pointer   |
|m_axi_Weight_WID             | out |    1|    m_axi   |       Weight       |    pointer   |
|m_axi_Weight_WUSER           | out |    1|    m_axi   |       Weight       |    pointer   |
|m_axi_Weight_ARVALID         | out |    1|    m_axi   |       Weight       |    pointer   |
|m_axi_Weight_ARREADY         |  in |    1|    m_axi   |       Weight       |    pointer   |
|m_axi_Weight_ARADDR          | out |   32|    m_axi   |       Weight       |    pointer   |
|m_axi_Weight_ARID            | out |    1|    m_axi   |       Weight       |    pointer   |
|m_axi_Weight_ARLEN           | out |   32|    m_axi   |       Weight       |    pointer   |
|m_axi_Weight_ARSIZE          | out |    3|    m_axi   |       Weight       |    pointer   |
|m_axi_Weight_ARBURST         | out |    2|    m_axi   |       Weight       |    pointer   |
|m_axi_Weight_ARLOCK          | out |    2|    m_axi   |       Weight       |    pointer   |
|m_axi_Weight_ARCACHE         | out |    4|    m_axi   |       Weight       |    pointer   |
|m_axi_Weight_ARPROT          | out |    3|    m_axi   |       Weight       |    pointer   |
|m_axi_Weight_ARQOS           | out |    4|    m_axi   |       Weight       |    pointer   |
|m_axi_Weight_ARREGION        | out |    4|    m_axi   |       Weight       |    pointer   |
|m_axi_Weight_ARUSER          | out |    1|    m_axi   |       Weight       |    pointer   |
|m_axi_Weight_RVALID          |  in |    1|    m_axi   |       Weight       |    pointer   |
|m_axi_Weight_RREADY          | out |    1|    m_axi   |       Weight       |    pointer   |
|m_axi_Weight_RDATA           |  in |   32|    m_axi   |       Weight       |    pointer   |
|m_axi_Weight_RLAST           |  in |    1|    m_axi   |       Weight       |    pointer   |
|m_axi_Weight_RID             |  in |    1|    m_axi   |       Weight       |    pointer   |
|m_axi_Weight_RUSER           |  in |    1|    m_axi   |       Weight       |    pointer   |
|m_axi_Weight_RRESP           |  in |    2|    m_axi   |       Weight       |    pointer   |
|m_axi_Weight_BVALID          |  in |    1|    m_axi   |       Weight       |    pointer   |
|m_axi_Weight_BREADY          | out |    1|    m_axi   |       Weight       |    pointer   |
|m_axi_Weight_BRESP           |  in |    2|    m_axi   |       Weight       |    pointer   |
|m_axi_Weight_BID             |  in |    1|    m_axi   |       Weight       |    pointer   |
|m_axi_Weight_BUSER           |  in |    1|    m_axi   |       Weight       |    pointer   |
|Weight_offset                |  in |   30|   ap_none  |    Weight_offset   |    scalar    |
|weight_buffer_0_0_address0   | out |    4|  ap_memory |  weight_buffer_0_0 |     array    |
|weight_buffer_0_0_ce0        | out |    1|  ap_memory |  weight_buffer_0_0 |     array    |
|weight_buffer_0_0_we0        | out |    1|  ap_memory |  weight_buffer_0_0 |     array    |
|weight_buffer_0_0_d0         | out |   16|  ap_memory |  weight_buffer_0_0 |     array    |
|weight_buffer_0_1_address0   | out |    4|  ap_memory |  weight_buffer_0_1 |     array    |
|weight_buffer_0_1_ce0        | out |    1|  ap_memory |  weight_buffer_0_1 |     array    |
|weight_buffer_0_1_we0        | out |    1|  ap_memory |  weight_buffer_0_1 |     array    |
|weight_buffer_0_1_d0         | out |   16|  ap_memory |  weight_buffer_0_1 |     array    |
|weight_buffer_0_2_address0   | out |    4|  ap_memory |  weight_buffer_0_2 |     array    |
|weight_buffer_0_2_ce0        | out |    1|  ap_memory |  weight_buffer_0_2 |     array    |
|weight_buffer_0_2_we0        | out |    1|  ap_memory |  weight_buffer_0_2 |     array    |
|weight_buffer_0_2_d0         | out |   16|  ap_memory |  weight_buffer_0_2 |     array    |
|weight_buffer_0_3_address0   | out |    4|  ap_memory |  weight_buffer_0_3 |     array    |
|weight_buffer_0_3_ce0        | out |    1|  ap_memory |  weight_buffer_0_3 |     array    |
|weight_buffer_0_3_we0        | out |    1|  ap_memory |  weight_buffer_0_3 |     array    |
|weight_buffer_0_3_d0         | out |   16|  ap_memory |  weight_buffer_0_3 |     array    |
|weight_buffer_1_0_address0   | out |    4|  ap_memory |  weight_buffer_1_0 |     array    |
|weight_buffer_1_0_ce0        | out |    1|  ap_memory |  weight_buffer_1_0 |     array    |
|weight_buffer_1_0_we0        | out |    1|  ap_memory |  weight_buffer_1_0 |     array    |
|weight_buffer_1_0_d0         | out |   16|  ap_memory |  weight_buffer_1_0 |     array    |
|weight_buffer_1_1_address0   | out |    4|  ap_memory |  weight_buffer_1_1 |     array    |
|weight_buffer_1_1_ce0        | out |    1|  ap_memory |  weight_buffer_1_1 |     array    |
|weight_buffer_1_1_we0        | out |    1|  ap_memory |  weight_buffer_1_1 |     array    |
|weight_buffer_1_1_d0         | out |   16|  ap_memory |  weight_buffer_1_1 |     array    |
|weight_buffer_1_2_address0   | out |    4|  ap_memory |  weight_buffer_1_2 |     array    |
|weight_buffer_1_2_ce0        | out |    1|  ap_memory |  weight_buffer_1_2 |     array    |
|weight_buffer_1_2_we0        | out |    1|  ap_memory |  weight_buffer_1_2 |     array    |
|weight_buffer_1_2_d0         | out |   16|  ap_memory |  weight_buffer_1_2 |     array    |
|weight_buffer_1_3_address0   | out |    4|  ap_memory |  weight_buffer_1_3 |     array    |
|weight_buffer_1_3_ce0        | out |    1|  ap_memory |  weight_buffer_1_3 |     array    |
|weight_buffer_1_3_we0        | out |    1|  ap_memory |  weight_buffer_1_3 |     array    |
|weight_buffer_1_3_d0         | out |   16|  ap_memory |  weight_buffer_1_3 |     array    |
|weight_buffer_2_0_address0   | out |    4|  ap_memory |  weight_buffer_2_0 |     array    |
|weight_buffer_2_0_ce0        | out |    1|  ap_memory |  weight_buffer_2_0 |     array    |
|weight_buffer_2_0_we0        | out |    1|  ap_memory |  weight_buffer_2_0 |     array    |
|weight_buffer_2_0_d0         | out |   16|  ap_memory |  weight_buffer_2_0 |     array    |
|weight_buffer_2_1_address0   | out |    4|  ap_memory |  weight_buffer_2_1 |     array    |
|weight_buffer_2_1_ce0        | out |    1|  ap_memory |  weight_buffer_2_1 |     array    |
|weight_buffer_2_1_we0        | out |    1|  ap_memory |  weight_buffer_2_1 |     array    |
|weight_buffer_2_1_d0         | out |   16|  ap_memory |  weight_buffer_2_1 |     array    |
|weight_buffer_2_2_address0   | out |    4|  ap_memory |  weight_buffer_2_2 |     array    |
|weight_buffer_2_2_ce0        | out |    1|  ap_memory |  weight_buffer_2_2 |     array    |
|weight_buffer_2_2_we0        | out |    1|  ap_memory |  weight_buffer_2_2 |     array    |
|weight_buffer_2_2_d0         | out |   16|  ap_memory |  weight_buffer_2_2 |     array    |
|weight_buffer_2_3_address0   | out |    4|  ap_memory |  weight_buffer_2_3 |     array    |
|weight_buffer_2_3_ce0        | out |    1|  ap_memory |  weight_buffer_2_3 |     array    |
|weight_buffer_2_3_we0        | out |    1|  ap_memory |  weight_buffer_2_3 |     array    |
|weight_buffer_2_3_d0         | out |   16|  ap_memory |  weight_buffer_2_3 |     array    |
|weight_buffer_3_0_address0   | out |    4|  ap_memory |  weight_buffer_3_0 |     array    |
|weight_buffer_3_0_ce0        | out |    1|  ap_memory |  weight_buffer_3_0 |     array    |
|weight_buffer_3_0_we0        | out |    1|  ap_memory |  weight_buffer_3_0 |     array    |
|weight_buffer_3_0_d0         | out |   16|  ap_memory |  weight_buffer_3_0 |     array    |
|weight_buffer_3_1_address0   | out |    4|  ap_memory |  weight_buffer_3_1 |     array    |
|weight_buffer_3_1_ce0        | out |    1|  ap_memory |  weight_buffer_3_1 |     array    |
|weight_buffer_3_1_we0        | out |    1|  ap_memory |  weight_buffer_3_1 |     array    |
|weight_buffer_3_1_d0         | out |   16|  ap_memory |  weight_buffer_3_1 |     array    |
|weight_buffer_3_2_address0   | out |    4|  ap_memory |  weight_buffer_3_2 |     array    |
|weight_buffer_3_2_ce0        | out |    1|  ap_memory |  weight_buffer_3_2 |     array    |
|weight_buffer_3_2_we0        | out |    1|  ap_memory |  weight_buffer_3_2 |     array    |
|weight_buffer_3_2_d0         | out |   16|  ap_memory |  weight_buffer_3_2 |     array    |
|weight_buffer_3_3_address0   | out |    4|  ap_memory |  weight_buffer_3_3 |     array    |
|weight_buffer_3_3_ce0        | out |    1|  ap_memory |  weight_buffer_3_3 |     array    |
|weight_buffer_3_3_we0        | out |    1|  ap_memory |  weight_buffer_3_3 |     array    |
|weight_buffer_3_3_d0         | out |   16|  ap_memory |  weight_buffer_3_3 |     array    |
|weight_buffer_4_0_address0   | out |    4|  ap_memory |  weight_buffer_4_0 |     array    |
|weight_buffer_4_0_ce0        | out |    1|  ap_memory |  weight_buffer_4_0 |     array    |
|weight_buffer_4_0_we0        | out |    1|  ap_memory |  weight_buffer_4_0 |     array    |
|weight_buffer_4_0_d0         | out |   16|  ap_memory |  weight_buffer_4_0 |     array    |
|weight_buffer_4_1_address0   | out |    4|  ap_memory |  weight_buffer_4_1 |     array    |
|weight_buffer_4_1_ce0        | out |    1|  ap_memory |  weight_buffer_4_1 |     array    |
|weight_buffer_4_1_we0        | out |    1|  ap_memory |  weight_buffer_4_1 |     array    |
|weight_buffer_4_1_d0         | out |   16|  ap_memory |  weight_buffer_4_1 |     array    |
|weight_buffer_4_2_address0   | out |    4|  ap_memory |  weight_buffer_4_2 |     array    |
|weight_buffer_4_2_ce0        | out |    1|  ap_memory |  weight_buffer_4_2 |     array    |
|weight_buffer_4_2_we0        | out |    1|  ap_memory |  weight_buffer_4_2 |     array    |
|weight_buffer_4_2_d0         | out |   16|  ap_memory |  weight_buffer_4_2 |     array    |
|weight_buffer_4_3_address0   | out |    4|  ap_memory |  weight_buffer_4_3 |     array    |
|weight_buffer_4_3_ce0        | out |    1|  ap_memory |  weight_buffer_4_3 |     array    |
|weight_buffer_4_3_we0        | out |    1|  ap_memory |  weight_buffer_4_3 |     array    |
|weight_buffer_4_3_d0         | out |   16|  ap_memory |  weight_buffer_4_3 |     array    |
|weight_buffer_5_0_address0   | out |    4|  ap_memory |  weight_buffer_5_0 |     array    |
|weight_buffer_5_0_ce0        | out |    1|  ap_memory |  weight_buffer_5_0 |     array    |
|weight_buffer_5_0_we0        | out |    1|  ap_memory |  weight_buffer_5_0 |     array    |
|weight_buffer_5_0_d0         | out |   16|  ap_memory |  weight_buffer_5_0 |     array    |
|weight_buffer_5_1_address0   | out |    4|  ap_memory |  weight_buffer_5_1 |     array    |
|weight_buffer_5_1_ce0        | out |    1|  ap_memory |  weight_buffer_5_1 |     array    |
|weight_buffer_5_1_we0        | out |    1|  ap_memory |  weight_buffer_5_1 |     array    |
|weight_buffer_5_1_d0         | out |   16|  ap_memory |  weight_buffer_5_1 |     array    |
|weight_buffer_5_2_address0   | out |    4|  ap_memory |  weight_buffer_5_2 |     array    |
|weight_buffer_5_2_ce0        | out |    1|  ap_memory |  weight_buffer_5_2 |     array    |
|weight_buffer_5_2_we0        | out |    1|  ap_memory |  weight_buffer_5_2 |     array    |
|weight_buffer_5_2_d0         | out |   16|  ap_memory |  weight_buffer_5_2 |     array    |
|weight_buffer_5_3_address0   | out |    4|  ap_memory |  weight_buffer_5_3 |     array    |
|weight_buffer_5_3_ce0        | out |    1|  ap_memory |  weight_buffer_5_3 |     array    |
|weight_buffer_5_3_we0        | out |    1|  ap_memory |  weight_buffer_5_3 |     array    |
|weight_buffer_5_3_d0         | out |   16|  ap_memory |  weight_buffer_5_3 |     array    |
|weight_buffer_6_0_address0   | out |    4|  ap_memory |  weight_buffer_6_0 |     array    |
|weight_buffer_6_0_ce0        | out |    1|  ap_memory |  weight_buffer_6_0 |     array    |
|weight_buffer_6_0_we0        | out |    1|  ap_memory |  weight_buffer_6_0 |     array    |
|weight_buffer_6_0_d0         | out |   16|  ap_memory |  weight_buffer_6_0 |     array    |
|weight_buffer_6_1_address0   | out |    4|  ap_memory |  weight_buffer_6_1 |     array    |
|weight_buffer_6_1_ce0        | out |    1|  ap_memory |  weight_buffer_6_1 |     array    |
|weight_buffer_6_1_we0        | out |    1|  ap_memory |  weight_buffer_6_1 |     array    |
|weight_buffer_6_1_d0         | out |   16|  ap_memory |  weight_buffer_6_1 |     array    |
|weight_buffer_6_2_address0   | out |    4|  ap_memory |  weight_buffer_6_2 |     array    |
|weight_buffer_6_2_ce0        | out |    1|  ap_memory |  weight_buffer_6_2 |     array    |
|weight_buffer_6_2_we0        | out |    1|  ap_memory |  weight_buffer_6_2 |     array    |
|weight_buffer_6_2_d0         | out |   16|  ap_memory |  weight_buffer_6_2 |     array    |
|weight_buffer_6_3_address0   | out |    4|  ap_memory |  weight_buffer_6_3 |     array    |
|weight_buffer_6_3_ce0        | out |    1|  ap_memory |  weight_buffer_6_3 |     array    |
|weight_buffer_6_3_we0        | out |    1|  ap_memory |  weight_buffer_6_3 |     array    |
|weight_buffer_6_3_d0         | out |   16|  ap_memory |  weight_buffer_6_3 |     array    |
|weight_buffer_7_0_address0   | out |    4|  ap_memory |  weight_buffer_7_0 |     array    |
|weight_buffer_7_0_ce0        | out |    1|  ap_memory |  weight_buffer_7_0 |     array    |
|weight_buffer_7_0_we0        | out |    1|  ap_memory |  weight_buffer_7_0 |     array    |
|weight_buffer_7_0_d0         | out |   16|  ap_memory |  weight_buffer_7_0 |     array    |
|weight_buffer_7_1_address0   | out |    4|  ap_memory |  weight_buffer_7_1 |     array    |
|weight_buffer_7_1_ce0        | out |    1|  ap_memory |  weight_buffer_7_1 |     array    |
|weight_buffer_7_1_we0        | out |    1|  ap_memory |  weight_buffer_7_1 |     array    |
|weight_buffer_7_1_d0         | out |   16|  ap_memory |  weight_buffer_7_1 |     array    |
|weight_buffer_7_2_address0   | out |    4|  ap_memory |  weight_buffer_7_2 |     array    |
|weight_buffer_7_2_ce0        | out |    1|  ap_memory |  weight_buffer_7_2 |     array    |
|weight_buffer_7_2_we0        | out |    1|  ap_memory |  weight_buffer_7_2 |     array    |
|weight_buffer_7_2_d0         | out |   16|  ap_memory |  weight_buffer_7_2 |     array    |
|weight_buffer_7_3_address0   | out |    4|  ap_memory |  weight_buffer_7_3 |     array    |
|weight_buffer_7_3_ce0        | out |    1|  ap_memory |  weight_buffer_7_3 |     array    |
|weight_buffer_7_3_we0        | out |    1|  ap_memory |  weight_buffer_7_3 |     array    |
|weight_buffer_7_3_d0         | out |   16|  ap_memory |  weight_buffer_7_3 |     array    |
|weight_buffer_8_0_address0   | out |    4|  ap_memory |  weight_buffer_8_0 |     array    |
|weight_buffer_8_0_ce0        | out |    1|  ap_memory |  weight_buffer_8_0 |     array    |
|weight_buffer_8_0_we0        | out |    1|  ap_memory |  weight_buffer_8_0 |     array    |
|weight_buffer_8_0_d0         | out |   16|  ap_memory |  weight_buffer_8_0 |     array    |
|weight_buffer_8_1_address0   | out |    4|  ap_memory |  weight_buffer_8_1 |     array    |
|weight_buffer_8_1_ce0        | out |    1|  ap_memory |  weight_buffer_8_1 |     array    |
|weight_buffer_8_1_we0        | out |    1|  ap_memory |  weight_buffer_8_1 |     array    |
|weight_buffer_8_1_d0         | out |   16|  ap_memory |  weight_buffer_8_1 |     array    |
|weight_buffer_8_2_address0   | out |    4|  ap_memory |  weight_buffer_8_2 |     array    |
|weight_buffer_8_2_ce0        | out |    1|  ap_memory |  weight_buffer_8_2 |     array    |
|weight_buffer_8_2_we0        | out |    1|  ap_memory |  weight_buffer_8_2 |     array    |
|weight_buffer_8_2_d0         | out |   16|  ap_memory |  weight_buffer_8_2 |     array    |
|weight_buffer_8_3_address0   | out |    4|  ap_memory |  weight_buffer_8_3 |     array    |
|weight_buffer_8_3_ce0        | out |    1|  ap_memory |  weight_buffer_8_3 |     array    |
|weight_buffer_8_3_we0        | out |    1|  ap_memory |  weight_buffer_8_3 |     array    |
|weight_buffer_8_3_d0         | out |   16|  ap_memory |  weight_buffer_8_3 |     array    |
|weight_buffer_9_0_address0   | out |    4|  ap_memory |  weight_buffer_9_0 |     array    |
|weight_buffer_9_0_ce0        | out |    1|  ap_memory |  weight_buffer_9_0 |     array    |
|weight_buffer_9_0_we0        | out |    1|  ap_memory |  weight_buffer_9_0 |     array    |
|weight_buffer_9_0_d0         | out |   16|  ap_memory |  weight_buffer_9_0 |     array    |
|weight_buffer_9_1_address0   | out |    4|  ap_memory |  weight_buffer_9_1 |     array    |
|weight_buffer_9_1_ce0        | out |    1|  ap_memory |  weight_buffer_9_1 |     array    |
|weight_buffer_9_1_we0        | out |    1|  ap_memory |  weight_buffer_9_1 |     array    |
|weight_buffer_9_1_d0         | out |   16|  ap_memory |  weight_buffer_9_1 |     array    |
|weight_buffer_9_2_address0   | out |    4|  ap_memory |  weight_buffer_9_2 |     array    |
|weight_buffer_9_2_ce0        | out |    1|  ap_memory |  weight_buffer_9_2 |     array    |
|weight_buffer_9_2_we0        | out |    1|  ap_memory |  weight_buffer_9_2 |     array    |
|weight_buffer_9_2_d0         | out |   16|  ap_memory |  weight_buffer_9_2 |     array    |
|weight_buffer_9_3_address0   | out |    4|  ap_memory |  weight_buffer_9_3 |     array    |
|weight_buffer_9_3_ce0        | out |    1|  ap_memory |  weight_buffer_9_3 |     array    |
|weight_buffer_9_3_we0        | out |    1|  ap_memory |  weight_buffer_9_3 |     array    |
|weight_buffer_9_3_d0         | out |   16|  ap_memory |  weight_buffer_9_3 |     array    |
|weight_buffer_10_0_address0  | out |    4|  ap_memory | weight_buffer_10_0 |     array    |
|weight_buffer_10_0_ce0       | out |    1|  ap_memory | weight_buffer_10_0 |     array    |
|weight_buffer_10_0_we0       | out |    1|  ap_memory | weight_buffer_10_0 |     array    |
|weight_buffer_10_0_d0        | out |   16|  ap_memory | weight_buffer_10_0 |     array    |
|weight_buffer_10_1_address0  | out |    4|  ap_memory | weight_buffer_10_1 |     array    |
|weight_buffer_10_1_ce0       | out |    1|  ap_memory | weight_buffer_10_1 |     array    |
|weight_buffer_10_1_we0       | out |    1|  ap_memory | weight_buffer_10_1 |     array    |
|weight_buffer_10_1_d0        | out |   16|  ap_memory | weight_buffer_10_1 |     array    |
|weight_buffer_10_2_address0  | out |    4|  ap_memory | weight_buffer_10_2 |     array    |
|weight_buffer_10_2_ce0       | out |    1|  ap_memory | weight_buffer_10_2 |     array    |
|weight_buffer_10_2_we0       | out |    1|  ap_memory | weight_buffer_10_2 |     array    |
|weight_buffer_10_2_d0        | out |   16|  ap_memory | weight_buffer_10_2 |     array    |
|weight_buffer_10_3_address0  | out |    4|  ap_memory | weight_buffer_10_3 |     array    |
|weight_buffer_10_3_ce0       | out |    1|  ap_memory | weight_buffer_10_3 |     array    |
|weight_buffer_10_3_we0       | out |    1|  ap_memory | weight_buffer_10_3 |     array    |
|weight_buffer_10_3_d0        | out |   16|  ap_memory | weight_buffer_10_3 |     array    |
|weight_buffer_11_0_address0  | out |    4|  ap_memory | weight_buffer_11_0 |     array    |
|weight_buffer_11_0_ce0       | out |    1|  ap_memory | weight_buffer_11_0 |     array    |
|weight_buffer_11_0_we0       | out |    1|  ap_memory | weight_buffer_11_0 |     array    |
|weight_buffer_11_0_d0        | out |   16|  ap_memory | weight_buffer_11_0 |     array    |
|weight_buffer_11_1_address0  | out |    4|  ap_memory | weight_buffer_11_1 |     array    |
|weight_buffer_11_1_ce0       | out |    1|  ap_memory | weight_buffer_11_1 |     array    |
|weight_buffer_11_1_we0       | out |    1|  ap_memory | weight_buffer_11_1 |     array    |
|weight_buffer_11_1_d0        | out |   16|  ap_memory | weight_buffer_11_1 |     array    |
|weight_buffer_11_2_address0  | out |    4|  ap_memory | weight_buffer_11_2 |     array    |
|weight_buffer_11_2_ce0       | out |    1|  ap_memory | weight_buffer_11_2 |     array    |
|weight_buffer_11_2_we0       | out |    1|  ap_memory | weight_buffer_11_2 |     array    |
|weight_buffer_11_2_d0        | out |   16|  ap_memory | weight_buffer_11_2 |     array    |
|weight_buffer_11_3_address0  | out |    4|  ap_memory | weight_buffer_11_3 |     array    |
|weight_buffer_11_3_ce0       | out |    1|  ap_memory | weight_buffer_11_3 |     array    |
|weight_buffer_11_3_we0       | out |    1|  ap_memory | weight_buffer_11_3 |     array    |
|weight_buffer_11_3_d0        | out |   16|  ap_memory | weight_buffer_11_3 |     array    |
|weight_buffer_12_0_address0  | out |    4|  ap_memory | weight_buffer_12_0 |     array    |
|weight_buffer_12_0_ce0       | out |    1|  ap_memory | weight_buffer_12_0 |     array    |
|weight_buffer_12_0_we0       | out |    1|  ap_memory | weight_buffer_12_0 |     array    |
|weight_buffer_12_0_d0        | out |   16|  ap_memory | weight_buffer_12_0 |     array    |
|weight_buffer_12_1_address0  | out |    4|  ap_memory | weight_buffer_12_1 |     array    |
|weight_buffer_12_1_ce0       | out |    1|  ap_memory | weight_buffer_12_1 |     array    |
|weight_buffer_12_1_we0       | out |    1|  ap_memory | weight_buffer_12_1 |     array    |
|weight_buffer_12_1_d0        | out |   16|  ap_memory | weight_buffer_12_1 |     array    |
|weight_buffer_12_2_address0  | out |    4|  ap_memory | weight_buffer_12_2 |     array    |
|weight_buffer_12_2_ce0       | out |    1|  ap_memory | weight_buffer_12_2 |     array    |
|weight_buffer_12_2_we0       | out |    1|  ap_memory | weight_buffer_12_2 |     array    |
|weight_buffer_12_2_d0        | out |   16|  ap_memory | weight_buffer_12_2 |     array    |
|weight_buffer_12_3_address0  | out |    4|  ap_memory | weight_buffer_12_3 |     array    |
|weight_buffer_12_3_ce0       | out |    1|  ap_memory | weight_buffer_12_3 |     array    |
|weight_buffer_12_3_we0       | out |    1|  ap_memory | weight_buffer_12_3 |     array    |
|weight_buffer_12_3_d0        | out |   16|  ap_memory | weight_buffer_12_3 |     array    |
|weight_buffer_13_0_address0  | out |    4|  ap_memory | weight_buffer_13_0 |     array    |
|weight_buffer_13_0_ce0       | out |    1|  ap_memory | weight_buffer_13_0 |     array    |
|weight_buffer_13_0_we0       | out |    1|  ap_memory | weight_buffer_13_0 |     array    |
|weight_buffer_13_0_d0        | out |   16|  ap_memory | weight_buffer_13_0 |     array    |
|weight_buffer_13_1_address0  | out |    4|  ap_memory | weight_buffer_13_1 |     array    |
|weight_buffer_13_1_ce0       | out |    1|  ap_memory | weight_buffer_13_1 |     array    |
|weight_buffer_13_1_we0       | out |    1|  ap_memory | weight_buffer_13_1 |     array    |
|weight_buffer_13_1_d0        | out |   16|  ap_memory | weight_buffer_13_1 |     array    |
|weight_buffer_13_2_address0  | out |    4|  ap_memory | weight_buffer_13_2 |     array    |
|weight_buffer_13_2_ce0       | out |    1|  ap_memory | weight_buffer_13_2 |     array    |
|weight_buffer_13_2_we0       | out |    1|  ap_memory | weight_buffer_13_2 |     array    |
|weight_buffer_13_2_d0        | out |   16|  ap_memory | weight_buffer_13_2 |     array    |
|weight_buffer_13_3_address0  | out |    4|  ap_memory | weight_buffer_13_3 |     array    |
|weight_buffer_13_3_ce0       | out |    1|  ap_memory | weight_buffer_13_3 |     array    |
|weight_buffer_13_3_we0       | out |    1|  ap_memory | weight_buffer_13_3 |     array    |
|weight_buffer_13_3_d0        | out |   16|  ap_memory | weight_buffer_13_3 |     array    |
|weight_buffer_14_0_address0  | out |    4|  ap_memory | weight_buffer_14_0 |     array    |
|weight_buffer_14_0_ce0       | out |    1|  ap_memory | weight_buffer_14_0 |     array    |
|weight_buffer_14_0_we0       | out |    1|  ap_memory | weight_buffer_14_0 |     array    |
|weight_buffer_14_0_d0        | out |   16|  ap_memory | weight_buffer_14_0 |     array    |
|weight_buffer_14_1_address0  | out |    4|  ap_memory | weight_buffer_14_1 |     array    |
|weight_buffer_14_1_ce0       | out |    1|  ap_memory | weight_buffer_14_1 |     array    |
|weight_buffer_14_1_we0       | out |    1|  ap_memory | weight_buffer_14_1 |     array    |
|weight_buffer_14_1_d0        | out |   16|  ap_memory | weight_buffer_14_1 |     array    |
|weight_buffer_14_2_address0  | out |    4|  ap_memory | weight_buffer_14_2 |     array    |
|weight_buffer_14_2_ce0       | out |    1|  ap_memory | weight_buffer_14_2 |     array    |
|weight_buffer_14_2_we0       | out |    1|  ap_memory | weight_buffer_14_2 |     array    |
|weight_buffer_14_2_d0        | out |   16|  ap_memory | weight_buffer_14_2 |     array    |
|weight_buffer_14_3_address0  | out |    4|  ap_memory | weight_buffer_14_3 |     array    |
|weight_buffer_14_3_ce0       | out |    1|  ap_memory | weight_buffer_14_3 |     array    |
|weight_buffer_14_3_we0       | out |    1|  ap_memory | weight_buffer_14_3 |     array    |
|weight_buffer_14_3_d0        | out |   16|  ap_memory | weight_buffer_14_3 |     array    |
|weight_buffer_15_0_address0  | out |    4|  ap_memory | weight_buffer_15_0 |     array    |
|weight_buffer_15_0_ce0       | out |    1|  ap_memory | weight_buffer_15_0 |     array    |
|weight_buffer_15_0_we0       | out |    1|  ap_memory | weight_buffer_15_0 |     array    |
|weight_buffer_15_0_d0        | out |   16|  ap_memory | weight_buffer_15_0 |     array    |
|weight_buffer_15_1_address0  | out |    4|  ap_memory | weight_buffer_15_1 |     array    |
|weight_buffer_15_1_ce0       | out |    1|  ap_memory | weight_buffer_15_1 |     array    |
|weight_buffer_15_1_we0       | out |    1|  ap_memory | weight_buffer_15_1 |     array    |
|weight_buffer_15_1_d0        | out |   16|  ap_memory | weight_buffer_15_1 |     array    |
|weight_buffer_15_2_address0  | out |    4|  ap_memory | weight_buffer_15_2 |     array    |
|weight_buffer_15_2_ce0       | out |    1|  ap_memory | weight_buffer_15_2 |     array    |
|weight_buffer_15_2_we0       | out |    1|  ap_memory | weight_buffer_15_2 |     array    |
|weight_buffer_15_2_d0        | out |   16|  ap_memory | weight_buffer_15_2 |     array    |
|weight_buffer_15_3_address0  | out |    4|  ap_memory | weight_buffer_15_3 |     array    |
|weight_buffer_15_3_ce0       | out |    1|  ap_memory | weight_buffer_15_3 |     array    |
|weight_buffer_15_3_we0       | out |    1|  ap_memory | weight_buffer_15_3 |     array    |
|weight_buffer_15_3_d0        | out |   16|  ap_memory | weight_buffer_15_3 |     array    |
|weight_buffer_16_0_address0  | out |    4|  ap_memory | weight_buffer_16_0 |     array    |
|weight_buffer_16_0_ce0       | out |    1|  ap_memory | weight_buffer_16_0 |     array    |
|weight_buffer_16_0_we0       | out |    1|  ap_memory | weight_buffer_16_0 |     array    |
|weight_buffer_16_0_d0        | out |   16|  ap_memory | weight_buffer_16_0 |     array    |
|weight_buffer_16_1_address0  | out |    4|  ap_memory | weight_buffer_16_1 |     array    |
|weight_buffer_16_1_ce0       | out |    1|  ap_memory | weight_buffer_16_1 |     array    |
|weight_buffer_16_1_we0       | out |    1|  ap_memory | weight_buffer_16_1 |     array    |
|weight_buffer_16_1_d0        | out |   16|  ap_memory | weight_buffer_16_1 |     array    |
|weight_buffer_16_2_address0  | out |    4|  ap_memory | weight_buffer_16_2 |     array    |
|weight_buffer_16_2_ce0       | out |    1|  ap_memory | weight_buffer_16_2 |     array    |
|weight_buffer_16_2_we0       | out |    1|  ap_memory | weight_buffer_16_2 |     array    |
|weight_buffer_16_2_d0        | out |   16|  ap_memory | weight_buffer_16_2 |     array    |
|weight_buffer_16_3_address0  | out |    4|  ap_memory | weight_buffer_16_3 |     array    |
|weight_buffer_16_3_ce0       | out |    1|  ap_memory | weight_buffer_16_3 |     array    |
|weight_buffer_16_3_we0       | out |    1|  ap_memory | weight_buffer_16_3 |     array    |
|weight_buffer_16_3_d0        | out |   16|  ap_memory | weight_buffer_16_3 |     array    |
|weight_buffer_17_0_address0  | out |    4|  ap_memory | weight_buffer_17_0 |     array    |
|weight_buffer_17_0_ce0       | out |    1|  ap_memory | weight_buffer_17_0 |     array    |
|weight_buffer_17_0_we0       | out |    1|  ap_memory | weight_buffer_17_0 |     array    |
|weight_buffer_17_0_d0        | out |   16|  ap_memory | weight_buffer_17_0 |     array    |
|weight_buffer_17_1_address0  | out |    4|  ap_memory | weight_buffer_17_1 |     array    |
|weight_buffer_17_1_ce0       | out |    1|  ap_memory | weight_buffer_17_1 |     array    |
|weight_buffer_17_1_we0       | out |    1|  ap_memory | weight_buffer_17_1 |     array    |
|weight_buffer_17_1_d0        | out |   16|  ap_memory | weight_buffer_17_1 |     array    |
|weight_buffer_17_2_address0  | out |    4|  ap_memory | weight_buffer_17_2 |     array    |
|weight_buffer_17_2_ce0       | out |    1|  ap_memory | weight_buffer_17_2 |     array    |
|weight_buffer_17_2_we0       | out |    1|  ap_memory | weight_buffer_17_2 |     array    |
|weight_buffer_17_2_d0        | out |   16|  ap_memory | weight_buffer_17_2 |     array    |
|weight_buffer_17_3_address0  | out |    4|  ap_memory | weight_buffer_17_3 |     array    |
|weight_buffer_17_3_ce0       | out |    1|  ap_memory | weight_buffer_17_3 |     array    |
|weight_buffer_17_3_we0       | out |    1|  ap_memory | weight_buffer_17_3 |     array    |
|weight_buffer_17_3_d0        | out |   16|  ap_memory | weight_buffer_17_3 |     array    |
|weight_buffer_18_0_address0  | out |    4|  ap_memory | weight_buffer_18_0 |     array    |
|weight_buffer_18_0_ce0       | out |    1|  ap_memory | weight_buffer_18_0 |     array    |
|weight_buffer_18_0_we0       | out |    1|  ap_memory | weight_buffer_18_0 |     array    |
|weight_buffer_18_0_d0        | out |   16|  ap_memory | weight_buffer_18_0 |     array    |
|weight_buffer_18_1_address0  | out |    4|  ap_memory | weight_buffer_18_1 |     array    |
|weight_buffer_18_1_ce0       | out |    1|  ap_memory | weight_buffer_18_1 |     array    |
|weight_buffer_18_1_we0       | out |    1|  ap_memory | weight_buffer_18_1 |     array    |
|weight_buffer_18_1_d0        | out |   16|  ap_memory | weight_buffer_18_1 |     array    |
|weight_buffer_18_2_address0  | out |    4|  ap_memory | weight_buffer_18_2 |     array    |
|weight_buffer_18_2_ce0       | out |    1|  ap_memory | weight_buffer_18_2 |     array    |
|weight_buffer_18_2_we0       | out |    1|  ap_memory | weight_buffer_18_2 |     array    |
|weight_buffer_18_2_d0        | out |   16|  ap_memory | weight_buffer_18_2 |     array    |
|weight_buffer_18_3_address0  | out |    4|  ap_memory | weight_buffer_18_3 |     array    |
|weight_buffer_18_3_ce0       | out |    1|  ap_memory | weight_buffer_18_3 |     array    |
|weight_buffer_18_3_we0       | out |    1|  ap_memory | weight_buffer_18_3 |     array    |
|weight_buffer_18_3_d0        | out |   16|  ap_memory | weight_buffer_18_3 |     array    |
|weight_buffer_19_0_address0  | out |    4|  ap_memory | weight_buffer_19_0 |     array    |
|weight_buffer_19_0_ce0       | out |    1|  ap_memory | weight_buffer_19_0 |     array    |
|weight_buffer_19_0_we0       | out |    1|  ap_memory | weight_buffer_19_0 |     array    |
|weight_buffer_19_0_d0        | out |   16|  ap_memory | weight_buffer_19_0 |     array    |
|weight_buffer_19_1_address0  | out |    4|  ap_memory | weight_buffer_19_1 |     array    |
|weight_buffer_19_1_ce0       | out |    1|  ap_memory | weight_buffer_19_1 |     array    |
|weight_buffer_19_1_we0       | out |    1|  ap_memory | weight_buffer_19_1 |     array    |
|weight_buffer_19_1_d0        | out |   16|  ap_memory | weight_buffer_19_1 |     array    |
|weight_buffer_19_2_address0  | out |    4|  ap_memory | weight_buffer_19_2 |     array    |
|weight_buffer_19_2_ce0       | out |    1|  ap_memory | weight_buffer_19_2 |     array    |
|weight_buffer_19_2_we0       | out |    1|  ap_memory | weight_buffer_19_2 |     array    |
|weight_buffer_19_2_d0        | out |   16|  ap_memory | weight_buffer_19_2 |     array    |
|weight_buffer_19_3_address0  | out |    4|  ap_memory | weight_buffer_19_3 |     array    |
|weight_buffer_19_3_ce0       | out |    1|  ap_memory | weight_buffer_19_3 |     array    |
|weight_buffer_19_3_we0       | out |    1|  ap_memory | weight_buffer_19_3 |     array    |
|weight_buffer_19_3_d0        | out |   16|  ap_memory | weight_buffer_19_3 |     array    |
|weight_buffer_20_0_address0  | out |    4|  ap_memory | weight_buffer_20_0 |     array    |
|weight_buffer_20_0_ce0       | out |    1|  ap_memory | weight_buffer_20_0 |     array    |
|weight_buffer_20_0_we0       | out |    1|  ap_memory | weight_buffer_20_0 |     array    |
|weight_buffer_20_0_d0        | out |   16|  ap_memory | weight_buffer_20_0 |     array    |
|weight_buffer_20_1_address0  | out |    4|  ap_memory | weight_buffer_20_1 |     array    |
|weight_buffer_20_1_ce0       | out |    1|  ap_memory | weight_buffer_20_1 |     array    |
|weight_buffer_20_1_we0       | out |    1|  ap_memory | weight_buffer_20_1 |     array    |
|weight_buffer_20_1_d0        | out |   16|  ap_memory | weight_buffer_20_1 |     array    |
|weight_buffer_20_2_address0  | out |    4|  ap_memory | weight_buffer_20_2 |     array    |
|weight_buffer_20_2_ce0       | out |    1|  ap_memory | weight_buffer_20_2 |     array    |
|weight_buffer_20_2_we0       | out |    1|  ap_memory | weight_buffer_20_2 |     array    |
|weight_buffer_20_2_d0        | out |   16|  ap_memory | weight_buffer_20_2 |     array    |
|weight_buffer_20_3_address0  | out |    4|  ap_memory | weight_buffer_20_3 |     array    |
|weight_buffer_20_3_ce0       | out |    1|  ap_memory | weight_buffer_20_3 |     array    |
|weight_buffer_20_3_we0       | out |    1|  ap_memory | weight_buffer_20_3 |     array    |
|weight_buffer_20_3_d0        | out |   16|  ap_memory | weight_buffer_20_3 |     array    |
|weight_buffer_21_0_address0  | out |    4|  ap_memory | weight_buffer_21_0 |     array    |
|weight_buffer_21_0_ce0       | out |    1|  ap_memory | weight_buffer_21_0 |     array    |
|weight_buffer_21_0_we0       | out |    1|  ap_memory | weight_buffer_21_0 |     array    |
|weight_buffer_21_0_d0        | out |   16|  ap_memory | weight_buffer_21_0 |     array    |
|weight_buffer_21_1_address0  | out |    4|  ap_memory | weight_buffer_21_1 |     array    |
|weight_buffer_21_1_ce0       | out |    1|  ap_memory | weight_buffer_21_1 |     array    |
|weight_buffer_21_1_we0       | out |    1|  ap_memory | weight_buffer_21_1 |     array    |
|weight_buffer_21_1_d0        | out |   16|  ap_memory | weight_buffer_21_1 |     array    |
|weight_buffer_21_2_address0  | out |    4|  ap_memory | weight_buffer_21_2 |     array    |
|weight_buffer_21_2_ce0       | out |    1|  ap_memory | weight_buffer_21_2 |     array    |
|weight_buffer_21_2_we0       | out |    1|  ap_memory | weight_buffer_21_2 |     array    |
|weight_buffer_21_2_d0        | out |   16|  ap_memory | weight_buffer_21_2 |     array    |
|weight_buffer_21_3_address0  | out |    4|  ap_memory | weight_buffer_21_3 |     array    |
|weight_buffer_21_3_ce0       | out |    1|  ap_memory | weight_buffer_21_3 |     array    |
|weight_buffer_21_3_we0       | out |    1|  ap_memory | weight_buffer_21_3 |     array    |
|weight_buffer_21_3_d0        | out |   16|  ap_memory | weight_buffer_21_3 |     array    |
|weight_buffer_22_0_address0  | out |    4|  ap_memory | weight_buffer_22_0 |     array    |
|weight_buffer_22_0_ce0       | out |    1|  ap_memory | weight_buffer_22_0 |     array    |
|weight_buffer_22_0_we0       | out |    1|  ap_memory | weight_buffer_22_0 |     array    |
|weight_buffer_22_0_d0        | out |   16|  ap_memory | weight_buffer_22_0 |     array    |
|weight_buffer_22_1_address0  | out |    4|  ap_memory | weight_buffer_22_1 |     array    |
|weight_buffer_22_1_ce0       | out |    1|  ap_memory | weight_buffer_22_1 |     array    |
|weight_buffer_22_1_we0       | out |    1|  ap_memory | weight_buffer_22_1 |     array    |
|weight_buffer_22_1_d0        | out |   16|  ap_memory | weight_buffer_22_1 |     array    |
|weight_buffer_22_2_address0  | out |    4|  ap_memory | weight_buffer_22_2 |     array    |
|weight_buffer_22_2_ce0       | out |    1|  ap_memory | weight_buffer_22_2 |     array    |
|weight_buffer_22_2_we0       | out |    1|  ap_memory | weight_buffer_22_2 |     array    |
|weight_buffer_22_2_d0        | out |   16|  ap_memory | weight_buffer_22_2 |     array    |
|weight_buffer_22_3_address0  | out |    4|  ap_memory | weight_buffer_22_3 |     array    |
|weight_buffer_22_3_ce0       | out |    1|  ap_memory | weight_buffer_22_3 |     array    |
|weight_buffer_22_3_we0       | out |    1|  ap_memory | weight_buffer_22_3 |     array    |
|weight_buffer_22_3_d0        | out |   16|  ap_memory | weight_buffer_22_3 |     array    |
|weight_buffer_23_0_address0  | out |    4|  ap_memory | weight_buffer_23_0 |     array    |
|weight_buffer_23_0_ce0       | out |    1|  ap_memory | weight_buffer_23_0 |     array    |
|weight_buffer_23_0_we0       | out |    1|  ap_memory | weight_buffer_23_0 |     array    |
|weight_buffer_23_0_d0        | out |   16|  ap_memory | weight_buffer_23_0 |     array    |
|weight_buffer_23_1_address0  | out |    4|  ap_memory | weight_buffer_23_1 |     array    |
|weight_buffer_23_1_ce0       | out |    1|  ap_memory | weight_buffer_23_1 |     array    |
|weight_buffer_23_1_we0       | out |    1|  ap_memory | weight_buffer_23_1 |     array    |
|weight_buffer_23_1_d0        | out |   16|  ap_memory | weight_buffer_23_1 |     array    |
|weight_buffer_23_2_address0  | out |    4|  ap_memory | weight_buffer_23_2 |     array    |
|weight_buffer_23_2_ce0       | out |    1|  ap_memory | weight_buffer_23_2 |     array    |
|weight_buffer_23_2_we0       | out |    1|  ap_memory | weight_buffer_23_2 |     array    |
|weight_buffer_23_2_d0        | out |   16|  ap_memory | weight_buffer_23_2 |     array    |
|weight_buffer_23_3_address0  | out |    4|  ap_memory | weight_buffer_23_3 |     array    |
|weight_buffer_23_3_ce0       | out |    1|  ap_memory | weight_buffer_23_3 |     array    |
|weight_buffer_23_3_we0       | out |    1|  ap_memory | weight_buffer_23_3 |     array    |
|weight_buffer_23_3_d0        | out |   16|  ap_memory | weight_buffer_23_3 |     array    |
|weight_buffer_24_0_address0  | out |    4|  ap_memory | weight_buffer_24_0 |     array    |
|weight_buffer_24_0_ce0       | out |    1|  ap_memory | weight_buffer_24_0 |     array    |
|weight_buffer_24_0_we0       | out |    1|  ap_memory | weight_buffer_24_0 |     array    |
|weight_buffer_24_0_d0        | out |   16|  ap_memory | weight_buffer_24_0 |     array    |
|weight_buffer_24_1_address0  | out |    4|  ap_memory | weight_buffer_24_1 |     array    |
|weight_buffer_24_1_ce0       | out |    1|  ap_memory | weight_buffer_24_1 |     array    |
|weight_buffer_24_1_we0       | out |    1|  ap_memory | weight_buffer_24_1 |     array    |
|weight_buffer_24_1_d0        | out |   16|  ap_memory | weight_buffer_24_1 |     array    |
|weight_buffer_24_2_address0  | out |    4|  ap_memory | weight_buffer_24_2 |     array    |
|weight_buffer_24_2_ce0       | out |    1|  ap_memory | weight_buffer_24_2 |     array    |
|weight_buffer_24_2_we0       | out |    1|  ap_memory | weight_buffer_24_2 |     array    |
|weight_buffer_24_2_d0        | out |   16|  ap_memory | weight_buffer_24_2 |     array    |
|weight_buffer_24_3_address0  | out |    4|  ap_memory | weight_buffer_24_3 |     array    |
|weight_buffer_24_3_ce0       | out |    1|  ap_memory | weight_buffer_24_3 |     array    |
|weight_buffer_24_3_we0       | out |    1|  ap_memory | weight_buffer_24_3 |     array    |
|weight_buffer_24_3_d0        | out |   16|  ap_memory | weight_buffer_24_3 |     array    |
|weight_buffer_25_0_address0  | out |    4|  ap_memory | weight_buffer_25_0 |     array    |
|weight_buffer_25_0_ce0       | out |    1|  ap_memory | weight_buffer_25_0 |     array    |
|weight_buffer_25_0_we0       | out |    1|  ap_memory | weight_buffer_25_0 |     array    |
|weight_buffer_25_0_d0        | out |   16|  ap_memory | weight_buffer_25_0 |     array    |
|weight_buffer_25_1_address0  | out |    4|  ap_memory | weight_buffer_25_1 |     array    |
|weight_buffer_25_1_ce0       | out |    1|  ap_memory | weight_buffer_25_1 |     array    |
|weight_buffer_25_1_we0       | out |    1|  ap_memory | weight_buffer_25_1 |     array    |
|weight_buffer_25_1_d0        | out |   16|  ap_memory | weight_buffer_25_1 |     array    |
|weight_buffer_25_2_address0  | out |    4|  ap_memory | weight_buffer_25_2 |     array    |
|weight_buffer_25_2_ce0       | out |    1|  ap_memory | weight_buffer_25_2 |     array    |
|weight_buffer_25_2_we0       | out |    1|  ap_memory | weight_buffer_25_2 |     array    |
|weight_buffer_25_2_d0        | out |   16|  ap_memory | weight_buffer_25_2 |     array    |
|weight_buffer_25_3_address0  | out |    4|  ap_memory | weight_buffer_25_3 |     array    |
|weight_buffer_25_3_ce0       | out |    1|  ap_memory | weight_buffer_25_3 |     array    |
|weight_buffer_25_3_we0       | out |    1|  ap_memory | weight_buffer_25_3 |     array    |
|weight_buffer_25_3_d0        | out |   16|  ap_memory | weight_buffer_25_3 |     array    |
|weight_buffer_26_0_address0  | out |    4|  ap_memory | weight_buffer_26_0 |     array    |
|weight_buffer_26_0_ce0       | out |    1|  ap_memory | weight_buffer_26_0 |     array    |
|weight_buffer_26_0_we0       | out |    1|  ap_memory | weight_buffer_26_0 |     array    |
|weight_buffer_26_0_d0        | out |   16|  ap_memory | weight_buffer_26_0 |     array    |
|weight_buffer_26_1_address0  | out |    4|  ap_memory | weight_buffer_26_1 |     array    |
|weight_buffer_26_1_ce0       | out |    1|  ap_memory | weight_buffer_26_1 |     array    |
|weight_buffer_26_1_we0       | out |    1|  ap_memory | weight_buffer_26_1 |     array    |
|weight_buffer_26_1_d0        | out |   16|  ap_memory | weight_buffer_26_1 |     array    |
|weight_buffer_26_2_address0  | out |    4|  ap_memory | weight_buffer_26_2 |     array    |
|weight_buffer_26_2_ce0       | out |    1|  ap_memory | weight_buffer_26_2 |     array    |
|weight_buffer_26_2_we0       | out |    1|  ap_memory | weight_buffer_26_2 |     array    |
|weight_buffer_26_2_d0        | out |   16|  ap_memory | weight_buffer_26_2 |     array    |
|weight_buffer_26_3_address0  | out |    4|  ap_memory | weight_buffer_26_3 |     array    |
|weight_buffer_26_3_ce0       | out |    1|  ap_memory | weight_buffer_26_3 |     array    |
|weight_buffer_26_3_we0       | out |    1|  ap_memory | weight_buffer_26_3 |     array    |
|weight_buffer_26_3_d0        | out |   16|  ap_memory | weight_buffer_26_3 |     array    |
|weight_buffer_27_0_address0  | out |    4|  ap_memory | weight_buffer_27_0 |     array    |
|weight_buffer_27_0_ce0       | out |    1|  ap_memory | weight_buffer_27_0 |     array    |
|weight_buffer_27_0_we0       | out |    1|  ap_memory | weight_buffer_27_0 |     array    |
|weight_buffer_27_0_d0        | out |   16|  ap_memory | weight_buffer_27_0 |     array    |
|weight_buffer_27_1_address0  | out |    4|  ap_memory | weight_buffer_27_1 |     array    |
|weight_buffer_27_1_ce0       | out |    1|  ap_memory | weight_buffer_27_1 |     array    |
|weight_buffer_27_1_we0       | out |    1|  ap_memory | weight_buffer_27_1 |     array    |
|weight_buffer_27_1_d0        | out |   16|  ap_memory | weight_buffer_27_1 |     array    |
|weight_buffer_27_2_address0  | out |    4|  ap_memory | weight_buffer_27_2 |     array    |
|weight_buffer_27_2_ce0       | out |    1|  ap_memory | weight_buffer_27_2 |     array    |
|weight_buffer_27_2_we0       | out |    1|  ap_memory | weight_buffer_27_2 |     array    |
|weight_buffer_27_2_d0        | out |   16|  ap_memory | weight_buffer_27_2 |     array    |
|weight_buffer_27_3_address0  | out |    4|  ap_memory | weight_buffer_27_3 |     array    |
|weight_buffer_27_3_ce0       | out |    1|  ap_memory | weight_buffer_27_3 |     array    |
|weight_buffer_27_3_we0       | out |    1|  ap_memory | weight_buffer_27_3 |     array    |
|weight_buffer_27_3_d0        | out |   16|  ap_memory | weight_buffer_27_3 |     array    |
|weight_buffer_28_0_address0  | out |    4|  ap_memory | weight_buffer_28_0 |     array    |
|weight_buffer_28_0_ce0       | out |    1|  ap_memory | weight_buffer_28_0 |     array    |
|weight_buffer_28_0_we0       | out |    1|  ap_memory | weight_buffer_28_0 |     array    |
|weight_buffer_28_0_d0        | out |   16|  ap_memory | weight_buffer_28_0 |     array    |
|weight_buffer_28_1_address0  | out |    4|  ap_memory | weight_buffer_28_1 |     array    |
|weight_buffer_28_1_ce0       | out |    1|  ap_memory | weight_buffer_28_1 |     array    |
|weight_buffer_28_1_we0       | out |    1|  ap_memory | weight_buffer_28_1 |     array    |
|weight_buffer_28_1_d0        | out |   16|  ap_memory | weight_buffer_28_1 |     array    |
|weight_buffer_28_2_address0  | out |    4|  ap_memory | weight_buffer_28_2 |     array    |
|weight_buffer_28_2_ce0       | out |    1|  ap_memory | weight_buffer_28_2 |     array    |
|weight_buffer_28_2_we0       | out |    1|  ap_memory | weight_buffer_28_2 |     array    |
|weight_buffer_28_2_d0        | out |   16|  ap_memory | weight_buffer_28_2 |     array    |
|weight_buffer_28_3_address0  | out |    4|  ap_memory | weight_buffer_28_3 |     array    |
|weight_buffer_28_3_ce0       | out |    1|  ap_memory | weight_buffer_28_3 |     array    |
|weight_buffer_28_3_we0       | out |    1|  ap_memory | weight_buffer_28_3 |     array    |
|weight_buffer_28_3_d0        | out |   16|  ap_memory | weight_buffer_28_3 |     array    |
|weight_buffer_29_0_address0  | out |    4|  ap_memory | weight_buffer_29_0 |     array    |
|weight_buffer_29_0_ce0       | out |    1|  ap_memory | weight_buffer_29_0 |     array    |
|weight_buffer_29_0_we0       | out |    1|  ap_memory | weight_buffer_29_0 |     array    |
|weight_buffer_29_0_d0        | out |   16|  ap_memory | weight_buffer_29_0 |     array    |
|weight_buffer_29_1_address0  | out |    4|  ap_memory | weight_buffer_29_1 |     array    |
|weight_buffer_29_1_ce0       | out |    1|  ap_memory | weight_buffer_29_1 |     array    |
|weight_buffer_29_1_we0       | out |    1|  ap_memory | weight_buffer_29_1 |     array    |
|weight_buffer_29_1_d0        | out |   16|  ap_memory | weight_buffer_29_1 |     array    |
|weight_buffer_29_2_address0  | out |    4|  ap_memory | weight_buffer_29_2 |     array    |
|weight_buffer_29_2_ce0       | out |    1|  ap_memory | weight_buffer_29_2 |     array    |
|weight_buffer_29_2_we0       | out |    1|  ap_memory | weight_buffer_29_2 |     array    |
|weight_buffer_29_2_d0        | out |   16|  ap_memory | weight_buffer_29_2 |     array    |
|weight_buffer_29_3_address0  | out |    4|  ap_memory | weight_buffer_29_3 |     array    |
|weight_buffer_29_3_ce0       | out |    1|  ap_memory | weight_buffer_29_3 |     array    |
|weight_buffer_29_3_we0       | out |    1|  ap_memory | weight_buffer_29_3 |     array    |
|weight_buffer_29_3_d0        | out |   16|  ap_memory | weight_buffer_29_3 |     array    |
|weight_buffer_30_0_address0  | out |    4|  ap_memory | weight_buffer_30_0 |     array    |
|weight_buffer_30_0_ce0       | out |    1|  ap_memory | weight_buffer_30_0 |     array    |
|weight_buffer_30_0_we0       | out |    1|  ap_memory | weight_buffer_30_0 |     array    |
|weight_buffer_30_0_d0        | out |   16|  ap_memory | weight_buffer_30_0 |     array    |
|weight_buffer_30_1_address0  | out |    4|  ap_memory | weight_buffer_30_1 |     array    |
|weight_buffer_30_1_ce0       | out |    1|  ap_memory | weight_buffer_30_1 |     array    |
|weight_buffer_30_1_we0       | out |    1|  ap_memory | weight_buffer_30_1 |     array    |
|weight_buffer_30_1_d0        | out |   16|  ap_memory | weight_buffer_30_1 |     array    |
|weight_buffer_30_2_address0  | out |    4|  ap_memory | weight_buffer_30_2 |     array    |
|weight_buffer_30_2_ce0       | out |    1|  ap_memory | weight_buffer_30_2 |     array    |
|weight_buffer_30_2_we0       | out |    1|  ap_memory | weight_buffer_30_2 |     array    |
|weight_buffer_30_2_d0        | out |   16|  ap_memory | weight_buffer_30_2 |     array    |
|weight_buffer_30_3_address0  | out |    4|  ap_memory | weight_buffer_30_3 |     array    |
|weight_buffer_30_3_ce0       | out |    1|  ap_memory | weight_buffer_30_3 |     array    |
|weight_buffer_30_3_we0       | out |    1|  ap_memory | weight_buffer_30_3 |     array    |
|weight_buffer_30_3_d0        | out |   16|  ap_memory | weight_buffer_30_3 |     array    |
|weight_buffer_31_0_address0  | out |    4|  ap_memory | weight_buffer_31_0 |     array    |
|weight_buffer_31_0_ce0       | out |    1|  ap_memory | weight_buffer_31_0 |     array    |
|weight_buffer_31_0_we0       | out |    1|  ap_memory | weight_buffer_31_0 |     array    |
|weight_buffer_31_0_d0        | out |   16|  ap_memory | weight_buffer_31_0 |     array    |
|weight_buffer_31_1_address0  | out |    4|  ap_memory | weight_buffer_31_1 |     array    |
|weight_buffer_31_1_ce0       | out |    1|  ap_memory | weight_buffer_31_1 |     array    |
|weight_buffer_31_1_we0       | out |    1|  ap_memory | weight_buffer_31_1 |     array    |
|weight_buffer_31_1_d0        | out |   16|  ap_memory | weight_buffer_31_1 |     array    |
|weight_buffer_31_2_address0  | out |    4|  ap_memory | weight_buffer_31_2 |     array    |
|weight_buffer_31_2_ce0       | out |    1|  ap_memory | weight_buffer_31_2 |     array    |
|weight_buffer_31_2_we0       | out |    1|  ap_memory | weight_buffer_31_2 |     array    |
|weight_buffer_31_2_d0        | out |   16|  ap_memory | weight_buffer_31_2 |     array    |
|weight_buffer_31_3_address0  | out |    4|  ap_memory | weight_buffer_31_3 |     array    |
|weight_buffer_31_3_ce0       | out |    1|  ap_memory | weight_buffer_31_3 |     array    |
|weight_buffer_31_3_we0       | out |    1|  ap_memory | weight_buffer_31_3 |     array    |
|weight_buffer_31_3_d0        | out |   16|  ap_memory | weight_buffer_31_3 |     array    |
|weight_load_enable           |  in |    1|   ap_none  | weight_load_enable |    scalar    |
|m                            |  in |   32|   ap_none  |          m         |    scalar    |
|n                            |  in |   32|   ap_none  |          n         |    scalar    |
|Kernel_size                  |  in |   32|   ap_none  |     Kernel_size    |    scalar    |
|TM_MIN                       |  in |   32|   ap_none  |       TM_MIN       |    scalar    |
|TN_MIN                       |  in |   32|   ap_none  |       TN_MIN       |    scalar    |
+-----------------------------+-----+-----+------------+--------------------+--------------+

